#
# A fatal error has been detected by the Java Runtime Environment:
#
#  EXCEPTION_UNCAUGHT_CXX_EXCEPTION (0xe06d7363) at pc=0x00007ffab3163c58, pid=351816, tid=0x00000000000565d0
#
# JRE version: Java(TM) SE Runtime Environment (8.0_121-b13) (build 1.8.0_121-b13)
# Java VM: Java HotSpot(TM) 64-Bit Server VM (25.121-b13 mixed mode windows-amd64 compressed oops)
# Problematic frame:
# C  [KERNELBASE.dll+0x33c58]
#
# Failed to write core dump. Minidumps are not enabled by default on client versions of Windows
#
# If you would like to submit a bug report, please visit:
#   http://bugreport.java.com/bugreport/crash.jsp
# The crash happened outside the Java Virtual Machine in native code.
# See problematic frame for where to report the bug.
#

---------------  T H R E A D  ---------------

Current thread (0x0000000002873800):  JavaThread "main" [_thread_in_native, id=353744, stack(0x00000000023c0000,0x00000000024c0000)]

siginfo: ExceptionCode=0xe06d7363, ExceptionInformation=0x0000000019930520 0x00000000024aeb00 0x00007ffa97e1cd78 0x00007ffa97bd0000 

Registers:
RAX=0x0000000000000000, RBX=0x00007ffa97e1cd78, RCX=0x0000000000000000, RDX=0x0000000000000000
RSP=0x00000000024ae970, RBP=0x00000000024aeab0, RSI=0x00007ffa8c8dad50, RDI=0x00000000024aeb00
R8 =0x0000000000000000, R9 =0x00000000000000ff, R10=0xffffc2301b9ddaa8, R11=0x0000000000001edf
R12=0x00000000fffffffb, R13=0x0000000000000000, R14=0x00007ffa8c8da760, R15=0x00000000024bed18
RIP=0x00007ffab3163c58, EFLAGS=0x0000000000000206

Top of Stack: (sp=0x00000000024ae970)
0x00000000024ae970:   0000000000000000 00007ffa97e1cd78
0x00000000024ae980:   00007ffa8c8dad50 00000000024aeb00
0x00000000024ae990:   00000001e06d7363 0000000000000000
0x00000000024ae9a0:   00007ffab3163c58 0000000000000004
0x00000000024ae9b0:   0000000019930520 00000000024aeb00
0x00000000024ae9c0:   00007ffa97e1cd78 00007ffa97bd0000
0x00000000024ae9d0:   0000000000000000 00000000fffffffb
0x00000000024ae9e0:   00000000024aeb00 00007ffa8c8dad50
0x00000000024ae9f0:   00000000024aeab0 00007ffab609c28f
0x00000000024aea00:   00000000024aeac0 00007ffa00000000
0x00000000024aea10:   00000000024aeb00 00007ffa9ce6d306
0x00000000024aea20:   00007ffa97e3f000 00007ffa97bd0000
0x00000000024aea30:   000067d56b2334aa 00007ffa9ceec4d0
0x00000000024aea40:   00007ffa97e1cd78 00007ffa9ce6ef63
0x00000000024aea50:   00000000024aeb00 00007ffa9ce3eb8d
0x00000000024aea60:   00007ffa9ceec4d0 00007ffa8c8dad50 

Instructions: (pc=0x00007ffab3163c58)
0x00007ffab3163c38:   49 8b d1 44 0f 47 c0 44 89 44 24 38 49 c1 e0 03
0x00007ffab3163c48:   e8 47 90 04 00 48 8d 4c 24 20 ff 15 c0 44 11 00
0x00007ffab3163c58:   48 8b 8c 24 c0 00 00 00 48 33 cc e8 d8 55 04 00
0x00007ffab3163c68:   48 81 c4 d8 00 00 00 c3 83 64 24 38 00 eb d6 cc 


Register to memory mapping:

RAX=0x0000000000000000 is an unknown value
RBX=0x00007ffa97e1cd78 is an unknown value
RCX=0x0000000000000000 is an unknown value
RDX=0x0000000000000000 is an unknown value
RSP=0x00000000024ae970 is pointing into the stack for thread: 0x0000000002873800
RBP=0x00000000024aeab0 is pointing into the stack for thread: 0x0000000002873800
RSI=0x00007ffa8c8dad50 is an unknown value
RDI=0x00000000024aeb00 is pointing into the stack for thread: 0x0000000002873800
R8 =0x0000000000000000 is an unknown value
R9 =0x00000000000000ff is an unknown value
R10=0xffffc2301b9ddaa8 is an unknown value
R11=0x0000000000001edf is an unknown value
R12=0x00000000fffffffb is an unknown value
R13=0x0000000000000000 is an unknown value
R14=0x00007ffa8c8da760 is an unknown value
R15=0x00000000024bed18 is pointing into the stack for thread: 0x0000000002873800


Stack: [0x00000000023c0000,0x00000000024c0000],  sp=0x00000000024ae970,  free space=954k
Native frames: (J=compiled Java code, j=interpreted, Vv=VM code, C=native code)
C  [KERNELBASE.dll+0x33c58]
C  [msvcr120.dll+0x5ef63]
C  [opencv_core320.dll+0x1a2c34]
C  [opencv_core320.dll+0x1a2d76]
C  [opencv_imgproc320.dll+0xf834c]
C  [jniopencv_imgproc.dll+0x1f719]
C  0x0000000002a57f74

Java frames: (J=compiled Java code, j=interpreted, Vv=VM code)
j  org.bytedeco.javacpp.opencv_imgproc.cvCompareHist(Lorg/bytedeco/javacpp/opencv_core$CvHistogram;Lorg/bytedeco/javacpp/opencv_core$CvHistogram;I)D+0
j  genius.fun.main.ImageProc.histMatch(Lorg/bytedeco/javacpp/opencv_core$CvHistogram;Lorg/bytedeco/javacpp/opencv_core$IplImage;)D+8
j  genius.fun.main.Dto.getUIType(Lorg/bytedeco/javacpp/opencv_core$IplImage;II)I+66
j  genius.fun.action.SingleAction.yyhSelf(I)V+84
j  genius.fun.control.CenterControl.startSingleYYH()V+29
j  genius.fun.main.GeniusMain.main([Ljava/lang/String;)V+7
v  ~StubRoutines::call_stub

---------------  P R O C E S S  ---------------

Java Threads: ( => current thread )
  0x000000001e4d6000 JavaThread "AWT-Shutdown" [_thread_blocked, id=353880, stack(0x0000000023f00000,0x0000000024000000)]
  0x000000001e4d6800 JavaThread "AWT-Windows" daemon [_thread_in_native, id=354036, stack(0x0000000023210000,0x0000000023310000)]
  0x000000001e4d5000 JavaThread "Java2D Disposer" daemon [_thread_blocked, id=354052, stack(0x0000000023010000,0x0000000023110000)]
  0x000000001e219800 JavaThread "JavaCPP Deallocator" daemon [_thread_blocked, id=349580, stack(0x000000001e630000,0x000000001e730000)]
  0x000000001d3bc800 JavaThread "Service Thread" daemon [_thread_blocked, id=353836, stack(0x000000001dc30000,0x000000001dd30000)]
  0x000000001c02a000 JavaThread "C1 CompilerThread2" daemon [_thread_blocked, id=353856, stack(0x000000001db30000,0x000000001dc30000)]
  0x000000001c00d800 JavaThread "C2 CompilerThread1" daemon [_thread_blocked, id=352244, stack(0x000000001da30000,0x000000001db30000)]
  0x000000001c006000 JavaThread "C2 CompilerThread0" daemon [_thread_blocked, id=353812, stack(0x000000001d930000,0x000000001da30000)]
  0x000000001d373800 JavaThread "Attach Listener" daemon [_thread_blocked, id=353788, stack(0x000000001d830000,0x000000001d930000)]
  0x000000001bff3800 JavaThread "Signal Dispatcher" daemon [_thread_blocked, id=353804, stack(0x000000001d730000,0x000000001d830000)]
  0x000000001bfcf000 JavaThread "Finalizer" daemon [_thread_blocked, id=353800, stack(0x000000001d230000,0x000000001d330000)]
  0x0000000002967000 JavaThread "Reference Handler" daemon [_thread_blocked, id=353796, stack(0x000000001d130000,0x000000001d230000)]
=>0x0000000002873800 JavaThread "main" [_thread_in_native, id=353744, stack(0x00000000023c0000,0x00000000024c0000)]

Other Threads:
  0x000000001bfa7800 VMThread [stack: 0x000000001d030000,0x000000001d130000] [id=353840]
  0x000000001d405800 WatcherThread [stack: 0x000000001dd30000,0x000000001de30000] [id=353644]

VM state:not at safepoint (normal execution)

VM Mutex/Monitor currently owned by a thread: None

Heap:
 PSYoungGen      total 75776K, used 41059K [0x000000076b580000, 0x0000000770a00000, 0x00000007c0000000)
  eden space 65024K, 63% used [0x000000076b580000,0x000000076dd98dc8,0x000000076f500000)
  from space 10752K, 0% used [0x000000076ff80000,0x000000076ff80000,0x0000000770a00000)
  to   space 10752K, 0% used [0x000000076f500000,0x000000076f500000,0x000000076ff80000)
 ParOldGen       total 173568K, used 0K [0x00000006c2000000, 0x00000006cc980000, 0x000000076b580000)
  object space 173568K, 0% used [0x00000006c2000000,0x00000006c2000000,0x00000006cc980000)
 Metaspace       used 10249K, capacity 10466K, committed 10752K, reserved 1058816K
  class space    used 1116K, capacity 1185K, committed 1280K, reserved 1048576K

Card table byte_map: [0x0000000011e00000,0x0000000012600000] byte_map_base: 0x000000000e7f0000

Marking Bits: (ParMarkBitMap*) 0x0000000075d9b6d0
 Begin Bits: [0x0000000012f50000, 0x0000000016ed0000)
 End Bits:   [0x0000000016ed0000, 0x000000001ae50000)

Polling page: 0x0000000000c70000

CodeCache: size=245760Kb used=3454Kb max_used=3464Kb free=242305Kb
 bounds [0x0000000002a40000, 0x0000000002db0000, 0x0000000011a40000]
 total_blobs=1270 nmethods=775 adapters=408
 compilation: enabled

Compilation events (10 events):
Event: 6.862 Thread 0x000000001c02a000  771       3       org.bytedeco.javacpp.helper.opencv_core$CvArrArray::position (9 bytes)
Event: 6.862 Thread 0x000000001c02a000 nmethod 771 0x0000000002da2e10 code [0x0000000002da2f80, 0x0000000002da3190]
Event: 6.872 Thread 0x000000001c00d800  772 % !   4       org.bytedeco.javacpp.Pointer::deallocate @ 71 (123 bytes)
Event: 6.873 Thread 0x000000001c00d800 nmethod 772% 0x0000000002d9fb10 code [0x0000000002d9fc60, 0x0000000002d9feb8]
Event: 6.876 Thread 0x000000001c006000  773   !   4       org.bytedeco.javacpp.Pointer::deallocate (123 bytes)
Event: 6.877 Thread 0x000000001c006000 nmethod 773 0x0000000002d9f590 code [0x0000000002d9f6e0, 0x0000000002d9f9b8]
Event: 8.879 Thread 0x000000001c02a000  774       3       java.util.LinkedHashMap$LinkedHashIterator::nextNode (54 bytes)
Event: 8.879 Thread 0x000000001c02a000 nmethod 774 0x0000000002d9ef90 code [0x0000000002d9f120, 0x0000000002d9f438]
Event: 8.879 Thread 0x000000001c02a000  775       3       java.lang.reflect.Modifier::isPublic (12 bytes)
Event: 8.879 Thread 0x000000001c02a000 nmethod 775 0x0000000002da4950 code [0x0000000002da4aa0, 0x0000000002da4c30]

GC Heap History (0 events):
No events

Deoptimization events (4 events):
Event: 0.795 Thread 0x0000000002873800 Uncommon trap: reason=unstable_if action=reinterpret pc=0x0000000002c67978 method=sun.misc.MetaIndex.mayContain(Ljava/lang/String;)Z @ 13
Event: 1.888 Thread 0x0000000002873800 Uncommon trap: reason=unstable_if action=reinterpret pc=0x0000000002c33b88 method=java.lang.String.indexOf([CII[CIII)I @ 3
Event: 2.208 Thread 0x0000000002873800 Uncommon trap: reason=unstable_if action=reinterpret pc=0x0000000002c323d8 method=java.lang.String.startsWith(Ljava/lang/String;I)Z @ 25
Event: 2.248 Thread 0x0000000002873800 Uncommon trap: reason=unstable_if action=reinterpret pc=0x0000000002ce0704 method=sun.misc.MetaIndex.mayContain(Ljava/lang/String;)Z @ 38

Internal exceptions (10 events):
Event: 0.453 Thread 0x0000000002873800 Exception <a 'java/security/PrivilegedActionException'> (0x000000076b8f7e30) thrown at [C:\re\workspace\8-2-build-windows-amd64-cygwin\jdk8u121\8372\hotspot\src\share\vm\prims\jvm.cpp, line 1390]
Event: 0.453 Thread 0x0000000002873800 Exception <a 'java/security/PrivilegedActionException'> (0x000000076b8f8d20) thrown at [C:\re\workspace\8-2-build-windows-amd64-cygwin\jdk8u121\8372\hotspot\src\share\vm\prims\jvm.cpp, line 1390]
Event: 0.453 Thread 0x0000000002873800 Exception <a 'java/security/PrivilegedActionException'> (0x000000076b8f8f30) thrown at [C:\re\workspace\8-2-build-windows-amd64-cygwin\jdk8u121\8372\hotspot\src\share\vm\prims\jvm.cpp, line 1390]
Event: 0.453 Thread 0x0000000002873800 Exception <a 'java/security/PrivilegedActionException'> (0x000000076b8f9e18) thrown at [C:\re\workspace\8-2-build-windows-amd64-cygwin\jdk8u121\8372\hotspot\src\share\vm\prims\jvm.cpp, line 1390]
Event: 0.453 Thread 0x0000000002873800 Exception <a 'java/security/PrivilegedActionException'> (0x000000076b8fa028) thrown at [C:\re\workspace\8-2-build-windows-amd64-cygwin\jdk8u121\8372\hotspot\src\share\vm\prims\jvm.cpp, line 1390]
Event: 2.255 Thread 0x0000000002873800 Exception <a 'java/io/FileNotFoundException'> (0x000000076c2d3418) thrown at [C:\re\workspace\8-2-build-windows-amd64-cygwin\jdk8u121\8372\hotspot\src\share\vm\prims\jni.cpp, line 709]
Event: 2.362 Thread 0x0000000002873800 Exception <a 'java/lang/NoSuchFieldError': method resolution failed> (0x000000076c39fb48) thrown at [C:\re\workspace\8-2-build-windows-amd64-cygwin\jdk8u121\8372\hotspot\src\share\vm\prims\methodHandles.cpp, line 1146]
Event: 2.367 Thread 0x0000000002873800 Exception <a 'java/lang/NoSuchFieldError': method resolution failed> (0x000000076c3ace38) thrown at [C:\re\workspace\8-2-build-windows-amd64-cygwin\jdk8u121\8372\hotspot\src\share\vm\prims\methodHandles.cpp, line 1146]
Event: 2.437 Thread 0x0000000002873800 Exception <a 'java/io/FileNotFoundException'> (0x000000076c434928) thrown at [C:\re\workspace\8-2-build-windows-amd64-cygwin\jdk8u121\8372\hotspot\src\share\vm\prims\jni.cpp, line 709]
Event: 6.877 Thread 0x0000000002873800 Exception <a 'java/lang/NullPointerException'> (0x000000076d680500) thrown at [C:\re\workspace\8-2-build-windows-amd64-cygwin\jdk8u121\8372\hotspot\src\share\vm\interpreter\linkResolver.cpp, line 1178]

Events (10 events):
Event: 6.877 loading class java/lang/Throwable$WrappedPrintStream
Event: 6.877 loading class java/lang/Throwable$PrintStreamOrWriter
Event: 6.877 loading class java/lang/Throwable$PrintStreamOrWriter done
Event: 6.877 loading class java/lang/Throwable$WrappedPrintStream done
Event: 6.877 loading class java/util/IdentityHashMap$KeySet
Event: 6.877 loading class java/util/IdentityHashMap$KeySet done
Event: 7.794 Executing VM operation: RevokeBias
Event: 7.794 Executing VM operation: RevokeBias done
Event: 7.794 Thread 0x000000001e4d6000 Thread exited: 0x000000001e4d6000
Event: 8.879 Thread 0x000000001e4d6000 Thread added: 0x000000001e4d6000


Dynamic libraries:
0x00007ff7b4a10000 - 0x00007ff7b4a47000 	C:\Program Files\Java\jdk1.8.0_121\bin\javaw.exe
0x00007ffab6050000 - 0x00007ffab6222000 	C:\Windows\SYSTEM32\ntdll.dll
0x00007ffab5120000 - 0x00007ffab51cc000 	C:\Windows\System32\KERNEL32.DLL
0x00007ffab3130000 - 0x00007ffab334d000 	C:\Windows\System32\KERNELBASE.dll
0x00007ffab0b40000 - 0x00007ffab0bba000 	C:\Windows\system32\apphelp.dll
0x00007ffab4e90000 - 0x00007ffab4f32000 	C:\Windows\System32\ADVAPI32.dll
0x00007ffab4db0000 - 0x00007ffab4e4e000 	C:\Windows\System32\msvcrt.dll
0x00007ffab5ac0000 - 0x00007ffab5b19000 	C:\Windows\System32\sechost.dll
0x00007ffab35e0000 - 0x00007ffab3701000 	C:\Windows\System32\RPCRT4.dll
0x00007ffab53a0000 - 0x00007ffab5505000 	C:\Windows\System32\USER32.dll
0x00007ffab2c30000 - 0x00007ffab2c4e000 	C:\Windows\System32\win32u.dll
0x00007ffab4e50000 - 0x00007ffab4e84000 	C:\Windows\System32\GDI32.dll
0x00007ffab33c0000 - 0x00007ffab3540000 	C:\Windows\System32\gdi32full.dll
0x00007ffaa41b0000 - 0x00007ffaa442a000 	C:\Windows\WinSxS\amd64_microsoft.windows.common-controls_6595b64144ccf1df_6.0.14393.953_none_42151e83c686086b\COMCTL32.dll
0x00007ffab5c80000 - 0x00007ffab5f48000 	C:\Windows\System32\combase.dll
0x00007ffab2ed0000 - 0x00007ffab2fc5000 	C:\Windows\System32\ucrtbase.dll
0x00007ffab3350000 - 0x00007ffab33ba000 	C:\Windows\System32\bcryptPrimitives.dll
0x00007ffab51d0000 - 0x00007ffab51fe000 	C:\Windows\System32\IMM32.DLL
0x00000000753d0000 - 0x00000000754a2000 	C:\Program Files\Java\jdk1.8.0_121\jre\bin\msvcr100.dll
0x0000000075580000 - 0x0000000075e1b000 	C:\Program Files\Java\jdk1.8.0_121\jre\bin\server\jvm.dll
0x00007ffab4fc0000 - 0x00007ffab4fc8000 	C:\Windows\System32\PSAPI.DLL
0x00007ffab09f0000 - 0x00007ffab0a13000 	C:\Windows\SYSTEM32\WINMM.dll
0x00007ffa9d210000 - 0x00007ffa9d219000 	C:\Windows\SYSTEM32\WSOCK32.dll
0x00007ffab4f50000 - 0x00007ffab4fba000 	C:\Windows\System32\WS2_32.dll
0x00007ffaa91f0000 - 0x00007ffaa91fa000 	C:\Windows\SYSTEM32\VERSION.dll
0x00007ffab09c0000 - 0x00007ffab09eb000 	C:\Windows\SYSTEM32\WINMMBASE.dll
0x00007ffab2cb0000 - 0x00007ffab2cf2000 	C:\Windows\System32\cfgmgr32.dll
0x0000000075570000 - 0x000000007557f000 	C:\Program Files\Java\jdk1.8.0_121\jre\bin\verify.dll
0x0000000075540000 - 0x0000000075569000 	C:\Program Files\Java\jdk1.8.0_121\jre\bin\java.dll
0x0000000075520000 - 0x0000000075536000 	C:\Program Files\Java\jdk1.8.0_121\jre\bin\zip.dll
0x00007ffab3810000 - 0x00007ffab4d18000 	C:\Windows\System32\SHELL32.dll
0x00007ffab2550000 - 0x00007ffab2c28000 	C:\Windows\System32\windows.storage.dll
0x00007ffab2500000 - 0x00007ffab254c000 	C:\Windows\System32\powrprof.dll
0x00007ffab5f50000 - 0x00007ffab5fa2000 	C:\Windows\System32\shlwapi.dll
0x00007ffab24d0000 - 0x00007ffab24df000 	C:\Windows\System32\kernel.appcore.dll
0x00007ffab3080000 - 0x00007ffab3129000 	C:\Windows\System32\shcore.dll
0x00007ffab24e0000 - 0x00007ffab24f4000 	C:\Windows\System32\profapi.dll
0x00007ffa9ce10000 - 0x00007ffa9ceff000 	C:\Users\Lie\.javacpp\cache\opencv-windows-x86_64.jar\org\bytedeco\javacpp\windows-x86_64\msvcr120.dll
0x00007ffa9d400000 - 0x00007ffa9d4a6000 	C:\Users\Lie\.javacpp\cache\opencv-windows-x86_64.jar\org\bytedeco\javacpp\windows-x86_64\msvcp120.dll
0x00007ffa97bd0000 - 0x00007ffa97e58000 	C:\Users\Lie\.javacpp\cache\opencv-windows-x86_64.jar\org\bytedeco\javacpp\windows-x86_64\opencv_core320.dll
0x00007ffa8c6b0000 - 0x00007ffa8ca12000 	C:\Users\Lie\.javacpp\cache\opencv-windows-x86_64.jar\org\bytedeco\javacpp\windows-x86_64\opencv_imgproc320.dll
0x00007ffa9bd60000 - 0x00007ffa9bfaa000 	C:\Users\Lie\.javacpp\cache\opencv-windows-x86_64.jar\org\bytedeco\javacpp\windows-x86_64\jniopencv_core.dll
0x0000000075500000 - 0x000000007551a000 	C:\Program Files\Java\jdk1.8.0_121\jre\bin\net.dll
0x00007ffab1d90000 - 0x00007ffab1dec000 	C:\Windows\system32\mswsock.dll
0x00000000754e0000 - 0x00000000754f1000 	C:\Program Files\Java\jdk1.8.0_121\jre\bin\nio.dll
0x00007ffa9cd20000 - 0x00007ffa9ce10000 	C:\Users\Lie\.javacpp\cache\opencv-windows-x86_64.jar\org\bytedeco\javacpp\windows-x86_64\jniopencv_imgproc.dll
0x00007ffa89be0000 - 0x00007ffa89eaa000 	C:\Users\Lie\.javacpp\cache\opencv-windows-x86_64.jar\org\bytedeco\javacpp\windows-x86_64\opencv_imgcodecs320.dll
0x00007ffaa3370000 - 0x00007ffaa3395000 	C:\Users\Lie\.javacpp\cache\opencv-windows-x86_64.jar\org\bytedeco\javacpp\windows-x86_64\jniopencv_imgcodecs.dll
0x00007ffab1f30000 - 0x00007ffab1f47000 	C:\Windows\SYSTEM32\CRYPTSP.dll
0x00007ffab1990000 - 0x00007ffab19c3000 	C:\Windows\system32\rsaenh.dll
0x00007ffab2400000 - 0x00007ffab242b000 	C:\Windows\SYSTEM32\bcrypt.dll
0x00007ffab1c10000 - 0x00007ffab1c2f000 	C:\Windows\SYSTEM32\USERENV.dll
0x00007ffab1f50000 - 0x00007ffab1f5b000 	C:\Windows\SYSTEM32\CRYPTBASE.dll
0x00007ffab1b10000 - 0x00007ffab1b48000 	C:\Windows\SYSTEM32\IPHLPAPI.DLL
0x00007ffab4f40000 - 0x00007ffab4f48000 	C:\Windows\System32\NSI.dll
0x00007ffaa8da0000 - 0x00007ffaa8db6000 	C:\Windows\SYSTEM32\dhcpcsvc6.DLL
0x00007ffaa8d80000 - 0x00007ffaa8d9a000 	C:\Windows\SYSTEM32\dhcpcsvc.DLL
0x0000000180000000 - 0x0000000180037000 	C:\Users\Lie\AppData\Local\Temp\jna8342722578411914104.dll
0x0000000075230000 - 0x00000000753c8000 	C:\Program Files\Java\jdk1.8.0_121\jre\bin\awt.dll
0x00007ffab5510000 - 0x00007ffab55cf000 	C:\Windows\System32\OLEAUT32.dll
0x00007ffab3540000 - 0x00007ffab35dc000 	C:\Windows\System32\msvcp_win.dll
0x00007ffab0200000 - 0x00007ffab0226000 	C:\Windows\system32\DWMAPI.DLL
0x00007ffab0d20000 - 0x00007ffab0db5000 	C:\Windows\system32\uxtheme.dll
0x00007ffa9abd0000 - 0x00007ffa9acf3000 	C:\Windows\system32\opengl32.dll
0x00007ffa9d230000 - 0x00007ffa9d25d000 	C:\Windows\SYSTEM32\GLU32.dll
0x00007ffa9a400000 - 0x00007ffa9a4f7000 	C:\Windows\SYSTEM32\DDRAW.dll
0x00007ffaa9b30000 - 0x00007ffaa9b38000 	C:\Windows\SYSTEM32\DCIMAN32.dll
0x00007ffab5b20000 - 0x00007ffab5c7a000 	C:\Windows\System32\MSCTF.dll
0x00007ffab4fd0000 - 0x00007ffab5108000 	C:\Windows\System32\ole32.dll
0x00007ffaa9e50000 - 0x00007ffaa9fe2000 	C:\Windows\SYSTEM32\dbghelp.dll

VM Arguments:
jvm_args: -Dfile.encoding=GBK -Xbootclasspath/a:D:\JavaLib\javacv-bin\artoolkitplus.jar;D:\JavaLib\javacv-bin\artoolkitplus-android-arm.jar;D:\JavaLib\javacv-bin\artoolkitplus-android-x86.jar;D:\JavaLib\javacv-bin\artoolkitplus-linux-armhf.jar;D:\JavaLib\javacv-bin\artoolkitplus-linux-ppc64le.jar;D:\JavaLib\javacv-bin\artoolkitplus-linux-x86.jar;D:\JavaLib\javacv-bin\artoolkitplus-linux-x86_64.jar;D:\JavaLib\javacv-bin\artoolkitplus-macosx-x86_64.jar;D:\JavaLib\javacv-bin\artoolkitplus-platform.jar;D:\JavaLib\javacv-bin\artoolkitplus-windows-x86.jar;D:\JavaLib\javacv-bin\artoolkitplus-windows-x86_64.jar;D:\JavaLib\javacv-bin\ffmpeg.jar;D:\JavaLib\javacv-bin\ffmpeg-android-arm.jar;D:\JavaLib\javacv-bin\ffmpeg-android-x86.jar;D:\JavaLib\javacv-bin\ffmpeg-linux-armhf.jar;D:\JavaLib\javacv-bin\ffmpeg-linux-ppc64le.jar;D:\JavaLib\javacv-bin\ffmpeg-linux-x86.jar;D:\JavaLib\javacv-bin\ffmpeg-linux-x86_64.jar;D:\JavaLib\javacv-bin\ffmpeg-macosx-x86_64.jar;D:\JavaLib\javacv-bin\ffmpeg-platform.jar;D:\JavaLib\javacv-bin\ffmpeg-windows-x86.jar;D:\JavaLib\javacv-bin\ffmpeg-windows-x86_64.jar;D:\JavaLib\javacv-bin\flandmark.jar;D:\JavaLib\javacv-bin\flandmark-android-arm.jar;D:\JavaLib\javacv-bin\flandmark-android-x86.jar;D:\JavaLib\javacv-bin\flandmark-linux-armhf.jar;D:\JavaLib\javacv-bin\flandmark-linux-ppc64le.jar;D:\JavaLib\javacv-bin\flandmark-linux-x86.jar;D:\JavaLib\javacv-bin\flandmark-linux-x86_64.jar;D:\JavaLib\javacv-bin\flandmark-macosx-x86_64.jar;D:\JavaLib\javacv-bin\flandmark-platform.jar;D:\JavaLib\javacv-bin\flandmark-windows-x86.jar;D:\JavaLib\javacv-bin\flandmark-windows-x86_64.jar;D:\JavaLib\javacv-bin\flycapture.jar;D:\JavaLib\javacv-bin\flycapture-linux-armhf.jar;D:\JavaLib\javacv-bin\flycapture-linux-x86.jar;D:\JavaLib\javacv-bin\flycapture-linux-x86_64.jar;D:\JavaLib\javacv-bin\flycapture-platform.jar;D:\JavaLib\javacv-bin\flycapture-windows-x86.jar;D:\JavaLib\javacv-bin\flycapture-windows-x86_64.jar;D:\JavaLib\javacv-bin\javacpp.jar;D:\JavaLib\javacv-bin\javacv.jar;D:\JavaLib\javac
java_command: genius.fun.main.GeniusMain
java_class_path (initial): D:\Geniu-s\Game-geniu-s\bin;D:\Geniu-s\Game-geniu-s\lib\jna-3.3.0.jar
Launcher Type: SUN_STANDARD

Environment Variables:
PATH=C:/Program Files/Java/jdk1.8.0_121/bin/../jre/bin/server;C:/Program Files/Java/jdk1.8.0_121/bin/../jre/bin;C:/Program Files/Java/jdk1.8.0_121/bin/../jre/lib/amd64;C:\Windows\system32;C:\Windows;C:\Windows\System32\Wbem;C:\Windows\System32\WindowsPowerShell\v1.0\;C:\Program Files (x86)\NVIDIA Corporation\PhysX\Common;C:\Program Files\Java\jdk1.8.0_121\bin;C:\Program Files\Java\jdk1.8.0_121\lib;C:\Go\bin;C:\Program Files\Git\cmd;C:\Users\Lie\AppData\Local\Microsoft\WindowsApps;C:\Users\Lie\AppData\Local\GitHubDesktop\bin;D:\eclipse;
USERNAME=Lie
OS=Windows_NT
PROCESSOR_IDENTIFIER=Intel64 Family 6 Model 158 Stepping 9, GenuineIntel



---------------  S Y S T E M  ---------------

OS: Windows 10.0 , 64 bit Build 14393 (10.0.14393.1198)

CPU:total 4 (4 cores per cpu, 1 threads per core) family 6 model 158 stepping 9, cmov, cx8, fxsr, mmx, sse, sse2, sse3, ssse3, sse4.1, sse4.2, popcnt, avx, avx2, aes, clmul, erms, 3dnowpref, lzcnt, tsc, tscinvbit, bmi1, bmi2, adx

Memory: 4k page, physical 16642280k(8369260k free), swap 17690856k(6813332k free)

vm_info: Java HotSpot(TM) 64-Bit Server VM (25.121-b13) for windows-amd64 JRE (1.8.0_121-b13), built on Dec 12 2016 18:21:36 by "java_re" with MS VC++ 10.0 (VS2010)

time: Sun Nov 19 17:04:27 2017
elapsed time: 8 seconds (0d 0h 0m 8s)

