#
# A fatal error has been detected by the Java Runtime Environment:
#
#  EXCEPTION_UNCAUGHT_CXX_EXCEPTION (0xe06d7363) at pc=0x00007ffbc13b3c58, pid=213248, tid=0x0000000000034a08
#
# JRE version: Java(TM) SE Runtime Environment (8.0_121-b13) (build 1.8.0_121-b13)
# Java VM: Java HotSpot(TM) 64-Bit Server VM (25.121-b13 mixed mode windows-amd64 compressed oops)
# Problematic frame:
# C  [KERNELBASE.dll+0x33c58]
#
# Failed to write core dump. Minidumps are not enabled by default on client versions of Windows
#
# If you would like to submit a bug report, please visit:
#   http://bugreport.java.com/bugreport/crash.jsp
# The crash happened outside the Java Virtual Machine in native code.
# See problematic frame for where to report the bug.
#

---------------  T H R E A D  ---------------

Current thread (0x000000001eba6000):  JavaThread "Thread-1" [_thread_in_native, id=215560, stack(0x0000000022b10000,0x0000000022c10000)]

siginfo: ExceptionCode=0xe06d7363, ExceptionInformation=0x0000000019930520 0x0000000022bfedb0 0x00007ffb8f37cd78 0x00007ffb8f130000 

Registers:
RAX=0x0000000000000000, RBX=0x00007ffb8f37cd78, RCX=0x0000000000000000, RDX=0x0000000000000000
RSP=0x0000000022bfec20, RBP=0x0000000022bfed60, RSI=0x00007ffb8b6fad50, RDI=0x0000000022bfedb0
R8 =0x0000000000000000, R9 =0x00000000000000ff, R10=0xffffa128ffffcd42, R11=0x000000000000001e
R12=0x00000000fffffffb, R13=0x0000000000000000, R14=0x00007ffb8b6fa760, R15=0x0000000022c0efc8
RIP=0x00007ffbc13b3c58, EFLAGS=0x0000000000000202

Top of Stack: (sp=0x0000000022bfec20)
0x0000000022bfec20:   0000000000000000 00007ffb8f37cd78
0x0000000022bfec30:   00007ffb8b6fad50 0000000022bfedb0
0x0000000022bfec40:   00000001e06d7363 0000000000000000
0x0000000022bfec50:   00007ffbc13b3c58 0000000000000004
0x0000000022bfec60:   0000000019930520 0000000022bfedb0
0x0000000022bfec70:   00007ffb8f37cd78 00007ffb8f130000
0x0000000022bfec80:   0000000000000000 00000000fffffffb
0x0000000022bfec90:   0000000022bfedb0 00007ffb8b6fad50
0x0000000022bfeca0:   0000000022bfed60 00007ffbc4adc28f
0x0000000022bfecb0:   0000000022bfed70 00007ffb00000000
0x0000000022bfecc0:   0000000022bfedb0 00007ffb9a0cd306
0x0000000022bfecd0:   00007ffb8f39f000 00007ffb8f130000
0x0000000022bfece0:   00002611bd60ac2e 00007ffb9a14c4d0
0x0000000022bfecf0:   00007ffb8f37cd78 00007ffb9a0cef63
0x0000000022bfed00:   0000000022bfedb0 00007ffb9a09eb8d
0x0000000022bfed10:   00007ffb9a14c4d0 00007ffb8b6fad50 

Instructions: (pc=0x00007ffbc13b3c58)
0x00007ffbc13b3c38:   49 8b d1 44 0f 47 c0 44 89 44 24 38 49 c1 e0 03
0x00007ffbc13b3c48:   e8 47 90 04 00 48 8d 4c 24 20 ff 15 c0 44 11 00
0x00007ffbc13b3c58:   48 8b 8c 24 c0 00 00 00 48 33 cc e8 d8 55 04 00
0x00007ffbc13b3c68:   48 81 c4 d8 00 00 00 c3 83 64 24 38 00 eb d6 cc 


Register to memory mapping:

RAX=0x0000000000000000 is an unknown value
RBX=0x00007ffb8f37cd78 is an unknown value
RCX=0x0000000000000000 is an unknown value
RDX=0x0000000000000000 is an unknown value
RSP=0x0000000022bfec20 is pointing into the stack for thread: 0x000000001eba6000
RBP=0x0000000022bfed60 is pointing into the stack for thread: 0x000000001eba6000
RSI=0x00007ffb8b6fad50 is an unknown value
RDI=0x0000000022bfedb0 is pointing into the stack for thread: 0x000000001eba6000
R8 =0x0000000000000000 is an unknown value
R9 =0x00000000000000ff is an unknown value
R10=0xffffa128ffffcd42 is an unknown value
R11=0x000000000000001e is an unknown value
R12=0x00000000fffffffb is an unknown value
R13=0x0000000000000000 is an unknown value
R14=0x00007ffb8b6fa760 is an unknown value
R15=0x0000000022c0efc8 is pointing into the stack for thread: 0x000000001eba6000


Stack: [0x0000000022b10000,0x0000000022c10000],  sp=0x0000000022bfec20,  free space=955k
Native frames: (J=compiled Java code, j=interpreted, Vv=VM code, C=native code)
C  [KERNELBASE.dll+0x33c58]
C  [msvcr120.dll+0x5ef63]
C  [opencv_core320.dll+0x1a2c34]
C  [opencv_core320.dll+0x1a2d76]
C  [opencv_imgproc320.dll+0xf834c]
C  [jniopencv_imgproc.dll+0x1f719]
C  0x00000000034f7f74

Java frames: (J=compiled Java code, j=interpreted, Vv=VM code)
j  org.bytedeco.javacpp.opencv_imgproc.cvCompareHist(Lorg/bytedeco/javacpp/opencv_core$CvHistogram;Lorg/bytedeco/javacpp/opencv_core$CvHistogram;I)D+0
j  genius.fun.main.ImageProc.histMatch(Lorg/bytedeco/javacpp/opencv_core$CvHistogram;Lorg/bytedeco/javacpp/opencv_core$IplImage;)D+8
j  genius.fun.main.DtoP2.getUIType(Lorg/bytedeco/javacpp/opencv_core$IplImage;)I+41
j  genius.fun.action.TeamAction.p2Action(I)V+67
j  genius.fun.control.CenterControl$P2Thread.run()V+35
v  ~StubRoutines::call_stub

---------------  P R O C E S S  ---------------

Java Threads: ( => current thread )
  0x000000001f53f800 JavaThread "AWT-Windows" daemon [_thread_in_native, id=117076, stack(0x00000000231a0000,0x00000000232a0000)]
  0x000000001f53e800 JavaThread "AWT-Shutdown" [_thread_blocked, id=141472, stack(0x00000000230a0000,0x00000000231a0000)]
  0x000000001f53e000 JavaThread "Java2D Disposer" daemon [_thread_blocked, id=72676, stack(0x0000000022f30000,0x0000000023030000)]
  0x00000000033e3800 JavaThread "DestroyJavaVM" [_thread_blocked, id=184084, stack(0x00000000032e0000,0x00000000033e0000)]
=>0x000000001eba6000 JavaThread "Thread-1" [_thread_in_native, id=215560, stack(0x0000000022b10000,0x0000000022c10000)]
  0x000000001eba5000 JavaThread "Thread-0" [_thread_in_native, id=214028, stack(0x0000000022a10000,0x0000000022b10000)]
  0x000000001ed2f000 JavaThread "JavaCPP Deallocator" daemon [_thread_blocked, id=216368, stack(0x0000000020190000,0x0000000020290000)]
  0x000000001df08000 JavaThread "Service Thread" daemon [_thread_blocked, id=213160, stack(0x000000001e7a0000,0x000000001e8a0000)]
  0x000000001df02000 JavaThread "C1 CompilerThread2" daemon [_thread_blocked, id=216020, stack(0x000000001e6a0000,0x000000001e7a0000)]
  0x000000001defe000 JavaThread "C2 CompilerThread1" daemon [_thread_blocked, id=215200, stack(0x000000001e5a0000,0x000000001e6a0000)]
  0x000000001caf7000 JavaThread "C2 CompilerThread0" daemon [_thread_blocked, id=215424, stack(0x000000001e4a0000,0x000000001e5a0000)]
  0x000000001dee3800 JavaThread "Attach Listener" daemon [_thread_blocked, id=215640, stack(0x000000001e3a0000,0x000000001e4a0000)]
  0x000000001cae5000 JavaThread "Signal Dispatcher" daemon [_thread_blocked, id=215328, stack(0x000000001e2a0000,0x000000001e3a0000)]
  0x00000000034de800 JavaThread "Finalizer" daemon [_thread_blocked, id=216076, stack(0x000000001dd30000,0x000000001de30000)]
  0x00000000034d9000 JavaThread "Reference Handler" daemon [_thread_blocked, id=217060, stack(0x000000001dc30000,0x000000001dd30000)]

Other Threads:
  0x000000001ca98000 VMThread [stack: 0x000000001db30000,0x000000001dc30000] [id=213996]
  0x000000001df5d000 WatcherThread [stack: 0x000000001e8a0000,0x000000001e9a0000] [id=116312]

VM state:not at safepoint (normal execution)

VM Mutex/Monitor currently owned by a thread: None

Heap:
 PSYoungGen      total 75776K, used 30260K [0x000000076b580000, 0x0000000770a00000, 0x00000007c0000000)
  eden space 65024K, 46% used [0x000000076b580000,0x000000076d30d370,0x000000076f500000)
  from space 10752K, 0% used [0x000000076ff80000,0x000000076ff80000,0x0000000770a00000)
  to   space 10752K, 0% used [0x000000076f500000,0x000000076f500000,0x000000076ff80000)
 ParOldGen       total 173568K, used 0K [0x00000006c2000000, 0x00000006cc980000, 0x000000076b580000)
  object space 173568K, 0% used [0x00000006c2000000,0x00000006c2000000,0x00000006cc980000)
 Metaspace       used 10196K, capacity 10402K, committed 10752K, reserved 1058816K
  class space    used 1112K, capacity 1185K, committed 1280K, reserved 1048576K

Card table byte_map: [0x00000000128a0000,0x00000000130a0000] byte_map_base: 0x000000000f290000

Marking Bits: (ParMarkBitMap*) 0x000000007376b6d0
 Begin Bits: [0x00000000139f0000, 0x0000000017970000)
 End Bits:   [0x0000000017970000, 0x000000001b8f0000)

Polling page: 0x0000000001370000

CodeCache: size=245760Kb used=3307Kb max_used=3314Kb free=242452Kb
 bounds [0x00000000034e0000, 0x0000000003820000, 0x00000000124e0000]
 total_blobs=1241 nmethods=746 adapters=408
 compilation: enabled

Compilation events (10 events):
Event: 2.054 Thread 0x000000001df02000  736       3       java.io.RandomAccessFile::readFully (45 bytes)
Event: 2.054 Thread 0x000000001df02000 nmethod 736 0x0000000003814110 code [0x00000000038142a0, 0x0000000003814638]
Event: 2.114 Thread 0x000000001caf7000 nmethod 701 0x0000000003819390 code [0x00000000038196e0, 0x000000000381be90]
Event: 2.119 Thread 0x000000001df02000  738       1       java.nio.Buffer::limit (5 bytes)
Event: 2.119 Thread 0x000000001df02000 nmethod 738 0x0000000003813a90 code [0x0000000003813be0, 0x0000000003813cf0]
Event: 2.120 Thread 0x000000001df02000  739       3       java.util.Hashtable$Enumerator::next (27 bytes)
Event: 2.120 Thread 0x000000001df02000 nmethod 739 0x0000000003813550 code [0x00000000038136e0, 0x0000000003813958]
Event: 2.121 Thread 0x000000001df02000  740       3       java.util.Hashtable$Enumerator::hasMoreElements (53 bytes)
Event: 2.121 Thread 0x000000001df02000 nmethod 740 0x0000000003812fd0 code [0x0000000003813140, 0x0000000003813430]
Event: 2.132 Thread 0x000000001defe000  741       4       java.util.ArrayList$Itr::hasNext (20 bytes)

GC Heap History (0 events):
No events

Deoptimization events (4 events):
Event: 0.946 Thread 0x00000000033e3800 Uncommon trap: reason=unstable_if action=reinterpret pc=0x0000000003702978 method=sun.misc.MetaIndex.mayContain(Ljava/lang/String;)Z @ 13
Event: 1.493 Thread 0x000000001eba5000 Uncommon trap: reason=unstable_if action=reinterpret pc=0x00000000036e2048 method=java.lang.String.indexOf([CII[CIII)I @ 3
Event: 1.746 Thread 0x000000001eba5000 Uncommon trap: reason=unstable_if action=reinterpret pc=0x00000000036e9498 method=java.lang.String.startsWith(Ljava/lang/String;I)Z @ 25
Event: 1.775 Thread 0x000000001eba5000 Uncommon trap: reason=unstable_if action=reinterpret pc=0x000000000377a77c method=sun.misc.MetaIndex.mayContain(Ljava/lang/String;)Z @ 38

Internal exceptions (10 events):
Event: 0.451 Thread 0x00000000033e3800 Exception <a 'java/security/PrivilegedActionException'> (0x000000076b8f6cf8) thrown at [C:\re\workspace\8-2-build-windows-amd64-cygwin\jdk8u121\8372\hotspot\src\share\vm\prims\jvm.cpp, line 1390]
Event: 0.451 Thread 0x00000000033e3800 Exception <a 'java/security/PrivilegedActionException'> (0x000000076b8f6f08) thrown at [C:\re\workspace\8-2-build-windows-amd64-cygwin\jdk8u121\8372\hotspot\src\share\vm\prims\jvm.cpp, line 1390]
Event: 0.451 Thread 0x00000000033e3800 Exception <a 'java/security/PrivilegedActionException'> (0x000000076b8f7df8) thrown at [C:\re\workspace\8-2-build-windows-amd64-cygwin\jdk8u121\8372\hotspot\src\share\vm\prims\jvm.cpp, line 1390]
Event: 0.451 Thread 0x00000000033e3800 Exception <a 'java/security/PrivilegedActionException'> (0x000000076b8f8008) thrown at [C:\re\workspace\8-2-build-windows-amd64-cygwin\jdk8u121\8372\hotspot\src\share\vm\prims\jvm.cpp, line 1390]
Event: 0.451 Thread 0x00000000033e3800 Exception <a 'java/security/PrivilegedActionException'> (0x000000076b8f8ef0) thrown at [C:\re\workspace\8-2-build-windows-amd64-cygwin\jdk8u121\8372\hotspot\src\share\vm\prims\jvm.cpp, line 1390]
Event: 0.451 Thread 0x00000000033e3800 Exception <a 'java/security/PrivilegedActionException'> (0x000000076b8f9100) thrown at [C:\re\workspace\8-2-build-windows-amd64-cygwin\jdk8u121\8372\hotspot\src\share\vm\prims\jvm.cpp, line 1390]
Event: 1.787 Thread 0x000000001eba5000 Exception <a 'java/io/FileNotFoundException'> (0x000000076c50d5f0) thrown at [C:\re\workspace\8-2-build-windows-amd64-cygwin\jdk8u121\8372\hotspot\src\share\vm\prims\jni.cpp, line 709]
Event: 1.844 Thread 0x000000001eba5000 Exception <a 'java/lang/NoSuchFieldError': method resolution failed> (0x000000076c5d9c78) thrown at [C:\re\workspace\8-2-build-windows-amd64-cygwin\jdk8u121\8372\hotspot\src\share\vm\prims\methodHandles.cpp, line 1146]
Event: 1.850 Thread 0x000000001eba5000 Exception <a 'java/lang/NoSuchFieldError': method resolution failed> (0x000000076c5e6f98) thrown at [C:\re\workspace\8-2-build-windows-amd64-cygwin\jdk8u121\8372\hotspot\src\share\vm\prims\methodHandles.cpp, line 1146]
Event: 1.901 Thread 0x000000001eba6000 Exception <a 'java/io/FileNotFoundException'> (0x000000076c3bcc00) thrown at [C:\re\workspace\8-2-build-windows-amd64-cygwin\jdk8u121\8372\hotspot\src\share\vm\prims\jni.cpp, line 709]

Events (10 events):
Event: 2.027 Thread 0x000000001eba6000 DEOPT PACKING pc=0x00000000037ed429 sp=0x0000000022c0efd0
Event: 2.027 Thread 0x000000001eba6000 DEOPT UNPACKING pc=0x000000000352787f sp=0x0000000022c0ed30 mode 0
Event: 2.030 Thread 0x000000001eba6000 DEOPT PACKING pc=0x00000000037ed429 sp=0x0000000022c0efd0
Event: 2.030 Thread 0x000000001eba6000 DEOPT UNPACKING pc=0x000000000352787f sp=0x0000000022c0ed30 mode 0
Event: 2.032 Thread 0x000000001eba6000 DEOPT PACKING pc=0x00000000037ed429 sp=0x0000000022c0efd0
Event: 2.032 Thread 0x000000001eba6000 DEOPT UNPACKING pc=0x000000000352787f sp=0x0000000022c0ed30 mode 0
Event: 2.032 Thread 0x000000001eba6000 DEOPT PACKING pc=0x00000000037ed429 sp=0x0000000022c0efd0
Event: 2.032 Thread 0x000000001eba6000 DEOPT UNPACKING pc=0x000000000352787f sp=0x0000000022c0ed30 mode 0
Event: 2.111 loading class java/io/RandomAccessFile$1
Event: 2.111 loading class java/io/RandomAccessFile$1 done


Dynamic libraries:
0x00007ff6fb950000 - 0x00007ff6fb987000 	C:\Program Files\Java\jdk1.8.0_121\bin\javaw.exe
0x00007ffbc4a90000 - 0x00007ffbc4c62000 	C:\Windows\SYSTEM32\ntdll.dll
0x00007ffbc2730000 - 0x00007ffbc27dc000 	C:\Windows\System32\KERNEL32.DLL
0x00007ffbc1380000 - 0x00007ffbc159d000 	C:\Windows\System32\KERNELBASE.dll
0x00007ffbbf570000 - 0x00007ffbbf5ea000 	C:\Windows\system32\apphelp.dll
0x00007ffbc46c0000 - 0x00007ffbc4762000 	C:\Windows\System32\ADVAPI32.dll
0x00007ffbc4610000 - 0x00007ffbc46ae000 	C:\Windows\System32\msvcrt.dll
0x00007ffbc2020000 - 0x00007ffbc2079000 	C:\Windows\System32\sechost.dll
0x00007ffbc2080000 - 0x00007ffbc21a1000 	C:\Windows\System32\RPCRT4.dll
0x00007ffbc28a0000 - 0x00007ffbc2a05000 	C:\Windows\System32\USER32.dll
0x00007ffbc11b0000 - 0x00007ffbc11ce000 	C:\Windows\System32\win32u.dll
0x00007ffbc2660000 - 0x00007ffbc2694000 	C:\Windows\System32\GDI32.dll
0x00007ffbc1030000 - 0x00007ffbc11b0000 	C:\Windows\System32\gdi32full.dll
0x00007ffbaede0000 - 0x00007ffbaf05a000 	C:\Windows\WinSxS\amd64_microsoft.windows.common-controls_6595b64144ccf1df_6.0.14393.953_none_42151e83c686086b\COMCTL32.dll
0x00007ffbc41a0000 - 0x00007ffbc4468000 	C:\Windows\System32\combase.dll
0x00007ffbc15a0000 - 0x00007ffbc1695000 	C:\Windows\System32\ucrtbase.dll
0x00007ffbc16a0000 - 0x00007ffbc170a000 	C:\Windows\System32\bcryptPrimitives.dll
0x00007ffbc26a0000 - 0x00007ffbc26ce000 	C:\Windows\System32\IMM32.DLL
0x0000000072c10000 - 0x0000000072ce2000 	C:\Program Files\Java\jdk1.8.0_121\jre\bin\msvcr100.dll
0x0000000072f50000 - 0x00000000737eb000 	C:\Program Files\Java\jdk1.8.0_121\jre\bin\server\jvm.dll
0x00007ffbc46b0000 - 0x00007ffbc46b8000 	C:\Windows\System32\PSAPI.DLL
0x00007ffbb8a90000 - 0x00007ffbb8a99000 	C:\Windows\SYSTEM32\WSOCK32.dll
0x00007ffbc4870000 - 0x00007ffbc48da000 	C:\Windows\System32\WS2_32.dll
0x00007ffbbeeb0000 - 0x00007ffbbeed3000 	C:\Windows\SYSTEM32\WINMM.dll
0x00007ffbb5f10000 - 0x00007ffbb5f1a000 	C:\Windows\SYSTEM32\VERSION.dll
0x00007ffbbee00000 - 0x00007ffbbee2b000 	C:\Windows\SYSTEM32\WINMMBASE.dll
0x00007ffbc1330000 - 0x00007ffbc1372000 	C:\Windows\System32\cfgmgr32.dll
0x0000000072f40000 - 0x0000000072f4f000 	C:\Program Files\Java\jdk1.8.0_121\jre\bin\verify.dll
0x0000000072f10000 - 0x0000000072f39000 	C:\Program Files\Java\jdk1.8.0_121\jre\bin\java.dll
0x0000000072ef0000 - 0x0000000072f06000 	C:\Program Files\Java\jdk1.8.0_121\jre\bin\zip.dll
0x00007ffbc2c90000 - 0x00007ffbc4198000 	C:\Windows\System32\SHELL32.dll
0x00007ffbc1710000 - 0x00007ffbc1de8000 	C:\Windows\System32\windows.storage.dll
0x00007ffbc0f40000 - 0x00007ffbc0f8c000 	C:\Windows\System32\powrprof.dll
0x00007ffbc4810000 - 0x00007ffbc4862000 	C:\Windows\System32\shlwapi.dll
0x00007ffbc0f10000 - 0x00007ffbc0f1f000 	C:\Windows\System32\kernel.appcore.dll
0x00007ffbc1280000 - 0x00007ffbc1329000 	C:\Windows\System32\shcore.dll
0x00007ffbc0f20000 - 0x00007ffbc0f34000 	C:\Windows\System32\profapi.dll
0x00007ffb9a070000 - 0x00007ffb9a15f000 	C:\Users\Lie\.javacpp\cache\opencv-windows-x86_64.jar\org\bytedeco\javacpp\windows-x86_64\msvcr120.dll
0x00007ffba8550000 - 0x00007ffba85f6000 	C:\Users\Lie\.javacpp\cache\opencv-windows-x86_64.jar\org\bytedeco\javacpp\windows-x86_64\msvcp120.dll
0x00007ffb8f130000 - 0x00007ffb8f3b8000 	C:\Users\Lie\.javacpp\cache\opencv-windows-x86_64.jar\org\bytedeco\javacpp\windows-x86_64\opencv_core320.dll
0x00007ffb8b4d0000 - 0x00007ffb8b832000 	C:\Users\Lie\.javacpp\cache\opencv-windows-x86_64.jar\org\bytedeco\javacpp\windows-x86_64\opencv_imgproc320.dll
0x00007ffb8b280000 - 0x00007ffb8b4ca000 	C:\Users\Lie\.javacpp\cache\opencv-windows-x86_64.jar\org\bytedeco\javacpp\windows-x86_64\jniopencv_core.dll
0x0000000072ed0000 - 0x0000000072eea000 	C:\Program Files\Java\jdk1.8.0_121\jre\bin\net.dll
0x00007ffbc07d0000 - 0x00007ffbc082c000 	C:\Windows\system32\mswsock.dll
0x0000000072eb0000 - 0x0000000072ec1000 	C:\Program Files\Java\jdk1.8.0_121\jre\bin\nio.dll
0x00007ffb90fa0000 - 0x00007ffb91090000 	C:\Users\Lie\.javacpp\cache\opencv-windows-x86_64.jar\org\bytedeco\javacpp\windows-x86_64\jniopencv_imgproc.dll
0x00007ffb8afb0000 - 0x00007ffb8b27a000 	C:\Users\Lie\.javacpp\cache\opencv-windows-x86_64.jar\org\bytedeco\javacpp\windows-x86_64\opencv_imgcodecs320.dll
0x00007ffba8770000 - 0x00007ffba8795000 	C:\Users\Lie\.javacpp\cache\opencv-windows-x86_64.jar\org\bytedeco\javacpp\windows-x86_64\jniopencv_imgcodecs.dll
0x00007ffbc0980000 - 0x00007ffbc0997000 	C:\Windows\SYSTEM32\CRYPTSP.dll
0x00007ffbc03d0000 - 0x00007ffbc0403000 	C:\Windows\system32\rsaenh.dll
0x00007ffbc0e40000 - 0x00007ffbc0e6b000 	C:\Windows\SYSTEM32\bcrypt.dll
0x00007ffbc0650000 - 0x00007ffbc066f000 	C:\Windows\SYSTEM32\USERENV.dll
0x00007ffbc0970000 - 0x00007ffbc097b000 	C:\Windows\SYSTEM32\CRYPTBASE.dll
0x00007ffbc0550000 - 0x00007ffbc0588000 	C:\Windows\SYSTEM32\IPHLPAPI.DLL
0x00007ffbc2650000 - 0x00007ffbc2658000 	C:\Windows\System32\NSI.dll
0x00007ffbbd5d0000 - 0x00007ffbbd5e6000 	C:\Windows\SYSTEM32\dhcpcsvc6.DLL
0x00007ffbbd550000 - 0x00007ffbbd56a000 	C:\Windows\SYSTEM32\dhcpcsvc.DLL
0x0000000180000000 - 0x0000000180037000 	C:\Users\Lie\AppData\Local\Temp\jna3983396736569810427.dll
0x0000000072a70000 - 0x0000000072c08000 	C:\Program Files\Java\jdk1.8.0_121\jre\bin\awt.dll
0x00007ffbc27e0000 - 0x00007ffbc289f000 	C:\Windows\System32\OLEAUT32.dll
0x00007ffbc0f90000 - 0x00007ffbc102c000 	C:\Windows\System32\msvcp_win.dll
0x00007ffbbec50000 - 0x00007ffbbec76000 	C:\Windows\system32\DWMAPI.DLL
0x00007ffbbf7b0000 - 0x00007ffbbf845000 	C:\Windows\system32\uxtheme.dll
0x00007ffba0960000 - 0x00007ffba0a83000 	C:\Windows\system32\opengl32.dll
0x00007ffba07f0000 - 0x00007ffba08e7000 	C:\Windows\SYSTEM32\DDRAW.dll
0x00007ffba08f0000 - 0x00007ffba091d000 	C:\Windows\SYSTEM32\GLU32.dll
0x00007ffba0fd0000 - 0x00007ffba0fd8000 	C:\Windows\SYSTEM32\DCIMAN32.dll
0x00007ffbc2b30000 - 0x00007ffbc2c8a000 	C:\Windows\System32\MSCTF.dll
0x00007ffbc4950000 - 0x00007ffbc4a88000 	C:\Windows\System32\ole32.dll
0x00007ffbb6a70000 - 0x00007ffbb6c02000 	C:\Windows\SYSTEM32\dbghelp.dll

VM Arguments:
jvm_args: -Dfile.encoding=GBK -Xbootclasspath/a:D:\JavaLib\javacv-bin\artoolkitplus.jar;D:\JavaLib\javacv-bin\artoolkitplus-android-arm.jar;D:\JavaLib\javacv-bin\artoolkitplus-android-x86.jar;D:\JavaLib\javacv-bin\artoolkitplus-linux-armhf.jar;D:\JavaLib\javacv-bin\artoolkitplus-linux-ppc64le.jar;D:\JavaLib\javacv-bin\artoolkitplus-linux-x86.jar;D:\JavaLib\javacv-bin\artoolkitplus-linux-x86_64.jar;D:\JavaLib\javacv-bin\artoolkitplus-macosx-x86_64.jar;D:\JavaLib\javacv-bin\artoolkitplus-platform.jar;D:\JavaLib\javacv-bin\artoolkitplus-windows-x86.jar;D:\JavaLib\javacv-bin\artoolkitplus-windows-x86_64.jar;D:\JavaLib\javacv-bin\ffmpeg.jar;D:\JavaLib\javacv-bin\ffmpeg-android-arm.jar;D:\JavaLib\javacv-bin\ffmpeg-android-x86.jar;D:\JavaLib\javacv-bin\ffmpeg-linux-armhf.jar;D:\JavaLib\javacv-bin\ffmpeg-linux-ppc64le.jar;D:\JavaLib\javacv-bin\ffmpeg-linux-x86.jar;D:\JavaLib\javacv-bin\ffmpeg-linux-x86_64.jar;D:\JavaLib\javacv-bin\ffmpeg-macosx-x86_64.jar;D:\JavaLib\javacv-bin\ffmpeg-platform.jar;D:\JavaLib\javacv-bin\ffmpeg-windows-x86.jar;D:\JavaLib\javacv-bin\ffmpeg-windows-x86_64.jar;D:\JavaLib\javacv-bin\flandmark.jar;D:\JavaLib\javacv-bin\flandmark-android-arm.jar;D:\JavaLib\javacv-bin\flandmark-android-x86.jar;D:\JavaLib\javacv-bin\flandmark-linux-armhf.jar;D:\JavaLib\javacv-bin\flandmark-linux-ppc64le.jar;D:\JavaLib\javacv-bin\flandmark-linux-x86.jar;D:\JavaLib\javacv-bin\flandmark-linux-x86_64.jar;D:\JavaLib\javacv-bin\flandmark-macosx-x86_64.jar;D:\JavaLib\javacv-bin\flandmark-platform.jar;D:\JavaLib\javacv-bin\flandmark-windows-x86.jar;D:\JavaLib\javacv-bin\flandmark-windows-x86_64.jar;D:\JavaLib\javacv-bin\flycapture.jar;D:\JavaLib\javacv-bin\flycapture-linux-armhf.jar;D:\JavaLib\javacv-bin\flycapture-linux-x86.jar;D:\JavaLib\javacv-bin\flycapture-linux-x86_64.jar;D:\JavaLib\javacv-bin\flycapture-platform.jar;D:\JavaLib\javacv-bin\flycapture-windows-x86.jar;D:\JavaLib\javacv-bin\flycapture-windows-x86_64.jar;D:\JavaLib\javacv-bin\javacpp.jar;D:\JavaLib\javacv-bin\javacv.jar;D:\JavaLib\javac
java_command: genius.fun.main.GeniusMain
java_class_path (initial): D:\Geniu-s\Game-geniu-s\bin;D:\Geniu-s\Game-geniu-s\lib\jna-3.3.0.jar
Launcher Type: SUN_STANDARD

Environment Variables:
PATH=C:/Program Files/Java/jdk1.8.0_121/bin/../jre/bin/server;C:/Program Files/Java/jdk1.8.0_121/bin/../jre/bin;C:/Program Files/Java/jdk1.8.0_121/bin/../jre/lib/amd64;C:\Windows\system32;C:\Windows;C:\Windows\System32\Wbem;C:\Windows\System32\WindowsPowerShell\v1.0\;C:\Program Files (x86)\NVIDIA Corporation\PhysX\Common;C:\Program Files\Java\jdk1.8.0_121\bin;C:\Program Files\Java\jdk1.8.0_121\lib;C:\Go\bin;C:\Program Files\Git\cmd;C:\Users\Lie\AppData\Local\Microsoft\WindowsApps;C:\Users\Lie\AppData\Local\GitHubDesktop\bin;D:\eclipse;
USERNAME=Lie
OS=Windows_NT
PROCESSOR_IDENTIFIER=Intel64 Family 6 Model 158 Stepping 9, GenuineIntel



---------------  S Y S T E M  ---------------

OS: Windows 10.0 , 64 bit Build 14393 (10.0.14393.1198)

CPU:total 4 (4 cores per cpu, 1 threads per core) family 6 model 158 stepping 9, cmov, cx8, fxsr, mmx, sse, sse2, sse3, ssse3, sse4.1, sse4.2, popcnt, avx, avx2, aes, clmul, erms, 3dnowpref, lzcnt, tsc, tscinvbit, bmi1, bmi2, adx

Memory: 4k page, physical 16642280k(8765036k free), swap 17690856k(8938348k free)

vm_info: Java HotSpot(TM) 64-Bit Server VM (25.121-b13) for windows-amd64 JRE (1.8.0_121-b13), built on Dec 12 2016 18:21:36 by "java_re" with MS VC++ 10.0 (VS2010)

time: Thu Oct 19 08:59:43 2017
elapsed time: 2 seconds (0d 0h 0m 2s)

