#
# A fatal error has been detected by the Java Runtime Environment:
#
#  EXCEPTION_UNCAUGHT_CXX_EXCEPTION (0xe06d7363) at pc=0x00007ffab3163c58, pid=357252, tid=0x00000000000573a8
#
# JRE version: Java(TM) SE Runtime Environment (8.0_121-b13) (build 1.8.0_121-b13)
# Java VM: Java HotSpot(TM) 64-Bit Server VM (25.121-b13 mixed mode windows-amd64 compressed oops)
# Problematic frame:
# C  [KERNELBASE.dll+0x33c58]
#
# Failed to write core dump. Minidumps are not enabled by default on client versions of Windows
#
# If you would like to submit a bug report, please visit:
#   http://bugreport.java.com/bugreport/crash.jsp
# The crash happened outside the Java Virtual Machine in native code.
# See problematic frame for where to report the bug.
#

---------------  T H R E A D  ---------------

Current thread (0x0000000002d13800):  JavaThread "main" [_thread_in_native, id=357288, stack(0x0000000002be0000,0x0000000002ce0000)]

siginfo: ExceptionCode=0xe06d7363, ExceptionInformation=0x0000000019930520 0x0000000002cced50 0x00007ffa97e1cd78 0x00007ffa97bd0000 

Registers:
RAX=0x0000000000000000, RBX=0x00007ffa97e1cd78, RCX=0x0000000000000000, RDX=0x0000000000000000
RSP=0x0000000002ccebc0, RBP=0x0000000002cced00, RSI=0x00007ffa8c8dad50, RDI=0x0000000002cced50
R8 =0x0000000000000000, R9 =0x00000000000000ff, R10=0xffff0a1bffffb777, R11=0x000000000000001e
R12=0x00000000fffffffb, R13=0x0000000000000000, R14=0x00007ffa8c8da760, R15=0x0000000002cdef68
RIP=0x00007ffab3163c58, EFLAGS=0x0000000000000202

Top of Stack: (sp=0x0000000002ccebc0)
0x0000000002ccebc0:   0000000000000000 00007ffa97e1cd78
0x0000000002ccebd0:   00007ffa8c8dad50 0000000002cced50
0x0000000002ccebe0:   00000001e06d7363 0000000000000000
0x0000000002ccebf0:   00007ffab3163c58 0000000000000004
0x0000000002ccec00:   0000000019930520 0000000002cced50
0x0000000002ccec10:   00007ffa97e1cd78 00007ffa97bd0000
0x0000000002ccec20:   0000000000000000 00000000fffffffb
0x0000000002ccec30:   0000000002cced50 00007ffa8c8dad50
0x0000000002ccec40:   0000000002cced00 00007ffab609c28f
0x0000000002ccec50:   0000000002cced10 00007ffa00000000
0x0000000002ccec60:   0000000002cced50 00007ffa9ce6d306
0x0000000002ccec70:   00007ffa97e3f000 00007ffa97bd0000
0x0000000002ccec80:   0000aa274e98b1a6 00007ffa9ceec4d0
0x0000000002ccec90:   00007ffa97e1cd78 00007ffa9ce6ef63
0x0000000002cceca0:   0000000002cced50 00007ffa9ce3eb8d
0x0000000002ccecb0:   00007ffa9ceec4d0 00007ffa8c8dad50 

Instructions: (pc=0x00007ffab3163c58)
0x00007ffab3163c38:   49 8b d1 44 0f 47 c0 44 89 44 24 38 49 c1 e0 03
0x00007ffab3163c48:   e8 47 90 04 00 48 8d 4c 24 20 ff 15 c0 44 11 00
0x00007ffab3163c58:   48 8b 8c 24 c0 00 00 00 48 33 cc e8 d8 55 04 00
0x00007ffab3163c68:   48 81 c4 d8 00 00 00 c3 83 64 24 38 00 eb d6 cc 


Register to memory mapping:

RAX=0x0000000000000000 is an unknown value
RBX=0x00007ffa97e1cd78 is an unknown value
RCX=0x0000000000000000 is an unknown value
RDX=0x0000000000000000 is an unknown value
RSP=0x0000000002ccebc0 is pointing into the stack for thread: 0x0000000002d13800
RBP=0x0000000002cced00 is pointing into the stack for thread: 0x0000000002d13800
RSI=0x00007ffa8c8dad50 is an unknown value
RDI=0x0000000002cced50 is pointing into the stack for thread: 0x0000000002d13800
R8 =0x0000000000000000 is an unknown value
R9 =0x00000000000000ff is an unknown value
R10=0xffff0a1bffffb777 is an unknown value
R11=0x000000000000001e is an unknown value
R12=0x00000000fffffffb is an unknown value
R13=0x0000000000000000 is an unknown value
R14=0x00007ffa8c8da760 is an unknown value
R15=0x0000000002cdef68 is pointing into the stack for thread: 0x0000000002d13800


Stack: [0x0000000002be0000,0x0000000002ce0000],  sp=0x0000000002ccebc0,  free space=954k
Native frames: (J=compiled Java code, j=interpreted, Vv=VM code, C=native code)
C  [KERNELBASE.dll+0x33c58]
C  [msvcr120.dll+0x5ef63]
C  [opencv_core320.dll+0x1a2c34]
C  [opencv_core320.dll+0x1a2d76]
C  [opencv_imgproc320.dll+0xf834c]
C  [jniopencv_imgproc.dll+0x1f719]
C  0x0000000002e37f74

Java frames: (J=compiled Java code, j=interpreted, Vv=VM code)
j  org.bytedeco.javacpp.opencv_imgproc.cvCompareHist(Lorg/bytedeco/javacpp/opencv_core$CvHistogram;Lorg/bytedeco/javacpp/opencv_core$CvHistogram;I)D+0
j  genius.fun.main.ImageProc.histMatch(Lorg/bytedeco/javacpp/opencv_core$CvHistogram;Lorg/bytedeco/javacpp/opencv_core$IplImage;)D+8
j  genius.fun.main.Dto.getUIType(Lorg/bytedeco/javacpp/opencv_core$IplImage;II)I+66
j  genius.fun.action.SingleAction.yyhSelf(I)V+84
j  genius.fun.control.CenterControl.startSingleYYH()V+29
j  genius.fun.main.GeniusMain.main([Ljava/lang/String;)V+7
v  ~StubRoutines::call_stub

---------------  P R O C E S S  ---------------

Java Threads: ( => current thread )
  0x000000001ea33800 JavaThread "AWT-Shutdown" [_thread_blocked, id=356752, stack(0x0000000024a50000,0x0000000024b50000)]
  0x000000001ea34800 JavaThread "AWT-Windows" daemon [_thread_in_native, id=354964, stack(0x0000000023670000,0x0000000023770000)]
  0x000000001ea33000 JavaThread "Java2D Disposer" daemon [_thread_blocked, id=357368, stack(0x0000000023450000,0x0000000023550000)]
  0x000000001e490800 JavaThread "JavaCPP Deallocator" daemon [_thread_blocked, id=357348, stack(0x000000001eb00000,0x000000001ec00000)]
  0x000000001d86a800 JavaThread "Service Thread" daemon [_thread_blocked, id=357340, stack(0x000000001e0e0000,0x000000001e1e0000)]
  0x000000001c46c000 JavaThread "C1 CompilerThread2" daemon [_thread_blocked, id=357336, stack(0x000000001dfe0000,0x000000001e0e0000)]
  0x000000001c43d800 JavaThread "C2 CompilerThread1" daemon [_thread_blocked, id=357332, stack(0x000000001dee0000,0x000000001dfe0000)]
  0x000000001c437800 JavaThread "C2 CompilerThread0" daemon [_thread_blocked, id=357328, stack(0x000000001dde0000,0x000000001dee0000)]
  0x000000001d823800 JavaThread "Attach Listener" daemon [_thread_blocked, id=357324, stack(0x000000001dce0000,0x000000001dde0000)]
  0x000000001c425800 JavaThread "Signal Dispatcher" daemon [_thread_blocked, id=357320, stack(0x000000001dbe0000,0x000000001dce0000)]
  0x0000000002e0e000 JavaThread "Finalizer" daemon [_thread_blocked, id=357316, stack(0x000000001d670000,0x000000001d770000)]
  0x000000001c3d8800 JavaThread "Reference Handler" daemon [_thread_blocked, id=357312, stack(0x000000001d570000,0x000000001d670000)]
=>0x0000000002d13800 JavaThread "main" [_thread_in_native, id=357288, stack(0x0000000002be0000,0x0000000002ce0000)]

Other Threads:
  0x000000001c3d7800 VMThread [stack: 0x000000001d470000,0x000000001d570000] [id=357308]
  0x000000001d897000 WatcherThread [stack: 0x000000001e1e0000,0x000000001e2e0000] [id=357344]

VM state:not at safepoint (normal execution)

VM Mutex/Monitor currently owned by a thread: None

Heap:
 PSYoungGen      total 75776K, used 55734K [0x000000076b580000, 0x0000000770a00000, 0x00000007c0000000)
  eden space 65024K, 85% used [0x000000076b580000,0x000000076ebedb08,0x000000076f500000)
  from space 10752K, 0% used [0x000000076ff80000,0x000000076ff80000,0x0000000770a00000)
  to   space 10752K, 0% used [0x000000076f500000,0x000000076f500000,0x000000076ff80000)
 ParOldGen       total 173568K, used 0K [0x00000006c2000000, 0x00000006cc980000, 0x000000076b580000)
  object space 173568K, 0% used [0x00000006c2000000,0x00000006c2000000,0x00000006cc980000)
 Metaspace       used 10267K, capacity 10466K, committed 10752K, reserved 1058816K
  class space    used 1116K, capacity 1185K, committed 1280K, reserved 1048576K

Card table byte_map: [0x00000000121e0000,0x00000000129e0000] byte_map_base: 0x000000000ebd0000

Marking Bits: (ParMarkBitMap*) 0x0000000075d9b6d0
 Begin Bits: [0x0000000013330000, 0x00000000172b0000)
 End Bits:   [0x00000000172b0000, 0x000000001b230000)

Polling page: 0x0000000002ce0000

CodeCache: size=245760Kb used=3580Kb max_used=3592Kb free=242179Kb
 bounds [0x0000000002e20000, 0x00000000031b0000, 0x0000000011e20000]
 total_blobs=1322 nmethods=823 adapters=412
 compilation: enabled

Compilation events (10 events):
Event: 41.942 Thread 0x000000001c46c000  820       3       org.bytedeco.javacpp.helper.opencv_core$CvArrArray::put (29 bytes)
Event: 41.943 Thread 0x000000001c46c000 nmethod 820 0x0000000003197b10 code [0x0000000003197ca0, 0x0000000003198058]
Event: 41.943 Thread 0x000000001c46c000  819       3       org.bytedeco.javacpp.helper.opencv_core$IplImageArray::put (9 bytes)
Event: 41.943 Thread 0x000000001c46c000 nmethod 819 0x000000000319d750 code [0x000000000319d900, 0x000000000319de68]
Event: 51.954 Thread 0x000000001c46c000  821       3       java.lang.Class::checkInitted (19 bytes)
Event: 51.954 Thread 0x000000001c46c000 nmethod 821 0x000000000319d210 code [0x000000000319d380, 0x000000000319d648]
Event: 51.954 Thread 0x000000001c46c000  822       1       java.lang.reflect.Field::getModifiers (5 bytes)
Event: 51.954 Thread 0x000000001c46c000 nmethod 822 0x0000000003196e50 code [0x0000000003196fa0, 0x00000000031970b0]
Event: 51.977 Thread 0x000000001c437800  823       4       sun.awt.image.IntegerComponentRaster::verify (540 bytes)
Event: 51.980 Thread 0x000000001c437800 nmethod 823 0x00000000031a3010 code [0x00000000031a3180, 0x00000000031a3578]

GC Heap History (0 events):
No events

Deoptimization events (4 events):
Event: 0.506 Thread 0x0000000002d13800 Uncommon trap: reason=unstable_if action=reinterpret pc=0x000000000303a738 method=sun.misc.MetaIndex.mayContain(Ljava/lang/String;)Z @ 13
Event: 1.056 Thread 0x0000000002d13800 Uncommon trap: reason=unstable_if action=reinterpret pc=0x0000000002ffea88 method=java.lang.String.indexOf([CII[CIII)I @ 3
Event: 1.211 Thread 0x0000000002d13800 Uncommon trap: reason=unstable_if action=reinterpret pc=0x0000000003001c18 method=java.lang.String.startsWith(Ljava/lang/String;I)Z @ 25
Event: 1.226 Thread 0x0000000002d13800 Uncommon trap: reason=unstable_if action=reinterpret pc=0x0000000003067aa0 method=sun.misc.MetaIndex.mayContain(Ljava/lang/String;)Z @ 38

Internal exceptions (10 events):
Event: 0.253 Thread 0x0000000002d13800 Exception <a 'java/security/PrivilegedActionException'> (0x000000076b8f7c08) thrown at [C:\re\workspace\8-2-build-windows-amd64-cygwin\jdk8u121\8372\hotspot\src\share\vm\prims\jvm.cpp, line 1390]
Event: 0.253 Thread 0x0000000002d13800 Exception <a 'java/security/PrivilegedActionException'> (0x000000076b8f7e18) thrown at [C:\re\workspace\8-2-build-windows-amd64-cygwin\jdk8u121\8372\hotspot\src\share\vm\prims\jvm.cpp, line 1390]
Event: 0.253 Thread 0x0000000002d13800 Exception <a 'java/security/PrivilegedActionException'> (0x000000076b8f8d08) thrown at [C:\re\workspace\8-2-build-windows-amd64-cygwin\jdk8u121\8372\hotspot\src\share\vm\prims\jvm.cpp, line 1390]
Event: 0.253 Thread 0x0000000002d13800 Exception <a 'java/security/PrivilegedActionException'> (0x000000076b8f8f18) thrown at [C:\re\workspace\8-2-build-windows-amd64-cygwin\jdk8u121\8372\hotspot\src\share\vm\prims\jvm.cpp, line 1390]
Event: 0.253 Thread 0x0000000002d13800 Exception <a 'java/security/PrivilegedActionException'> (0x000000076b8f9e00) thrown at [C:\re\workspace\8-2-build-windows-amd64-cygwin\jdk8u121\8372\hotspot\src\share\vm\prims\jvm.cpp, line 1390]
Event: 0.253 Thread 0x0000000002d13800 Exception <a 'java/security/PrivilegedActionException'> (0x000000076b8fa010) thrown at [C:\re\workspace\8-2-build-windows-amd64-cygwin\jdk8u121\8372\hotspot\src\share\vm\prims\jvm.cpp, line 1390]
Event: 1.229 Thread 0x0000000002d13800 Exception <a 'java/io/FileNotFoundException'> (0x000000076c2d3ba0) thrown at [C:\re\workspace\8-2-build-windows-amd64-cygwin\jdk8u121\8372\hotspot\src\share\vm\prims\jni.cpp, line 709]
Event: 1.261 Thread 0x0000000002d13800 Exception <a 'java/lang/NoSuchFieldError': method resolution failed> (0x000000076c3a02c8) thrown at [C:\re\workspace\8-2-build-windows-amd64-cygwin\jdk8u121\8372\hotspot\src\share\vm\prims\methodHandles.cpp, line 1146]
Event: 1.262 Thread 0x0000000002d13800 Exception <a 'java/lang/NoSuchFieldError': method resolution failed> (0x000000076c3ad5e8) thrown at [C:\re\workspace\8-2-build-windows-amd64-cygwin\jdk8u121\8372\hotspot\src\share\vm\prims\methodHandles.cpp, line 1146]
Event: 1.299 Thread 0x0000000002d13800 Exception <a 'java/io/FileNotFoundException'> (0x000000076c4350d8) thrown at [C:\re\workspace\8-2-build-windows-amd64-cygwin\jdk8u121\8372\hotspot\src\share\vm\prims\jni.cpp, line 709]

Events (10 events):
Event: 22.692 Thread 0x000000001ea33800 Thread exited: 0x000000001ea33800
Event: 31.786 Thread 0x000000001ea33800 Thread added: 0x000000001ea33800
Event: 32.787 Executing VM operation: RevokeBias
Event: 32.787 Executing VM operation: RevokeBias done
Event: 32.787 Thread 0x000000001ea33800 Thread exited: 0x000000001ea33800
Event: 41.870 Thread 0x000000001ea33800 Thread added: 0x000000001ea33800
Event: 42.870 Executing VM operation: RevokeBias
Event: 42.870 Executing VM operation: RevokeBias done
Event: 42.870 Thread 0x000000001ea33800 Thread exited: 0x000000001ea33800
Event: 51.954 Thread 0x000000001ea33800 Thread added: 0x000000001ea33800


Dynamic libraries:
0x00007ff7b4a10000 - 0x00007ff7b4a47000 	C:\Program Files\Java\jdk1.8.0_121\bin\javaw.exe
0x00007ffab6050000 - 0x00007ffab6222000 	C:\Windows\SYSTEM32\ntdll.dll
0x00007ffab5120000 - 0x00007ffab51cc000 	C:\Windows\System32\KERNEL32.DLL
0x00007ffab3130000 - 0x00007ffab334d000 	C:\Windows\System32\KERNELBASE.dll
0x00007ffab0b40000 - 0x00007ffab0bba000 	C:\Windows\system32\apphelp.dll
0x00007ffab4e90000 - 0x00007ffab4f32000 	C:\Windows\System32\ADVAPI32.dll
0x00007ffab4db0000 - 0x00007ffab4e4e000 	C:\Windows\System32\msvcrt.dll
0x00007ffab5ac0000 - 0x00007ffab5b19000 	C:\Windows\System32\sechost.dll
0x00007ffab35e0000 - 0x00007ffab3701000 	C:\Windows\System32\RPCRT4.dll
0x00007ffab53a0000 - 0x00007ffab5505000 	C:\Windows\System32\USER32.dll
0x00007ffab2c30000 - 0x00007ffab2c4e000 	C:\Windows\System32\win32u.dll
0x00007ffab4e50000 - 0x00007ffab4e84000 	C:\Windows\System32\GDI32.dll
0x00007ffab33c0000 - 0x00007ffab3540000 	C:\Windows\System32\gdi32full.dll
0x00007ffaa41b0000 - 0x00007ffaa442a000 	C:\Windows\WinSxS\amd64_microsoft.windows.common-controls_6595b64144ccf1df_6.0.14393.953_none_42151e83c686086b\COMCTL32.dll
0x00007ffab5c80000 - 0x00007ffab5f48000 	C:\Windows\System32\combase.dll
0x00007ffab2ed0000 - 0x00007ffab2fc5000 	C:\Windows\System32\ucrtbase.dll
0x00007ffab3350000 - 0x00007ffab33ba000 	C:\Windows\System32\bcryptPrimitives.dll
0x00007ffab51d0000 - 0x00007ffab51fe000 	C:\Windows\System32\IMM32.DLL
0x00000000753d0000 - 0x00000000754a2000 	C:\Program Files\Java\jdk1.8.0_121\jre\bin\msvcr100.dll
0x0000000075580000 - 0x0000000075e1b000 	C:\Program Files\Java\jdk1.8.0_121\jre\bin\server\jvm.dll
0x00007ffab4fc0000 - 0x00007ffab4fc8000 	C:\Windows\System32\PSAPI.DLL
0x00007ffa9d210000 - 0x00007ffa9d219000 	C:\Windows\SYSTEM32\WSOCK32.dll
0x00007ffab09f0000 - 0x00007ffab0a13000 	C:\Windows\SYSTEM32\WINMM.dll
0x00007ffaa91f0000 - 0x00007ffaa91fa000 	C:\Windows\SYSTEM32\VERSION.dll
0x00007ffab4f50000 - 0x00007ffab4fba000 	C:\Windows\System32\WS2_32.dll
0x00007ffab09c0000 - 0x00007ffab09eb000 	C:\Windows\SYSTEM32\WINMMBASE.dll
0x00007ffab2cb0000 - 0x00007ffab2cf2000 	C:\Windows\System32\cfgmgr32.dll
0x0000000075570000 - 0x000000007557f000 	C:\Program Files\Java\jdk1.8.0_121\jre\bin\verify.dll
0x0000000075540000 - 0x0000000075569000 	C:\Program Files\Java\jdk1.8.0_121\jre\bin\java.dll
0x0000000075520000 - 0x0000000075536000 	C:\Program Files\Java\jdk1.8.0_121\jre\bin\zip.dll
0x00007ffab3810000 - 0x00007ffab4d18000 	C:\Windows\System32\SHELL32.dll
0x00007ffab2550000 - 0x00007ffab2c28000 	C:\Windows\System32\windows.storage.dll
0x00007ffab2500000 - 0x00007ffab254c000 	C:\Windows\System32\powrprof.dll
0x00007ffab5f50000 - 0x00007ffab5fa2000 	C:\Windows\System32\shlwapi.dll
0x00007ffab24d0000 - 0x00007ffab24df000 	C:\Windows\System32\kernel.appcore.dll
0x00007ffab3080000 - 0x00007ffab3129000 	C:\Windows\System32\shcore.dll
0x00007ffab24e0000 - 0x00007ffab24f4000 	C:\Windows\System32\profapi.dll
0x00007ffa9ce10000 - 0x00007ffa9ceff000 	C:\Users\Lie\.javacpp\cache\opencv-windows-x86_64.jar\org\bytedeco\javacpp\windows-x86_64\msvcr120.dll
0x00007ffa9d400000 - 0x00007ffa9d4a6000 	C:\Users\Lie\.javacpp\cache\opencv-windows-x86_64.jar\org\bytedeco\javacpp\windows-x86_64\msvcp120.dll
0x00007ffa97bd0000 - 0x00007ffa97e58000 	C:\Users\Lie\.javacpp\cache\opencv-windows-x86_64.jar\org\bytedeco\javacpp\windows-x86_64\opencv_core320.dll
0x00007ffa8c6b0000 - 0x00007ffa8ca12000 	C:\Users\Lie\.javacpp\cache\opencv-windows-x86_64.jar\org\bytedeco\javacpp\windows-x86_64\opencv_imgproc320.dll
0x00007ffa9bd60000 - 0x00007ffa9bfaa000 	C:\Users\Lie\.javacpp\cache\opencv-windows-x86_64.jar\org\bytedeco\javacpp\windows-x86_64\jniopencv_core.dll
0x0000000075500000 - 0x000000007551a000 	C:\Program Files\Java\jdk1.8.0_121\jre\bin\net.dll
0x00007ffab1d90000 - 0x00007ffab1dec000 	C:\Windows\system32\mswsock.dll
0x00000000754e0000 - 0x00000000754f1000 	C:\Program Files\Java\jdk1.8.0_121\jre\bin\nio.dll
0x00007ffa9cd20000 - 0x00007ffa9ce10000 	C:\Users\Lie\.javacpp\cache\opencv-windows-x86_64.jar\org\bytedeco\javacpp\windows-x86_64\jniopencv_imgproc.dll
0x00007ffa89be0000 - 0x00007ffa89eaa000 	C:\Users\Lie\.javacpp\cache\opencv-windows-x86_64.jar\org\bytedeco\javacpp\windows-x86_64\opencv_imgcodecs320.dll
0x00007ffaa3370000 - 0x00007ffaa3395000 	C:\Users\Lie\.javacpp\cache\opencv-windows-x86_64.jar\org\bytedeco\javacpp\windows-x86_64\jniopencv_imgcodecs.dll
0x00007ffab1f30000 - 0x00007ffab1f47000 	C:\Windows\SYSTEM32\CRYPTSP.dll
0x00007ffab1990000 - 0x00007ffab19c3000 	C:\Windows\system32\rsaenh.dll
0x00007ffab2400000 - 0x00007ffab242b000 	C:\Windows\SYSTEM32\bcrypt.dll
0x00007ffab1c10000 - 0x00007ffab1c2f000 	C:\Windows\SYSTEM32\USERENV.dll
0x00007ffab1f50000 - 0x00007ffab1f5b000 	C:\Windows\SYSTEM32\CRYPTBASE.dll
0x00007ffab1b10000 - 0x00007ffab1b48000 	C:\Windows\SYSTEM32\IPHLPAPI.DLL
0x00007ffab4f40000 - 0x00007ffab4f48000 	C:\Windows\System32\NSI.dll
0x00007ffaa8da0000 - 0x00007ffaa8db6000 	C:\Windows\SYSTEM32\dhcpcsvc6.DLL
0x00007ffaa8d80000 - 0x00007ffaa8d9a000 	C:\Windows\SYSTEM32\dhcpcsvc.DLL
0x0000000180000000 - 0x0000000180037000 	C:\Users\Lie\AppData\Local\Temp\jna7792765721830465759.dll
0x0000000075230000 - 0x00000000753c8000 	C:\Program Files\Java\jdk1.8.0_121\jre\bin\awt.dll
0x00007ffab5510000 - 0x00007ffab55cf000 	C:\Windows\System32\OLEAUT32.dll
0x00007ffab3540000 - 0x00007ffab35dc000 	C:\Windows\System32\msvcp_win.dll
0x00007ffab0200000 - 0x00007ffab0226000 	C:\Windows\system32\DWMAPI.DLL
0x00007ffab0d20000 - 0x00007ffab0db5000 	C:\Windows\system32\uxtheme.dll
0x00007ffa9abd0000 - 0x00007ffa9acf3000 	C:\Windows\system32\opengl32.dll
0x00007ffa9d230000 - 0x00007ffa9d25d000 	C:\Windows\SYSTEM32\GLU32.dll
0x00007ffa9a400000 - 0x00007ffa9a4f7000 	C:\Windows\SYSTEM32\DDRAW.dll
0x00007ffaa9b30000 - 0x00007ffaa9b38000 	C:\Windows\SYSTEM32\DCIMAN32.dll
0x00007ffab5b20000 - 0x00007ffab5c7a000 	C:\Windows\System32\MSCTF.dll
0x00007ffab4fd0000 - 0x00007ffab5108000 	C:\Windows\System32\ole32.dll
0x00007ffaa9e50000 - 0x00007ffaa9fe2000 	C:\Windows\SYSTEM32\dbghelp.dll

VM Arguments:
jvm_args: -Dfile.encoding=GBK -Xbootclasspath/a:D:\JavaLib\javacv-bin\artoolkitplus.jar;D:\JavaLib\javacv-bin\artoolkitplus-android-arm.jar;D:\JavaLib\javacv-bin\artoolkitplus-android-x86.jar;D:\JavaLib\javacv-bin\artoolkitplus-linux-armhf.jar;D:\JavaLib\javacv-bin\artoolkitplus-linux-ppc64le.jar;D:\JavaLib\javacv-bin\artoolkitplus-linux-x86.jar;D:\JavaLib\javacv-bin\artoolkitplus-linux-x86_64.jar;D:\JavaLib\javacv-bin\artoolkitplus-macosx-x86_64.jar;D:\JavaLib\javacv-bin\artoolkitplus-platform.jar;D:\JavaLib\javacv-bin\artoolkitplus-windows-x86.jar;D:\JavaLib\javacv-bin\artoolkitplus-windows-x86_64.jar;D:\JavaLib\javacv-bin\ffmpeg.jar;D:\JavaLib\javacv-bin\ffmpeg-android-arm.jar;D:\JavaLib\javacv-bin\ffmpeg-android-x86.jar;D:\JavaLib\javacv-bin\ffmpeg-linux-armhf.jar;D:\JavaLib\javacv-bin\ffmpeg-linux-ppc64le.jar;D:\JavaLib\javacv-bin\ffmpeg-linux-x86.jar;D:\JavaLib\javacv-bin\ffmpeg-linux-x86_64.jar;D:\JavaLib\javacv-bin\ffmpeg-macosx-x86_64.jar;D:\JavaLib\javacv-bin\ffmpeg-platform.jar;D:\JavaLib\javacv-bin\ffmpeg-windows-x86.jar;D:\JavaLib\javacv-bin\ffmpeg-windows-x86_64.jar;D:\JavaLib\javacv-bin\flandmark.jar;D:\JavaLib\javacv-bin\flandmark-android-arm.jar;D:\JavaLib\javacv-bin\flandmark-android-x86.jar;D:\JavaLib\javacv-bin\flandmark-linux-armhf.jar;D:\JavaLib\javacv-bin\flandmark-linux-ppc64le.jar;D:\JavaLib\javacv-bin\flandmark-linux-x86.jar;D:\JavaLib\javacv-bin\flandmark-linux-x86_64.jar;D:\JavaLib\javacv-bin\flandmark-macosx-x86_64.jar;D:\JavaLib\javacv-bin\flandmark-platform.jar;D:\JavaLib\javacv-bin\flandmark-windows-x86.jar;D:\JavaLib\javacv-bin\flandmark-windows-x86_64.jar;D:\JavaLib\javacv-bin\flycapture.jar;D:\JavaLib\javacv-bin\flycapture-linux-armhf.jar;D:\JavaLib\javacv-bin\flycapture-linux-x86.jar;D:\JavaLib\javacv-bin\flycapture-linux-x86_64.jar;D:\JavaLib\javacv-bin\flycapture-platform.jar;D:\JavaLib\javacv-bin\flycapture-windows-x86.jar;D:\JavaLib\javacv-bin\flycapture-windows-x86_64.jar;D:\JavaLib\javacv-bin\javacpp.jar;D:\JavaLib\javacv-bin\javacv.jar;D:\JavaLib\javac
java_command: genius.fun.main.GeniusMain
java_class_path (initial): D:\Geniu-s\Game-geniu-s\bin;D:\Geniu-s\Game-geniu-s\lib\jna-3.3.0.jar
Launcher Type: SUN_STANDARD

Environment Variables:
PATH=C:/Program Files/Java/jdk1.8.0_121/bin/../jre/bin/server;C:/Program Files/Java/jdk1.8.0_121/bin/../jre/bin;C:/Program Files/Java/jdk1.8.0_121/bin/../jre/lib/amd64;C:\Windows\system32;C:\Windows;C:\Windows\System32\Wbem;C:\Windows\System32\WindowsPowerShell\v1.0\;C:\Program Files (x86)\NVIDIA Corporation\PhysX\Common;C:\Program Files\Java\jdk1.8.0_121\bin;C:\Program Files\Java\jdk1.8.0_121\lib;C:\Go\bin;C:\Program Files\Git\cmd;C:\Users\Lie\AppData\Local\Microsoft\WindowsApps;C:\Users\Lie\AppData\Local\GitHubDesktop\bin;D:\eclipse;
USERNAME=Lie
OS=Windows_NT
PROCESSOR_IDENTIFIER=Intel64 Family 6 Model 158 Stepping 9, GenuineIntel



---------------  S Y S T E M  ---------------

OS: Windows 10.0 , 64 bit Build 14393 (10.0.14393.1198)

CPU:total 4 (4 cores per cpu, 1 threads per core) family 6 model 158 stepping 9, cmov, cx8, fxsr, mmx, sse, sse2, sse3, ssse3, sse4.1, sse4.2, popcnt, avx, avx2, aes, clmul, erms, 3dnowpref, lzcnt, tsc, tscinvbit, bmi1, bmi2, adx

Memory: 4k page, physical 16642280k(9760684k free), swap 17690856k(9164384k free)

vm_info: Java HotSpot(TM) 64-Bit Server VM (25.121-b13) for windows-amd64 JRE (1.8.0_121-b13), built on Dec 12 2016 18:21:36 by "java_re" with MS VC++ 10.0 (VS2010)

time: Sun Nov 19 17:40:24 2017
elapsed time: 52 seconds (0d 0h 0m 52s)

