#
# A fatal error has been detected by the Java Runtime Environment:
#
#  EXCEPTION_UNCAUGHT_CXX_EXCEPTION (0xe06d7363) at pc=0x00007ff939d43fb8, pid=145392, tid=0x00000000000004ac
#
# JRE version: Java(TM) SE Runtime Environment (8.0_121-b13) (build 1.8.0_121-b13)
# Java VM: Java HotSpot(TM) 64-Bit Server VM (25.121-b13 mixed mode windows-amd64 compressed oops)
# Problematic frame:
# C  [KERNELBASE.dll+0x13fb8]
#
# Failed to write core dump. Minidumps are not enabled by default on client versions of Windows
#
# If you would like to submit a bug report, please visit:
#   http://bugreport.java.com/bugreport/crash.jsp
# The crash happened outside the Java Virtual Machine in native code.
# See problematic frame for where to report the bug.
#

---------------  T H R E A D  ---------------

Current thread (0x0000000020a65000):  JavaThread "Thread-1" [_thread_in_native, id=1196, stack(0x0000000024c30000,0x0000000024d30000)]

siginfo: ExceptionCode=0xe06d7363, ExceptionInformation=0x0000000019930520 0x0000000024d1ef70 0x00007ff90841cd78 0x00007ff9081d0000 

Registers:
RAX=0x0000000002840000, RBX=0x00007ff90841cd78, RCX=0x0000000000000000, RDX=0x00007ff93d896966
RSP=0x0000000024d1ede0, RBP=0x0000000024d1ef20, RSI=0x00007ff9083a9378, RDI=0x0000000024d1ef70
R8 =0x0000000000000000, R9 =0x0000000000000010, R10=0x0000000000350000, R11=0x0000000000000000
R12=0x00000000ffffff29, R13=0x0000000000000000, R14=0x00007ff9083a8340, R15=0x0000000024d2f118
RIP=0x00007ff939d43fb8, EFLAGS=0x0000000000000206

Top of Stack: (sp=0x0000000024d1ede0)
0x0000000024d1ede0:   0000000000000000 00007ff90841cd78
0x0000000024d1edf0:   00007ff9083a9378 0000000024d1ef70
0x0000000024d1ee00:   00000001e06d7363 0000000000000000
0x0000000024d1ee10:   00007ff939d43fb8 0000000000000004
0x0000000024d1ee20:   0000000019930520 0000000024d1ef70
0x0000000024d1ee30:   00007ff90841cd78 00007ff9081d0000
0x0000000024d1ee40:   00000000ffffff29 0000000024d1ef70
0x0000000024d1ee50:   00007ff9083a9378 0000000024d1ef30
0x0000000024d1ee60:   0000000024d1ef20 00007ff93d8ac63f
0x0000000024d1ee70:   0000000000000000 00007ff900000000
0x0000000024d1ee80:   0000000024d1ef70 00007ff90bfdd306
0x0000000024d1ee90:   00007ff90843f000 00007ff9081d0000
0x0000000024d1eea0:   00001cf89bd6dc18 00007ff90c05c4d0
0x0000000024d1eeb0:   00007ff90841cd78 00007ff90bfdef63
0x0000000024d1eec0:   0000000024d1ef70 00007ff90bfaeb8d
0x0000000024d1eed0:   00007ff90c05c4d0 00007ff9083a9378 

Instructions: (pc=0x00007ff939d43fb8)
0x00007ff939d43f98:   49 8b d1 44 0f 47 c0 44 89 44 24 38 49 c1 e0 03
0x00007ff939d43fa8:   e8 ba 16 07 00 48 8d 4c 24 20 ff 15 38 4b 16 00
0x00007ff939d43fb8:   48 8b 8c 24 c0 00 00 00 48 33 cc e8 98 e6 06 00
0x00007ff939d43fc8:   48 81 c4 d8 00 00 00 c3 83 64 24 38 00 eb d6 cc 


Register to memory mapping:

RAX=0x0000000002840000 is an unknown value
RBX=0x00007ff90841cd78 is an unknown value
RCX=0x0000000000000000 is an unknown value
RDX=0x00007ff93d896966 is an unknown value
RSP=0x0000000024d1ede0 is pointing into the stack for thread: 0x0000000020a65000
RBP=0x0000000024d1ef20 is pointing into the stack for thread: 0x0000000020a65000
RSI=0x00007ff9083a9378 is an unknown value
RDI=0x0000000024d1ef70 is pointing into the stack for thread: 0x0000000020a65000
R8 =0x0000000000000000 is an unknown value
R9 =0x0000000000000010 is an unknown value
R10=0x0000000000350000 is an unknown value
R11=0x0000000000000000 is an unknown value
R12=0x00000000ffffff29 is an unknown value
R13=0x0000000000000000 is an unknown value
R14=0x00007ff9083a8340 is an unknown value
R15=0x0000000024d2f118 is pointing into the stack for thread: 0x0000000020a65000


Stack: [0x0000000024c30000,0x0000000024d30000],  sp=0x0000000024d1ede0,  free space=955k
Native frames: (J=compiled Java code, j=interpreted, Vv=VM code, C=native code)
C  [KERNELBASE.dll+0x13fb8]
C  [msvcr120.dll+0x5ef63]
C  [opencv_core320.dll+0x1a2c34]
C  [opencv_core320.dll+0x1a2d76]
C  [opencv_core320.dll+0x2aa76]
C  [jniopencv_core.dll+0xf28f5]
C  0x00000000048a7f74

Java frames: (J=compiled Java code, j=interpreted, Vv=VM code)
j  org.bytedeco.javacpp.opencv_core.cvSetImageROI(Lorg/bytedeco/javacpp/opencv_core$IplImage;Lorg/bytedeco/javacpp/opencv_core$CvRect;)V+0
j  genius.fun.main.ImageProc.imgMatch(Lorg/bytedeco/javacpp/opencv_core$IplImage;Ljava/lang/String;)Lgenius/fun/win32/Point;+17
J 1359 C1 genius.fun.main.DtoP2.getUIType(Lorg/bytedeco/javacpp/opencv_core$IplImage;)I (315 bytes) @ 0x0000000004d85774 [0x0000000004d83300+0x2474]
J 1413 C1 genius.fun.action.TeamAction.p2Action(I)V (205 bytes) @ 0x0000000004cb7dec [0x0000000004cb6640+0x17ac]
j  genius.fun.control.CenterControl$P2Thread.run()V+35
v  ~StubRoutines::call_stub

---------------  P R O C E S S  ---------------

Java Threads: ( => current thread )
  0x000000001ff0c800 JavaThread "AWT-Shutdown" [_thread_blocked, id=227688, stack(0x0000000044f50000,0x0000000045050000)]
  0x0000000020479000 JavaThread "AWT-Windows" daemon [_thread_in_native, id=11792, stack(0x0000000025260000,0x0000000025360000)]
  0x0000000020c61800 JavaThread "Java2D Disposer" daemon [_thread_blocked, id=12372, stack(0x0000000025060000,0x0000000025160000)]
  0x0000000004793800 JavaThread "DestroyJavaVM" [_thread_blocked, id=13304, stack(0x0000000004620000,0x0000000004720000)]
=>0x0000000020a65000 JavaThread "Thread-1" [_thread_in_native, id=1196, stack(0x0000000024c30000,0x0000000024d30000)]
  0x0000000020a64800 JavaThread "Thread-0" [_thread_blocked, id=11864, stack(0x0000000024b30000,0x0000000024c30000)]
  0x000000001fe6a800 JavaThread "JavaCPP Deallocator" daemon [_thread_blocked, id=8248, stack(0x0000000020500000,0x0000000020600000)]
  0x000000001f271000 JavaThread "Service Thread" daemon [_thread_blocked, id=11852, stack(0x000000001faf0000,0x000000001fbf0000)]
  0x000000001de8d800 JavaThread "C1 CompilerThread2" daemon [_thread_blocked, id=11848, stack(0x000000001f9f0000,0x000000001faf0000)]
  0x000000001de5b800 JavaThread "C2 CompilerThread1" daemon [_thread_blocked, id=3488, stack(0x000000001f8f0000,0x000000001f9f0000)]
  0x000000001f233000 JavaThread "C2 CompilerThread0" daemon [_thread_blocked, id=13308, stack(0x000000001f7f0000,0x000000001f8f0000)]
  0x000000001de56800 JavaThread "Attach Listener" daemon [_thread_blocked, id=744, stack(0x000000001f6f0000,0x000000001f7f0000)]
  0x000000001de44800 JavaThread "Signal Dispatcher" daemon [_thread_blocked, id=1008, stack(0x000000001f5f0000,0x000000001f6f0000)]
  0x000000001de1f000 JavaThread "Finalizer" daemon [_thread_blocked, id=12336, stack(0x000000001f090000,0x000000001f190000)]
  0x0000000004887000 JavaThread "Reference Handler" daemon [_thread_blocked, id=448, stack(0x000000001ef90000,0x000000001f090000)]

Other Threads:
  0x000000001ddf7800 VMThread [stack: 0x000000001ee90000,0x000000001ef90000] [id=500]
  0x000000001f2a8800 WatcherThread [stack: 0x000000001fbf0000,0x000000001fcf0000] [id=11856]

VM state:not at safepoint (normal execution)

VM Mutex/Monitor currently owned by a thread: None

Heap:
 PSYoungGen      total 33280K, used 15385K [0x000000076b580000, 0x000000076d880000, 0x00000007c0000000)
  eden space 30720K, 49% used [0x000000076b580000,0x000000076c45e7f0,0x000000076d380000)
  from space 2560K, 6% used [0x000000076d600000,0x000000076d628000,0x000000076d880000)
  to   space 2560K, 0% used [0x000000076d380000,0x000000076d380000,0x000000076d600000)
 ParOldGen       total 173568K, used 3093K [0x00000006c2000000, 0x00000006cc980000, 0x000000076b580000)
  object space 173568K, 1% used [0x00000006c2000000,0x00000006c2305458,0x00000006cc980000)
 Metaspace       used 10777K, capacity 10958K, committed 11264K, reserved 1058816K
  class space    used 1120K, capacity 1217K, committed 1280K, reserved 1048576K

Card table byte_map: [0x0000000013c50000,0x0000000014450000] byte_map_base: 0x0000000010640000

Marking Bits: (ParMarkBitMap*) 0x000000006e73b6d0
 Begin Bits: [0x0000000014da0000, 0x0000000018d20000)
 End Bits:   [0x0000000018d20000, 0x000000001cca0000)

Polling page: 0x0000000002800000

CodeCache: size=245760Kb used=5307Kb max_used=5308Kb free=240452Kb
 bounds [0x0000000004890000, 0x0000000004dd0000, 0x0000000013890000]
 total_blobs=1866 nmethods=1367 adapters=412
 compilation: enabled

Compilation events (10 events):
Event: 1207.363 Thread 0x000000001f233000 1512       4       java.util.LinkedHashMap$LinkedHashIterator::nextNode (54 bytes)
Event: 1207.363 Thread 0x000000001f233000 nmethod 1512 0x0000000004c62b90 code [0x0000000004c62cc0, 0x0000000004c62d98]
Event: 1216.651 Thread 0x000000001f233000 1513       4       java.util.HashMap$ValueIterator::next (8 bytes)
Event: 1216.653 Thread 0x000000001f233000 nmethod 1513 0x0000000004dc0790 code [0x0000000004dc08e0, 0x0000000004dc0ad8]
Event: 1219.095 Thread 0x000000001de8d800 1514       3       genius.fun.main.Dto::setHwnd (6 bytes)
Event: 1219.096 Thread 0x000000001de8d800 nmethod 1514 0x0000000004dc0450 code [0x0000000004dc05a0, 0x0000000004dc06f0]
Event: 1219.190 Thread 0x000000001de8d800 1515       3       genius.fun.main.Dto::getUIType (488 bytes)
Event: 1219.192 Thread 0x000000001de8d800 nmethod 1515 0x0000000004dc3a50 code [0x0000000004dc3fe0, 0x0000000004dc7638]
Event: 1229.094 Thread 0x000000001de8d800 1516       3       sun.misc.FloatingDecimal$BinaryToASCIIBuffer::roundup (104 bytes)
Event: 1229.095 Thread 0x000000001de8d800 nmethod 1516 0x00000000049d3e90 code [0x00000000049d4000, 0x00000000049d4370]

GC Heap History (10 events):
Event: 1176.469 GC heap before
{Heap before GC invocations=76 (full 0):
 PSYoungGen      total 34304K, used 30136K [0x000000076b580000, 0x000000076da80000, 0x00000007c0000000)
  eden space 30720K, 97% used [0x000000076b580000,0x000000076d2ce248,0x000000076d380000)
  from space 3584K, 3% used [0x000000076d380000,0x000000076d3a0000,0x000000076d700000)
  to   space 3584K, 0% used [0x000000076d700000,0x000000076d700000,0x000000076da80000)
 ParOldGen       total 173568K, used 2989K [0x00000006c2000000, 0x00000006cc980000, 0x000000076b580000)
  object space 173568K, 1% used [0x00000006c2000000,0x00000006c22eb458,0x00000006cc980000)
 Metaspace       used 10767K, capacity 10958K, committed 11264K, reserved 1058816K
  class space    used 1120K, capacity 1217K, committed 1280K, reserved 1048576K
Event: 1176.470 GC heap after
Heap after GC invocations=76 (full 0):
 PSYoungGen      total 33280K, used 160K [0x000000076b580000, 0x000000076d980000, 0x00000007c0000000)
  eden space 30720K, 0% used [0x000000076b580000,0x000000076b580000,0x000000076d380000)
  from space 2560K, 6% used [0x000000076d700000,0x000000076d728000,0x000000076d980000)
  to   space 3072K, 0% used [0x000000076d380000,0x000000076d380000,0x000000076d680000)
 ParOldGen       total 173568K, used 3005K [0x00000006c2000000, 0x00000006cc980000, 0x000000076b580000)
  object space 173568K, 1% used [0x00000006c2000000,0x00000006c22ef458,0x00000006cc980000)
 Metaspace       used 10767K, capacity 10958K, committed 11264K, reserved 1058816K
  class space    used 1120K, capacity 1217K, committed 1280K, reserved 1048576K
}
Event: 1188.362 GC heap before
{Heap before GC invocations=77 (full 0):
 PSYoungGen      total 33280K, used 29776K [0x000000076b580000, 0x000000076d980000, 0x00000007c0000000)
  eden space 30720K, 96% used [0x000000076b580000,0x000000076d26c0a8,0x000000076d380000)
  from space 2560K, 6% used [0x000000076d700000,0x000000076d728000,0x000000076d980000)
  to   space 3072K, 0% used [0x000000076d380000,0x000000076d380000,0x000000076d680000)
 ParOldGen       total 173568K, used 3005K [0x00000006c2000000, 0x00000006cc980000, 0x000000076b580000)
  object space 173568K, 1% used [0x00000006c2000000,0x00000006c22ef458,0x00000006cc980000)
 Metaspace       used 10767K, capacity 10958K, committed 11264K, reserved 1058816K
  class space    used 1120K, capacity 1217K, committed 1280K, reserved 1048576K
Event: 1188.362 GC heap after
Heap after GC invocations=77 (full 0):
 PSYoungGen      total 33792K, used 160K [0x000000076b580000, 0x000000076d980000, 0x00000007c0000000)
  eden space 30720K, 0% used [0x000000076b580000,0x000000076b580000,0x000000076d380000)
  from space 3072K, 5% used [0x000000076d380000,0x000000076d3a8000,0x000000076d680000)
  to   space 3072K, 0% used [0x000000076d680000,0x000000076d680000,0x000000076d980000)
 ParOldGen       total 173568K, used 3021K [0x00000006c2000000, 0x00000006cc980000, 0x000000076b580000)
  object space 173568K, 1% used [0x00000006c2000000,0x00000006c22f3458,0x00000006cc980000)
 Metaspace       used 10767K, capacity 10958K, committed 11264K, reserved 1058816K
  class space    used 1120K, capacity 1217K, committed 1280K, reserved 1048576K
}
Event: 1198.630 GC heap before
{Heap before GC invocations=78 (full 0):
 PSYoungGen      total 33792K, used 29821K [0x000000076b580000, 0x000000076d980000, 0x00000007c0000000)
  eden space 30720K, 96% used [0x000000076b580000,0x000000076d2774b0,0x000000076d380000)
  from space 3072K, 5% used [0x000000076d380000,0x000000076d3a8000,0x000000076d680000)
  to   space 3072K, 0% used [0x000000076d680000,0x000000076d680000,0x000000076d980000)
 ParOldGen       total 173568K, used 3021K [0x00000006c2000000, 0x00000006cc980000, 0x000000076b580000)
  object space 173568K, 1% used [0x00000006c2000000,0x00000006c22f3458,0x00000006cc980000)
 Metaspace       used 10769K, capacity 10958K, committed 11264K, reserved 1058816K
  class space    used 1120K, capacity 1217K, committed 1280K, reserved 1048576K
Event: 1198.631 GC heap after
Heap after GC invocations=78 (full 0):
 PSYoungGen      total 32768K, used 160K [0x000000076b580000, 0x000000076d880000, 0x00000007c0000000)
  eden space 30720K, 0% used [0x000000076b580000,0x000000076b580000,0x000000076d380000)
  from space 2048K, 7% used [0x000000076d680000,0x000000076d6a8000,0x000000076d880000)
  to   space 2560K, 0% used [0x000000076d380000,0x000000076d380000,0x000000076d600000)
 ParOldGen       total 173568K, used 3045K [0x00000006c2000000, 0x00000006cc980000, 0x000000076b580000)
  object space 173568K, 1% used [0x00000006c2000000,0x00000006c22f9458,0x00000006cc980000)
 Metaspace       used 10769K, capacity 10958K, committed 11264K, reserved 1058816K
  class space    used 1120K, capacity 1217K, committed 1280K, reserved 1048576K
}
Event: 1210.451 GC heap before
{Heap before GC invocations=79 (full 0):
 PSYoungGen      total 32768K, used 30042K [0x000000076b580000, 0x000000076d880000, 0x00000007c0000000)
  eden space 30720K, 97% used [0x000000076b580000,0x000000076d2aea88,0x000000076d380000)
  from space 2048K, 7% used [0x000000076d680000,0x000000076d6a8000,0x000000076d880000)
  to   space 2560K, 0% used [0x000000076d380000,0x000000076d380000,0x000000076d600000)
 ParOldGen       total 173568K, used 3045K [0x00000006c2000000, 0x00000006cc980000, 0x000000076b580000)
  object space 173568K, 1% used [0x00000006c2000000,0x00000006c22f9458,0x00000006cc980000)
 Metaspace       used 10774K, capacity 10958K, committed 11264K, reserved 1058816K
  class space    used 1120K, capacity 1217K, committed 1280K, reserved 1048576K
Event: 1210.452 GC heap after
Heap after GC invocations=79 (full 0):
 PSYoungGen      total 33280K, used 192K [0x000000076b580000, 0x000000076d880000, 0x00000007c0000000)
  eden space 30720K, 0% used [0x000000076b580000,0x000000076b580000,0x000000076d380000)
  from space 2560K, 7% used [0x000000076d380000,0x000000076d3b0000,0x000000076d600000)
  to   space 2560K, 0% used [0x000000076d600000,0x000000076d600000,0x000000076d880000)
 ParOldGen       total 173568K, used 3069K [0x00000006c2000000, 0x00000006cc980000, 0x000000076b580000)
  object space 173568K, 1% used [0x00000006c2000000,0x00000006c22ff458,0x00000006cc980000)
 Metaspace       used 10774K, capacity 10958K, committed 11264K, reserved 1058816K
  class space    used 1120K, capacity 1217K, committed 1280K, reserved 1048576K
}
Event: 1222.853 GC heap before
{Heap before GC invocations=80 (full 0):
 PSYoungGen      total 33280K, used 29568K [0x000000076b580000, 0x000000076d880000, 0x00000007c0000000)
  eden space 30720K, 95% used [0x000000076b580000,0x000000076d2303f0,0x000000076d380000)
  from space 2560K, 7% used [0x000000076d380000,0x000000076d3b0000,0x000000076d600000)
  to   space 2560K, 0% used [0x000000076d600000,0x000000076d600000,0x000000076d880000)
 ParOldGen       total 173568K, used 3069K [0x00000006c2000000, 0x00000006cc980000, 0x000000076b580000)
  object space 173568K, 1% used [0x00000006c2000000,0x00000006c22ff458,0x00000006cc980000)
 Metaspace       used 10776K, capacity 10958K, committed 11264K, reserved 1058816K
  class space    used 1120K, capacity 1217K, committed 1280K, reserved 1048576K
Event: 1222.854 GC heap after
Heap after GC invocations=80 (full 0):
 PSYoungGen      total 33280K, used 160K [0x000000076b580000, 0x000000076d880000, 0x00000007c0000000)
  eden space 30720K, 0% used [0x000000076b580000,0x000000076b580000,0x000000076d380000)
  from space 2560K, 6% used [0x000000076d600000,0x000000076d628000,0x000000076d880000)
  to   space 2560K, 0% used [0x000000076d380000,0x000000076d380000,0x000000076d600000)
 ParOldGen       total 173568K, used 3093K [0x00000006c2000000, 0x00000006cc980000, 0x000000076b580000)
  object space 173568K, 1% used [0x00000006c2000000,0x00000006c2305458,0x00000006cc980000)
 Metaspace       used 10776K, capacity 10958K, committed 11264K, reserved 1058816K
  class space    used 1120K, capacity 1217K, committed 1280K, reserved 1048576K
}

Deoptimization events (6 events):
Event: 0.602 Thread 0x0000000004793800 Uncommon trap: reason=unstable_if action=reinterpret pc=0x0000000004abe878 method=sun.misc.MetaIndex.mayContain(Ljava/lang/String;)Z @ 13
Event: 1.433 Thread 0x0000000020a64800 Uncommon trap: reason=unstable_if action=reinterpret pc=0x0000000004a6fabc method=java.lang.String.indexOf([CII[CIII)I @ 3
Event: 1.617 Thread 0x0000000020a64800 Uncommon trap: reason=unstable_if action=reinterpret pc=0x0000000004a7a918 method=java.lang.String.startsWith(Ljava/lang/String;I)Z @ 25
Event: 1.643 Thread 0x0000000020a65000 Uncommon trap: reason=unstable_if action=reinterpret pc=0x0000000004b25544 method=sun.misc.MetaIndex.mayContain(Ljava/lang/String;)Z @ 38
Event: 758.351 Thread 0x0000000020a64800 Uncommon trap: reason=null_check action=make_not_entrant pc=0x0000000004cbcdc4 method=com.sun.jna.Native.getNativeSize(Ljava/lang/Class;)I @ 22
Event: 1120.988 Thread 0x0000000020a65000 Uncommon trap: reason=null_check action=make_not_entrant pc=0x00000000049a6aec method=com.sun.jna.Native.getNativeSize(Ljava/lang/Class;Ljava/lang/Object;)I @ 82

Internal exceptions (10 events):
Event: 0.297 Thread 0x0000000004793800 Exception <a 'java/security/PrivilegedActionException'> (0x000000076b8f83c0) thrown at [C:\re\workspace\8-2-build-windows-amd64-cygwin\jdk8u121\8372\hotspot\src\share\vm\prims\jvm.cpp, line 1390]
Event: 0.297 Thread 0x0000000004793800 Exception <a 'java/security/PrivilegedActionException'> (0x000000076b8f85d0) thrown at [C:\re\workspace\8-2-build-windows-amd64-cygwin\jdk8u121\8372\hotspot\src\share\vm\prims\jvm.cpp, line 1390]
Event: 0.298 Thread 0x0000000004793800 Exception <a 'java/security/PrivilegedActionException'> (0x000000076b8f94c0) thrown at [C:\re\workspace\8-2-build-windows-amd64-cygwin\jdk8u121\8372\hotspot\src\share\vm\prims\jvm.cpp, line 1390]
Event: 0.298 Thread 0x0000000004793800 Exception <a 'java/security/PrivilegedActionException'> (0x000000076b8f96d0) thrown at [C:\re\workspace\8-2-build-windows-amd64-cygwin\jdk8u121\8372\hotspot\src\share\vm\prims\jvm.cpp, line 1390]
Event: 0.298 Thread 0x0000000004793800 Exception <a 'java/security/PrivilegedActionException'> (0x000000076b8fa5b8) thrown at [C:\re\workspace\8-2-build-windows-amd64-cygwin\jdk8u121\8372\hotspot\src\share\vm\prims\jvm.cpp, line 1390]
Event: 0.298 Thread 0x0000000004793800 Exception <a 'java/security/PrivilegedActionException'> (0x000000076b8fa7c8) thrown at [C:\re\workspace\8-2-build-windows-amd64-cygwin\jdk8u121\8372\hotspot\src\share\vm\prims\jvm.cpp, line 1390]
Event: 1.647 Thread 0x0000000020a65000 Exception <a 'java/io/FileNotFoundException'> (0x000000076c4de9f0) thrown at [C:\re\workspace\8-2-build-windows-amd64-cygwin\jdk8u121\8372\hotspot\src\share\vm\prims\jni.cpp, line 709]
Event: 1.685 Thread 0x0000000020a65000 Exception <a 'java/lang/NoSuchFieldError': method resolution failed> (0x000000076c5ab018) thrown at [C:\re\workspace\8-2-build-windows-amd64-cygwin\jdk8u121\8372\hotspot\src\share\vm\prims\methodHandles.cpp, line 1146]
Event: 1.686 Thread 0x0000000020a65000 Exception <a 'java/lang/NoSuchFieldError': method resolution failed> (0x000000076c5b8338) thrown at [C:\re\workspace\8-2-build-windows-amd64-cygwin\jdk8u121\8372\hotspot\src\share\vm\prims\methodHandles.cpp, line 1146]
Event: 1.724 Thread 0x0000000020a65000 Exception <a 'java/io/FileNotFoundException'> (0x000000076c7850d8) thrown at [C:\re\workspace\8-2-build-windows-amd64-cygwin\jdk8u121\8372\hotspot\src\share\vm\prims\jni.cpp, line 709]

Events (10 events):
Event: 1224.254 Thread 0x000000001ff0e000 Thread added: 0x000000001ff0e000
Event: 1225.254 Executing VM operation: RevokeBias
Event: 1225.254 Executing VM operation: RevokeBias done
Event: 1225.254 Thread 0x000000001ff0e000 Thread exited: 0x000000001ff0e000
Event: 1225.938 Thread 0x000000001ff11000 Thread added: 0x000000001ff11000
Event: 1226.938 Executing VM operation: RevokeBias
Event: 1226.938 Executing VM operation: RevokeBias done
Event: 1226.938 Thread 0x000000001ff11000 Thread exited: 0x000000001ff11000
Event: 1229.062 Thread 0x000000001ff0c800 Thread added: 0x000000001ff0c800
Event: 1229.095 Thread 0x000000001de8d800 flushing nmethod 0x0000000004a22110


Dynamic libraries:
0x00007ff6735c0000 - 0x00007ff6735f7000 	C:\Program Files\Java\jdk1.8.0_121\bin\javaw.exe
0x00007ff93d830000 - 0x00007ff93da10000 	C:\WINDOWS\SYSTEM32\ntdll.dll
0x00007ff93b850000 - 0x00007ff93b8fe000 	C:\WINDOWS\System32\KERNEL32.DLL
0x00007ff939d30000 - 0x00007ff939f96000 	C:\WINDOWS\System32\KERNELBASE.dll
0x00007ff93bdd0000 - 0x00007ff93be71000 	C:\WINDOWS\System32\ADVAPI32.dll
0x00007ff93d2d0000 - 0x00007ff93d36d000 	C:\WINDOWS\System32\msvcrt.dll
0x00007ff93b920000 - 0x00007ff93b97b000 	C:\WINDOWS\System32\sechost.dll
0x00007ff93d540000 - 0x00007ff93d65f000 	C:\WINDOWS\System32\RPCRT4.dll
0x00007ff93b080000 - 0x00007ff93b20f000 	C:\WINDOWS\System32\USER32.dll
0x00007ff93a050000 - 0x00007ff93a070000 	C:\WINDOWS\System32\win32u.dll
0x00007ff93b820000 - 0x00007ff93b848000 	C:\WINDOWS\System32\GDI32.dll
0x00007ff93a240000 - 0x00007ff93a3d3000 	C:\WINDOWS\System32\gdi32full.dll
0x00007ff93a3e0000 - 0x00007ff93a47b000 	C:\WINDOWS\System32\msvcp_win.dll
0x00007ff939c30000 - 0x00007ff939d26000 	C:\WINDOWS\System32\ucrtbase.dll
0x00007ff9229c0000 - 0x00007ff922c29000 	C:\WINDOWS\WinSxS\amd64_microsoft.windows.common-controls_6595b64144ccf1df_6.0.16299.125_none_15cbcf8893620c09\COMCTL32.dll
0x00007ff93ad00000 - 0x00007ff93b008000 	C:\WINDOWS\System32\combase.dll
0x00007ff93a530000 - 0x00007ff93a5a2000 	C:\WINDOWS\System32\bcryptPrimitives.dll
0x00007ff93d660000 - 0x00007ff93d68d000 	C:\WINDOWS\System32\IMM32.DLL
0x000000006e9e0000 - 0x000000006eab2000 	C:\Program Files\Java\jdk1.8.0_121\jre\bin\msvcr100.dll
0x000000006df20000 - 0x000000006e7bb000 	C:\Program Files\Java\jdk1.8.0_121\jre\bin\server\jvm.dll
0x00007ff93b5f0000 - 0x00007ff93b5f8000 	C:\WINDOWS\System32\PSAPI.DLL
0x00007ff91c610000 - 0x00007ff91c619000 	C:\WINDOWS\SYSTEM32\WSOCK32.dll
0x00007ff93b430000 - 0x00007ff93b49c000 	C:\WINDOWS\System32\WS2_32.dll
0x00007ff937f40000 - 0x00007ff937f63000 	C:\WINDOWS\SYSTEM32\WINMM.dll
0x00007ff930640000 - 0x00007ff93064a000 	C:\WINDOWS\SYSTEM32\VERSION.dll
0x00007ff937ee0000 - 0x00007ff937f0a000 	C:\WINDOWS\SYSTEM32\WINMMBASE.dll
0x00007ff93a4e0000 - 0x00007ff93a52a000 	C:\WINDOWS\System32\cfgmgr32.dll
0x000000006eb90000 - 0x000000006eb9f000 	C:\Program Files\Java\jdk1.8.0_121\jre\bin\verify.dll
0x000000006eb60000 - 0x000000006eb89000 	C:\Program Files\Java\jdk1.8.0_121\jre\bin\java.dll
0x000000006eb40000 - 0x000000006eb56000 	C:\Program Files\Java\jdk1.8.0_121\jre\bin\zip.dll
0x00007ff93be90000 - 0x00007ff93d2c6000 	C:\WINDOWS\System32\SHELL32.dll
0x00007ff93b540000 - 0x00007ff93b5e6000 	C:\WINDOWS\System32\shcore.dll
0x00007ff93a5b0000 - 0x00007ff93acf7000 	C:\WINDOWS\System32\windows.storage.dll
0x00007ff93d370000 - 0x00007ff93d3c1000 	C:\WINDOWS\System32\shlwapi.dll
0x00007ff939c10000 - 0x00007ff939c21000 	C:\WINDOWS\System32\kernel.appcore.dll
0x00007ff939bc0000 - 0x00007ff939c0c000 	C:\WINDOWS\System32\powrprof.dll
0x00007ff939ba0000 - 0x00007ff939bbb000 	C:\WINDOWS\System32\profapi.dll
0x00007ff90bf80000 - 0x00007ff90c06f000 	C:\Users\Lie\.javacpp\cache\opencv-windows-x86_64.jar\org\bytedeco\javacpp\windows-x86_64\msvcr120.dll
0x00007ff917060000 - 0x00007ff917106000 	C:\Users\Lie\.javacpp\cache\opencv-windows-x86_64.jar\org\bytedeco\javacpp\windows-x86_64\msvcp120.dll
0x00007ff9081d0000 - 0x00007ff908458000 	C:\Users\Lie\.javacpp\cache\opencv-windows-x86_64.jar\org\bytedeco\javacpp\windows-x86_64\opencv_core320.dll
0x00007ff907e60000 - 0x00007ff9081c2000 	C:\Users\Lie\.javacpp\cache\opencv-windows-x86_64.jar\org\bytedeco\javacpp\windows-x86_64\opencv_imgproc320.dll
0x00007ff906c90000 - 0x00007ff906eda000 	C:\Users\Lie\.javacpp\cache\opencv-windows-x86_64.jar\org\bytedeco\javacpp\windows-x86_64\jniopencv_core.dll
0x000000006eb20000 - 0x000000006eb3a000 	C:\Program Files\Java\jdk1.8.0_121\jre\bin\net.dll
0x00007ff9393b0000 - 0x00007ff939416000 	C:\WINDOWS\system32\mswsock.dll
0x000000006eb00000 - 0x000000006eb11000 	C:\Program Files\Java\jdk1.8.0_121\jre\bin\nio.dll
0x00007ff90b140000 - 0x00007ff90b230000 	C:\Users\Lie\.javacpp\cache\opencv-windows-x86_64.jar\org\bytedeco\javacpp\windows-x86_64\jniopencv_imgproc.dll
0x00007ff9069c0000 - 0x00007ff906c8a000 	C:\Users\Lie\.javacpp\cache\opencv-windows-x86_64.jar\org\bytedeco\javacpp\windows-x86_64\opencv_imgcodecs320.dll
0x00007ff926900000 - 0x00007ff926925000 	C:\Users\Lie\.javacpp\cache\opencv-windows-x86_64.jar\org\bytedeco\javacpp\windows-x86_64\jniopencv_imgcodecs.dll
0x00007ff939580000 - 0x00007ff939597000 	C:\WINDOWS\SYSTEM32\CRYPTSP.dll
0x00007ff938fc0000 - 0x00007ff938ff3000 	C:\WINDOWS\system32\rsaenh.dll
0x00007ff939680000 - 0x00007ff9396a5000 	C:\WINDOWS\SYSTEM32\bcrypt.dll
0x00007ff939ab0000 - 0x00007ff939ad9000 	C:\WINDOWS\SYSTEM32\USERENV.dll
0x00007ff939570000 - 0x00007ff93957b000 	C:\WINDOWS\SYSTEM32\CRYPTBASE.dll
0x00007ff939140000 - 0x00007ff939179000 	C:\WINDOWS\SYSTEM32\IPHLPAPI.DLL
0x00007ff93be80000 - 0x00007ff93be88000 	C:\WINDOWS\System32\NSI.dll
0x00007ff9343a0000 - 0x00007ff9343b6000 	C:\WINDOWS\SYSTEM32\dhcpcsvc6.DLL
0x00007ff934a10000 - 0x00007ff934a2a000 	C:\WINDOWS\SYSTEM32\dhcpcsvc.DLL
0x0000000180000000 - 0x0000000180037000 	C:\Users\Lie\AppData\Local\Temp\jna8742218325695326257.dll
0x000000006dd80000 - 0x000000006df18000 	C:\Program Files\Java\jdk1.8.0_121\jre\bin\awt.dll
0x00007ff93b750000 - 0x00007ff93b815000 	C:\WINDOWS\System32\OLEAUT32.dll
0x00007ff938050000 - 0x00007ff9380d8000 	C:\WINDOWS\SYSTEM32\apphelp.dll
0x00007ff938410000 - 0x00007ff93843a000 	C:\WINDOWS\system32\DWMAPI.DLL
0x00007ff938340000 - 0x00007ff9383d5000 	C:\WINDOWS\system32\uxtheme.dll
0x00007ff91bce0000 - 0x00007ff91bdfe000 	C:\WINDOWS\system32\opengl32.dll
0x00007ff91bc70000 - 0x00007ff91bc9c000 	C:\WINDOWS\SYSTEM32\GLU32.dll
0x00007ff93d3d0000 - 0x00007ff93d537000 	C:\WINDOWS\System32\MSCTF.dll
0x00007ff93b600000 - 0x00007ff93b749000 	C:\WINDOWS\System32\ole32.dll
0x00007ff91f5c0000 - 0x00007ff91f788000 	C:\WINDOWS\SYSTEM32\dbghelp.dll

VM Arguments:
jvm_args: -Dfile.encoding=GBK -Xbootclasspath/a:D:\JavaLib\javacv-bin\artoolkitplus.jar;D:\JavaLib\javacv-bin\artoolkitplus-android-arm.jar;D:\JavaLib\javacv-bin\artoolkitplus-android-x86.jar;D:\JavaLib\javacv-bin\artoolkitplus-linux-armhf.jar;D:\JavaLib\javacv-bin\artoolkitplus-linux-ppc64le.jar;D:\JavaLib\javacv-bin\artoolkitplus-linux-x86.jar;D:\JavaLib\javacv-bin\artoolkitplus-linux-x86_64.jar;D:\JavaLib\javacv-bin\artoolkitplus-macosx-x86_64.jar;D:\JavaLib\javacv-bin\artoolkitplus-platform.jar;D:\JavaLib\javacv-bin\artoolkitplus-windows-x86.jar;D:\JavaLib\javacv-bin\artoolkitplus-windows-x86_64.jar;D:\JavaLib\javacv-bin\ffmpeg.jar;D:\JavaLib\javacv-bin\ffmpeg-android-arm.jar;D:\JavaLib\javacv-bin\ffmpeg-android-x86.jar;D:\JavaLib\javacv-bin\ffmpeg-linux-armhf.jar;D:\JavaLib\javacv-bin\ffmpeg-linux-ppc64le.jar;D:\JavaLib\javacv-bin\ffmpeg-linux-x86.jar;D:\JavaLib\javacv-bin\ffmpeg-linux-x86_64.jar;D:\JavaLib\javacv-bin\ffmpeg-macosx-x86_64.jar;D:\JavaLib\javacv-bin\ffmpeg-platform.jar;D:\JavaLib\javacv-bin\ffmpeg-windows-x86.jar;D:\JavaLib\javacv-bin\ffmpeg-windows-x86_64.jar;D:\JavaLib\javacv-bin\flandmark.jar;D:\JavaLib\javacv-bin\flandmark-android-arm.jar;D:\JavaLib\javacv-bin\flandmark-android-x86.jar;D:\JavaLib\javacv-bin\flandmark-linux-armhf.jar;D:\JavaLib\javacv-bin\flandmark-linux-ppc64le.jar;D:\JavaLib\javacv-bin\flandmark-linux-x86.jar;D:\JavaLib\javacv-bin\flandmark-linux-x86_64.jar;D:\JavaLib\javacv-bin\flandmark-macosx-x86_64.jar;D:\JavaLib\javacv-bin\flandmark-platform.jar;D:\JavaLib\javacv-bin\flandmark-windows-x86.jar;D:\JavaLib\javacv-bin\flandmark-windows-x86_64.jar;D:\JavaLib\javacv-bin\flycapture.jar;D:\JavaLib\javacv-bin\flycapture-linux-armhf.jar;D:\JavaLib\javacv-bin\flycapture-linux-x86.jar;D:\JavaLib\javacv-bin\flycapture-linux-x86_64.jar;D:\JavaLib\javacv-bin\flycapture-platform.jar;D:\JavaLib\javacv-bin\flycapture-windows-x86.jar;D:\JavaLib\javacv-bin\flycapture-windows-x86_64.jar;D:\JavaLib\javacv-bin\javacpp.jar;D:\JavaLib\javacv-bin\javacv.jar;D:\JavaLib\javac
java_command: genius.fun.main.GeniusMain
java_class_path (initial): D:\Geniu-s\Game-geniu-s\bin;D:\Geniu-s\Game-geniu-s\lib\jna-3.3.0.jar
Launcher Type: SUN_STANDARD

Environment Variables:
PATH=C:/Program Files/Java/jdk1.8.0_121/bin/../jre/bin/server;C:/Program Files/Java/jdk1.8.0_121/bin/../jre/bin;C:/Program Files/Java/jdk1.8.0_121/bin/../jre/lib/amd64;C:\Windows\system32;C:\Windows;C:\Windows\System32\Wbem;C:\Windows\System32\WindowsPowerShell\v1.0\;C:\Program Files (x86)\NVIDIA Corporation\PhysX\Common;C:\Program Files\Java\jdk1.8.0_121\bin;C:\Program Files\Java\jdk1.8.0_121\lib;C:\Go\bin;C:\Program Files\Git\cmd;C:\WINDOWS\system32;C:\WINDOWS;C:\WINDOWS\System32\Wbem;C:\WINDOWS\System32\WindowsPowerShell\v1.0\;C:\Users\Lie\AppData\Local\Microsoft\WindowsApps;C:\Users\Lie\AppData\Local\GitHubDesktop\bin;C:\Users\Lie\AppData\Local\Microsoft\WindowsApps;D:\eclipse;
USERNAME=Lie
OS=Windows_NT
PROCESSOR_IDENTIFIER=Intel64 Family 6 Model 158 Stepping 9, GenuineIntel



---------------  S Y S T E M  ---------------

OS: Windows 10.0 , 64 bit Build 16299 (10.0.16299.15)

CPU:total 4 (4 cores per cpu, 1 threads per core) family 6 model 158 stepping 9, cmov, cx8, fxsr, mmx, sse, sse2, sse3, ssse3, sse4.1, sse4.2, popcnt, avx, avx2, aes, clmul, erms, 3dnowpref, lzcnt, tsc, tscinvbit, bmi1, bmi2, adx

Memory: 4k page, physical 16642280k(7873124k free), swap 19394792k(9007392k free)

vm_info: Java HotSpot(TM) 64-Bit Server VM (25.121-b13) for windows-amd64 JRE (1.8.0_121-b13), built on Dec 12 2016 18:21:36 by "java_re" with MS VC++ 10.0 (VS2010)

time: Tue Dec 19 00:45:37 2017
elapsed time: 1229 seconds (0d 0h 20m 29s)

