#
# A fatal error has been detected by the Java Runtime Environment:
#
#  EXCEPTION_ACCESS_VIOLATION (0xc0000005) at pc=0x00007ffeb4258790, pid=289076, tid=0x0000000000031a88
#
# JRE version: Java(TM) SE Runtime Environment (8.0_121-b13) (build 1.8.0_121-b13)
# Java VM: Java HotSpot(TM) 64-Bit Server VM (25.121-b13 mixed mode windows-amd64 compressed oops)
# Problematic frame:
# C  [opencv_imgproc320.dll+0x28790]
#
# Failed to write core dump. Minidumps are not enabled by default on client versions of Windows
#
# If you would like to submit a bug report, please visit:
#   http://bugreport.java.com/bugreport/crash.jsp
# The crash happened outside the Java Virtual Machine in native code.
# See problematic frame for where to report the bug.
#

---------------  T H R E A D  ---------------

Current thread (0x0000000018907000):  JavaThread "Thread-1" [_thread_in_native, id=203400, stack(0x0000000019430000,0x0000000019530000)]

siginfo: ExceptionCode=0xc0000005, reading address 0x000000001cb99cb5

Registers:
RAX=0x000000001cb99cb4, RBX=0x000000001952d110, RCX=0x000000000000004a, RDX=0x0000000000000058
RSP=0x000000001952cb48, RBP=0x00000000000002d8, RSI=0x000000001cb995f0, RDI=0x0000000000000174
R8 =0x000000000000005b, R9 =0x0000000000000241, R10=0x000000001952d1a4, R11=0x000000001a5a7dc0
R12=0x0000000000000005, R13=0x0000000000000001, R14=0x0000000000000003, R15=0x000000001952cb90
RIP=0x00007ffeb4258790, EFLAGS=0x0000000000010297

Top of Stack: (sp=0x000000001952cb48)
0x000000001952cb48:   0000000000000002 00000000000001fa
0x000000001952cb58:   00007ffeb7347415 0000000000000006
0x000000001952cb68:   0000000000000004 0000000000000005
0x000000001952cb78:   0000000000000003 000000001952cef8
0x000000001952cb88:   00007ffeb7346ebc 000001a600000151
0x000000001952cb98:   000000001952cff0 000000001952cbb0
0x000000001952cba8:   0000000000000004 0000000500000004
0x000000001952cbb8:   dc2f2fdc2f2fdc2f 2f2fdc2f2fdc2f2f
0x000000001952cbc8:   00007ffebfb47ddd dc2f2fdc2f2fdc2f
0x000000001952cbd8:   2f2fdc2f2fdc2f2f 2fdc2f2fdc2f2fdc
0x000000001952cbe8:   dc2f2fdc2f2fdc2f 000000000000000f
0x000000001952cbf8:   0000000000000000 000000000000000f
0x000000001952cc08:   00007ffee549cd3c 2fdc2f2fdc2f2fdc
0x000000001952cc18:   00007ffebfb58d8a 2f2fdc2f2fdc2f2f
0x000000001952cc28:   2fdc2f2fdc2f2fdc 00000000008338f0
0x000000001952cc38:   00007ffebfb47ae8 000000001bde92a0 

Instructions: (pc=0x00007ffeb4258790)
0x00007ffeb4258770:   48 8b 43 30 48 63 6b 28 45 33 c9 4c 8d 50 04 48
0x00007ffeb4258780:   85 ed 7e 3f 4c 63 30 48 8d 46 01 0f 1f 44 00 00
0x00007ffeb4258790:   0f b6 48 01 0f b6 50 ff 49 ff c1 45 8b 84 8a 00
0x00007ffeb42587a0:   08 00 00 0f b6 08 49 03 c6 45 03 04 92 45 03 84 


Register to memory mapping:

RAX=0x000000001cb99cb4 is an unknown value
RBX=0x000000001952d110 is pointing into the stack for thread: 0x0000000018907000
RCX=0x000000000000004a is an unknown value
RDX=0x0000000000000058 is an unknown value
RSP=0x000000001952cb48 is pointing into the stack for thread: 0x0000000018907000
RBP=0x00000000000002d8 is an unknown value
RSI=0x000000001cb995f0 is an unknown value
RDI=0x0000000000000174 is an unknown value
R8 =0x000000000000005b is an unknown value
R9 =0x0000000000000241 is an unknown value
R10=0x000000001952d1a4 is pointing into the stack for thread: 0x0000000018907000
R11=0x000000001a5a7dc0 is an unknown value
R12=0x0000000000000005 is an unknown value
R13=0x0000000000000001 is an unknown value
R14=0x0000000000000003 is an unknown value
R15=0x000000001952cb90 is pointing into the stack for thread: 0x0000000018907000


Stack: [0x0000000019430000,0x0000000019530000],  sp=0x000000001952cb48,  free space=1010k
Native frames: (J=compiled Java code, j=interpreted, Vv=VM code, C=native code)
C  [opencv_imgproc320.dll+0x28790]
C  [opencv_core320.dll+0x157415]
C  [opencv_core320.dll+0x156ebc]
C  [msvcr120.dll+0x1bdca]
C  [opencv_core320.dll+0x1561a5]
C  [opencv_core320.dll+0x157ea3]
C  [opencv_imgproc320.dll+0x3e67f]
C  [opencv_imgproc320.dll+0x3fc2b]
C  [opencv_imgproc320.dll+0x46c15]
C  [jniopencv_imgproc.dll+0x6e52d]
C  0x0000000002a07f74

Java frames: (J=compiled Java code, j=interpreted, Vv=VM code)
j  org.bytedeco.javacpp.opencv_imgproc.cvCvtColor(Lorg/bytedeco/javacpp/helper/opencv_core$CvArr;Lorg/bytedeco/javacpp/helper/opencv_core$CvArr;I)V+0
j  genius.fun.main.ImageProc.getHueHistogram(Lorg/bytedeco/javacpp/opencv_core$IplImage;)Lorg/bytedeco/javacpp/opencv_core$CvHistogram;+37
j  genius.fun.main.ImageProc.histMatch(Ljava/lang/String;Ljava/lang/String;)D+13
j  genius.fun.main.DtoP2.getUIType(Ljava/lang/String;)I+30
j  genius.fun.action.TeamAction.p2Action(I)V+50
j  genius.fun.control.CenterControl$P2Thread.run()V+43
v  ~StubRoutines::call_stub

---------------  P R O C E S S  ---------------

Java Threads: ( => current thread )
  0x00000000198ce000 JavaThread "AWT-Shutdown" [_thread_blocked, id=288148, stack(0x000000001d1d0000,0x000000001d2d0000)]
  0x0000000019b14800 JavaThread "JavaCPP Deallocator" daemon [_thread_blocked, id=247012, stack(0x000000001bbc0000,0x000000001bcc0000)]
  0x0000000019921000 JavaThread "AWT-Windows" daemon [_thread_in_native, id=289220, stack(0x000000001a100000,0x000000001a200000)]
  0x000000001991f800 JavaThread "Java2D Disposer" daemon [_thread_blocked, id=289328, stack(0x0000000019f00000,0x000000001a000000)]
  0x00000000028f3800 JavaThread "DestroyJavaVM" [_thread_blocked, id=198548, stack(0x00000000027f0000,0x00000000028f0000)]
=>0x0000000018907000 JavaThread "Thread-1" [_thread_in_native, id=203400, stack(0x0000000019430000,0x0000000019530000)]
  0x00000000188fd800 JavaThread "Thread-0" [_thread_blocked, id=286940, stack(0x0000000019330000,0x0000000019430000)]
  0x00000000188b3800 JavaThread "Service Thread" daemon [_thread_blocked, id=261288, stack(0x0000000019130000,0x0000000019230000)]
  0x0000000018891800 JavaThread "C1 CompilerThread2" daemon [_thread_blocked, id=249496, stack(0x0000000019030000,0x0000000019130000)]
  0x000000001753e000 JavaThread "C2 CompilerThread1" daemon [_thread_blocked, id=247432, stack(0x0000000018f30000,0x0000000019030000)]
  0x0000000017506000 JavaThread "C2 CompilerThread0" daemon [_thread_blocked, id=254828, stack(0x0000000018e30000,0x0000000018f30000)]
  0x0000000018873800 JavaThread "Attach Listener" daemon [_thread_blocked, id=213132, stack(0x0000000018d30000,0x0000000018e30000)]
  0x00000000174f3800 JavaThread "Signal Dispatcher" daemon [_thread_blocked, id=269936, stack(0x0000000018c30000,0x0000000018d30000)]
  0x00000000174cf000 JavaThread "Finalizer" daemon [_thread_blocked, id=287640, stack(0x0000000018730000,0x0000000018830000)]
  0x00000000029e7000 JavaThread "Reference Handler" daemon [_thread_blocked, id=270280, stack(0x0000000018630000,0x0000000018730000)]

Other Threads:
  0x00000000174a7800 VMThread [stack: 0x0000000018530000,0x0000000018630000] [id=233284]
  0x00000000188ca000 WatcherThread [stack: 0x0000000019230000,0x0000000019330000] [id=270284]

VM state:not at safepoint (normal execution)

VM Mutex/Monitor currently owned by a thread: None

Heap:
 PSYoungGen      total 37888K, used 15894K [0x00000000d6000000, 0x00000000d8a00000, 0x0000000100000000)
  eden space 32768K, 34% used [0x00000000d6000000,0x00000000d6ae18f8,0x00000000d8000000)
  from space 5120K, 92% used [0x00000000d8500000,0x00000000d89a3f40,0x00000000d8a00000)
  to   space 5120K, 0% used [0x00000000d8000000,0x00000000d8000000,0x00000000d8500000)
 ParOldGen       total 86016K, used 24K [0x0000000082000000, 0x0000000087400000, 0x00000000d6000000)
  object space 86016K, 0% used [0x0000000082000000,0x0000000082006000,0x0000000087400000)
 Metaspace       used 10253K, capacity 10402K, committed 10752K, reserved 1058816K
  class space    used 1117K, capacity 1185K, committed 1280K, reserved 1048576K

Card table byte_map: [0x0000000011db0000,0x00000000121b0000] byte_map_base: 0x00000000119a0000

Marking Bits: (ParMarkBitMap*) 0x000000005574b6d0
 Begin Bits: [0x0000000012850000, 0x00000000147d0000)
 End Bits:   [0x00000000147d0000, 0x0000000016750000)

Polling page: 0x0000000000b20000

CodeCache: size=245760Kb used=3586Kb max_used=3597Kb free=242174Kb
 bounds [0x00000000029f0000, 0x0000000002d80000, 0x00000000119f0000]
 total_blobs=1343 nmethods=844 adapters=412
 compilation: enabled

Compilation events (10 events):
Event: 25.520 Thread 0x0000000017506000  839       4       sun.java2d.StateTrackableDelegate::createInstance (80 bytes)
Event: 25.521 Thread 0x0000000017506000 nmethod 839 0x0000000002d6e910 code [0x0000000002d6ea80, 0x0000000002d6ec48]
Event: 25.536 Thread 0x000000001753e000  840       4       java.awt.image.DataBuffer::<init> (40 bytes)
Event: 25.539 Thread 0x000000001753e000 nmethod 840 0x0000000002d6e290 code [0x0000000002d6e400, 0x0000000002d6e6c8]
Event: 25.540 Thread 0x0000000017506000  841       4       java.awt.image.SinglePixelPackedSampleModel::<init> (52 bytes)
Event: 25.541 Thread 0x000000001753e000  842       4       sun.awt.image.IntegerInterleavedRaster::<init> (195 bytes)
Event: 25.550 Thread 0x0000000017506000 nmethod 841 0x0000000002d71350 code [0x0000000002d714c0, 0x0000000002d71b18]
Event: 25.555 Thread 0x000000001753e000 nmethod 842 0x0000000002d725d0 code [0x0000000002d72780, 0x0000000002d730d8]
Event: 25.583 Thread 0x0000000018891800  843       3       java.nio.Buffer::position (43 bytes)
Event: 25.583 Thread 0x0000000018891800 nmethod 843 0x0000000002d720d0 code [0x0000000002d72240, 0x0000000002d72508]

GC Heap History (4 events):
Event: 8.790 GC heap before
{Heap before GC invocations=1 (full 0):
 PSYoungGen      total 37888K, used 32768K [0x00000000d6000000, 0x00000000d8a00000, 0x0000000100000000)
  eden space 32768K, 100% used [0x00000000d6000000,0x00000000d8000000,0x00000000d8000000)
  from space 5120K, 0% used [0x00000000d8500000,0x00000000d8500000,0x00000000d8a00000)
  to   space 5120K, 0% used [0x00000000d8000000,0x00000000d8000000,0x00000000d8500000)
 ParOldGen       total 86016K, used 0K [0x0000000082000000, 0x0000000087400000, 0x00000000d6000000)
  object space 86016K, 0% used [0x0000000082000000,0x0000000082000000,0x0000000087400000)
 Metaspace       used 10236K, capacity 10402K, committed 10752K, reserved 1058816K
  class space    used 1117K, capacity 1185K, committed 1280K, reserved 1048576K
Event: 8.802 GC heap after
Heap after GC invocations=1 (full 0):
 PSYoungGen      total 37888K, used 3613K [0x00000000d6000000, 0x00000000d8a00000, 0x0000000100000000)
  eden space 32768K, 0% used [0x00000000d6000000,0x00000000d6000000,0x00000000d8000000)
  from space 5120K, 70% used [0x00000000d8000000,0x00000000d83876e0,0x00000000d8500000)
  to   space 5120K, 0% used [0x00000000d8500000,0x00000000d8500000,0x00000000d8a00000)
 ParOldGen       total 86016K, used 16K [0x0000000082000000, 0x0000000087400000, 0x00000000d6000000)
  object space 86016K, 0% used [0x0000000082000000,0x0000000082004000,0x0000000087400000)
 Metaspace       used 10236K, capacity 10402K, committed 10752K, reserved 1058816K
  class space    used 1117K, capacity 1185K, committed 1280K, reserved 1048576K
}
Event: 22.220 GC heap before
{Heap before GC invocations=2 (full 0):
 PSYoungGen      total 37888K, used 36381K [0x00000000d6000000, 0x00000000d8a00000, 0x0000000100000000)
  eden space 32768K, 100% used [0x00000000d6000000,0x00000000d8000000,0x00000000d8000000)
  from space 5120K, 70% used [0x00000000d8000000,0x00000000d83876e0,0x00000000d8500000)
  to   space 5120K, 0% used [0x00000000d8500000,0x00000000d8500000,0x00000000d8a00000)
 ParOldGen       total 86016K, used 16K [0x0000000082000000, 0x0000000087400000, 0x00000000d6000000)
  object space 86016K, 0% used [0x0000000082000000,0x0000000082004000,0x0000000087400000)
 Metaspace       used 10251K, capacity 10402K, committed 10752K, reserved 1058816K
  class space    used 1117K, capacity 1185K, committed 1280K, reserved 1048576K
Event: 22.226 GC heap after
Heap after GC invocations=2 (full 0):
 PSYoungGen      total 37888K, used 4751K [0x00000000d6000000, 0x00000000d8a00000, 0x0000000100000000)
  eden space 32768K, 0% used [0x00000000d6000000,0x00000000d6000000,0x00000000d8000000)
  from space 5120K, 92% used [0x00000000d8500000,0x00000000d89a3f40,0x00000000d8a00000)
  to   space 5120K, 0% used [0x00000000d8000000,0x00000000d8000000,0x00000000d8500000)
 ParOldGen       total 86016K, used 24K [0x0000000082000000, 0x0000000087400000, 0x00000000d6000000)
  object space 86016K, 0% used [0x0000000082000000,0x0000000082006000,0x0000000087400000)
 Metaspace       used 10251K, capacity 10402K, committed 10752K, reserved 1058816K
  class space    used 1117K, capacity 1185K, committed 1280K, reserved 1048576K
}

Deoptimization events (3 events):
Event: 1.436 Thread 0x00000000188fd800 Uncommon trap: reason=unstable_if action=reinterpret pc=0x0000000002c006b0 method=java.lang.String.<init>([CII)V @ 18
Event: 9.073 Thread 0x0000000018907000 Uncommon trap: reason=unstable_if action=reinterpret pc=0x0000000002c57f54 method=com.sun.imageio.plugins.bmp.BMPImageWriter.writePixels(III[IIILjava/awt/image/IndexColorModel;)V @ 1173
Event: 9.075 Thread 0x0000000018907000 Uncommon trap: reason=unstable_if action=reinterpret pc=0x0000000002c43988 method=com.sun.imageio.plugins.bmp.BMPImageWriter.writePixels(III[IIILjava/awt/image/IndexColorModel;)V @ 1173

Internal exceptions (10 events):
Event: 0.551 Thread 0x00000000188fd800 Exception <a 'java/security/PrivilegedActionException'> (0x00000000d6490480) thrown at [C:\re\workspace\8-2-build-windows-amd64-cygwin\jdk8u121\8372\hotspot\src\share\vm\prims\jvm.cpp, line 1390]
Event: 0.551 Thread 0x00000000188fd800 Exception <a 'java/security/PrivilegedActionException'> (0x00000000d6490690) thrown at [C:\re\workspace\8-2-build-windows-amd64-cygwin\jdk8u121\8372\hotspot\src\share\vm\prims\jvm.cpp, line 1390]
Event: 0.551 Thread 0x00000000188fd800 Exception <a 'java/security/PrivilegedActionException'> (0x00000000d6491580) thrown at [C:\re\workspace\8-2-build-windows-amd64-cygwin\jdk8u121\8372\hotspot\src\share\vm\prims\jvm.cpp, line 1390]
Event: 0.551 Thread 0x00000000188fd800 Exception <a 'java/security/PrivilegedActionException'> (0x00000000d6491790) thrown at [C:\re\workspace\8-2-build-windows-amd64-cygwin\jdk8u121\8372\hotspot\src\share\vm\prims\jvm.cpp, line 1390]
Event: 0.551 Thread 0x00000000188fd800 Exception <a 'java/security/PrivilegedActionException'> (0x00000000d6492678) thrown at [C:\re\workspace\8-2-build-windows-amd64-cygwin\jdk8u121\8372\hotspot\src\share\vm\prims\jvm.cpp, line 1390]
Event: 0.551 Thread 0x00000000188fd800 Exception <a 'java/security/PrivilegedActionException'> (0x00000000d6492888) thrown at [C:\re\workspace\8-2-build-windows-amd64-cygwin\jdk8u121\8372\hotspot\src\share\vm\prims\jvm.cpp, line 1390]
Event: 1.058 Thread 0x00000000188fd800 Exception <a 'java/io/FileNotFoundException'> (0x00000000d66496a8) thrown at [C:\re\workspace\8-2-build-windows-amd64-cygwin\jdk8u121\8372\hotspot\src\share\vm\prims\jni.cpp, line 709]
Event: 1.148 Thread 0x00000000188fd800 Exception <a 'java/lang/NoSuchFieldError': method resolution failed> (0x00000000d6716178) thrown at [C:\re\workspace\8-2-build-windows-amd64-cygwin\jdk8u121\8372\hotspot\src\share\vm\prims\methodHandles.cpp, line 1146]
Event: 1.150 Thread 0x00000000188fd800 Exception <a 'java/lang/NoSuchFieldError': method resolution failed> (0x00000000d6723498) thrown at [C:\re\workspace\8-2-build-windows-amd64-cygwin\jdk8u121\8372\hotspot\src\share\vm\prims\methodHandles.cpp, line 1146]
Event: 1.226 Thread 0x00000000188fd800 Exception <a 'java/io/FileNotFoundException'> (0x00000000d67ac030) thrown at [C:\re\workspace\8-2-build-windows-amd64-cygwin\jdk8u121\8372\hotspot\src\share\vm\prims\jni.cpp, line 709]

Events (10 events):
Event: 22.228 Executing VM operation: RevokeBias
Event: 22.228 Executing VM operation: RevokeBias done
Event: 22.228 Executing VM operation: RevokeBias
Event: 22.228 Executing VM operation: RevokeBias done
Event: 22.229 Executing VM operation: RevokeBias
Event: 22.229 Executing VM operation: RevokeBias done
Event: 23.232 Executing VM operation: RevokeBias
Event: 23.232 Executing VM operation: RevokeBias done
Event: 23.232 Thread 0x00000000198ce000 Thread exited: 0x00000000198ce000
Event: 25.414 Thread 0x00000000198ce000 Thread added: 0x00000000198ce000


Dynamic libraries:
0x00007ff7bd320000 - 0x00007ff7bd357000 	C:\Program Files\Java\jdk1.8.0_121\bin\javaw.exe
0x00007ffee8510000 - 0x00007ffee86e2000 	C:\Windows\SYSTEM32\ntdll.dll
0x00007ffee60a0000 - 0x00007ffee614c000 	C:\Windows\System32\KERNEL32.DLL
0x00007ffee5450000 - 0x00007ffee566d000 	C:\Windows\System32\KERNELBASE.dll
0x00007ffee2bf0000 - 0x00007ffee2c6a000 	C:\Windows\system32\apphelp.dll
0x00007ffee5e90000 - 0x00007ffee5f32000 	C:\Windows\System32\ADVAPI32.dll
0x00007ffee5f40000 - 0x00007ffee5fde000 	C:\Windows\System32\msvcrt.dll
0x00007ffee5fe0000 - 0x00007ffee6039000 	C:\Windows\System32\sechost.dll
0x00007ffee83e0000 - 0x00007ffee8501000 	C:\Windows\System32\RPCRT4.dll
0x00007ffee8270000 - 0x00007ffee83d5000 	C:\Windows\System32\USER32.dll
0x00007ffee4b90000 - 0x00007ffee4bae000 	C:\Windows\System32\win32u.dll
0x00007ffee5cf0000 - 0x00007ffee5d24000 	C:\Windows\System32\GDI32.dll
0x00007ffee4a10000 - 0x00007ffee4b90000 	C:\Windows\System32\gdi32full.dll
0x00007ffed3d80000 - 0x00007ffed3ffa000 	C:\Windows\WinSxS\amd64_microsoft.windows.common-controls_6595b64144ccf1df_6.0.14393.953_none_42151e83c686086b\COMCTL32.dll
0x00007ffee7b10000 - 0x00007ffee7dd8000 	C:\Windows\System32\combase.dll
0x00007ffee5670000 - 0x00007ffee5765000 	C:\Windows\System32\ucrtbase.dll
0x00007ffee4bb0000 - 0x00007ffee4c1a000 	C:\Windows\System32\bcryptPrimitives.dll
0x00007ffee5c40000 - 0x00007ffee5c6e000 	C:\Windows\System32\IMM32.DLL
0x0000000054970000 - 0x0000000054a42000 	C:\Program Files\Java\jdk1.8.0_121\jre\bin\msvcr100.dll
0x0000000054f30000 - 0x00000000557cb000 	C:\Program Files\Java\jdk1.8.0_121\jre\bin\server\jvm.dll
0x00007ffee5ce0000 - 0x00007ffee5ce8000 	C:\Windows\System32\PSAPI.DLL
0x00007ffee2960000 - 0x00007ffee2983000 	C:\Windows\SYSTEM32\WINMM.dll
0x00007ffedf040000 - 0x00007ffedf04a000 	C:\Windows\SYSTEM32\VERSION.dll
0x00007ffec5dc0000 - 0x00007ffec5dc9000 	C:\Windows\SYSTEM32\WSOCK32.dll
0x00007ffee27f0000 - 0x00007ffee281b000 	C:\Windows\SYSTEM32\WINMMBASE.dll
0x00007ffee5770000 - 0x00007ffee57b2000 	C:\Windows\System32\cfgmgr32.dll
0x00007ffee6160000 - 0x00007ffee61ca000 	C:\Windows\System32\WS2_32.dll
0x0000000054f20000 - 0x0000000054f2f000 	C:\Program Files\Java\jdk1.8.0_121\jre\bin\verify.dll
0x0000000054ef0000 - 0x0000000054f19000 	C:\Program Files\Java\jdk1.8.0_121\jre\bin\java.dll
0x0000000054ed0000 - 0x0000000054ee6000 	C:\Program Files\Java\jdk1.8.0_121\jre\bin\zip.dll
0x00007ffee61d0000 - 0x00007ffee76d8000 	C:\Windows\System32\SHELL32.dll
0x00007ffee4cd0000 - 0x00007ffee53aa000 	C:\Windows\System32\windows.storage.dll
0x00007ffee49c0000 - 0x00007ffee4a0c000 	C:\Windows\System32\powrprof.dll
0x00007ffee5b20000 - 0x00007ffee5b72000 	C:\Windows\System32\shlwapi.dll
0x00007ffee4980000 - 0x00007ffee498f000 	C:\Windows\System32\kernel.appcore.dll
0x00007ffee4c20000 - 0x00007ffee4cc9000 	C:\Windows\System32\shcore.dll
0x00007ffee4990000 - 0x00007ffee49a4000 	C:\Windows\System32\profapi.dll
0x00007ffee4410000 - 0x00007ffee4427000 	C:\Windows\SYSTEM32\CRYPTSP.dll
0x00007ffee3b50000 - 0x00007ffee3b83000 	C:\Windows\system32\rsaenh.dll
0x00007ffee4800000 - 0x00007ffee482b000 	C:\Windows\SYSTEM32\bcrypt.dll
0x00007ffee3dd0000 - 0x00007ffee3def000 	C:\Windows\SYSTEM32\USERENV.dll
0x00007ffee4150000 - 0x00007ffee415b000 	C:\Windows\SYSTEM32\CRYPTBASE.dll
0x0000000054eb0000 - 0x0000000054eca000 	C:\Program Files\Java\jdk1.8.0_121\jre\bin\net.dll
0x00007ffee3f50000 - 0x00007ffee3fac000 	C:\Windows\system32\mswsock.dll
0x00007ffee3cd0000 - 0x00007ffee3d08000 	C:\Windows\SYSTEM32\IPHLPAPI.DLL
0x00007ffee7e80000 - 0x00007ffee7e88000 	C:\Windows\System32\NSI.dll
0x00007ffedff50000 - 0x00007ffedff66000 	C:\Windows\SYSTEM32\dhcpcsvc6.DLL
0x00007ffee00d0000 - 0x00007ffee00ea000 	C:\Windows\SYSTEM32\dhcpcsvc.DLL
0x0000000054e90000 - 0x0000000054ea1000 	C:\Program Files\Java\jdk1.8.0_121\jre\bin\nio.dll
0x0000000180000000 - 0x0000000180037000 	C:\Users\Lie\AppData\Local\Temp\jna4753593559705357210.dll
0x00000000547d0000 - 0x0000000054968000 	C:\Program Files\Java\jdk1.8.0_121\jre\bin\awt.dll
0x00007ffee5b80000 - 0x00007ffee5c3f000 	C:\Windows\System32\OLEAUT32.dll
0x00007ffee53b0000 - 0x00007ffee544c000 	C:\Windows\System32\msvcp_win.dll
0x00007ffee2250000 - 0x00007ffee2276000 	C:\Windows\system32\DWMAPI.DLL
0x00007ffee2dd0000 - 0x00007ffee2e65000 	C:\Windows\system32\uxtheme.dll
0x00007ffec2b70000 - 0x00007ffec2c93000 	C:\Windows\system32\opengl32.dll
0x00007ffec2080000 - 0x00007ffec2177000 	C:\Windows\SYSTEM32\DDRAW.dll
0x00007ffec2b00000 - 0x00007ffec2b2d000 	C:\Windows\SYSTEM32\GLU32.dll
0x00007ffec3590000 - 0x00007ffec3598000 	C:\Windows\SYSTEM32\DCIMAN32.dll
0x00007ffee5d30000 - 0x00007ffee5e8a000 	C:\Windows\System32\MSCTF.dll
0x00007ffee7f90000 - 0x00007ffee80c8000 	C:\Windows\System32\ole32.dll
0x00007ffebfb40000 - 0x00007ffebfc2f000 	C:\Users\Lie\.javacpp\cache\opencv-windows-x86_64.jar\org\bytedeco\javacpp\windows-x86_64\msvcr120.dll
0x00007ffebf2c0000 - 0x00007ffebf366000 	C:\Users\Lie\.javacpp\cache\opencv-windows-x86_64.jar\org\bytedeco\javacpp\windows-x86_64\msvcp120.dll
0x00007ffeb71f0000 - 0x00007ffeb7478000 	C:\Users\Lie\.javacpp\cache\opencv-windows-x86_64.jar\org\bytedeco\javacpp\windows-x86_64\opencv_core320.dll
0x00007ffeb4230000 - 0x00007ffeb4592000 	C:\Users\Lie\.javacpp\cache\opencv-windows-x86_64.jar\org\bytedeco\javacpp\windows-x86_64\opencv_imgproc320.dll
0x00007ffeabe90000 - 0x00007ffeac0da000 	C:\Users\Lie\.javacpp\cache\opencv-windows-x86_64.jar\org\bytedeco\javacpp\windows-x86_64\jniopencv_core.dll
0x00007ffebf130000 - 0x00007ffebf220000 	C:\Users\Lie\.javacpp\cache\opencv-windows-x86_64.jar\org\bytedeco\javacpp\windows-x86_64\jniopencv_imgproc.dll
0x00007ffeabbc0000 - 0x00007ffeabe8a000 	C:\Users\Lie\.javacpp\cache\opencv-windows-x86_64.jar\org\bytedeco\javacpp\windows-x86_64\opencv_imgcodecs320.dll
0x00007ffec9ba0000 - 0x00007ffec9bc5000 	C:\Users\Lie\.javacpp\cache\opencv-windows-x86_64.jar\org\bytedeco\javacpp\windows-x86_64\jniopencv_imgcodecs.dll
0x00007ffee4430000 - 0x00007ffee45c2000 	C:\Windows\SYSTEM32\dbghelp.dll

VM Arguments:
jvm_args: -Dfile.encoding=GBK -Xbootclasspath/a:D:\JavaLib\javacv-bin\artoolkitplus.jar;D:\JavaLib\javacv-bin\artoolkitplus-android-arm.jar;D:\JavaLib\javacv-bin\artoolkitplus-android-x86.jar;D:\JavaLib\javacv-bin\artoolkitplus-linux-armhf.jar;D:\JavaLib\javacv-bin\artoolkitplus-linux-ppc64le.jar;D:\JavaLib\javacv-bin\artoolkitplus-linux-x86.jar;D:\JavaLib\javacv-bin\artoolkitplus-linux-x86_64.jar;D:\JavaLib\javacv-bin\artoolkitplus-macosx-x86_64.jar;D:\JavaLib\javacv-bin\artoolkitplus-platform.jar;D:\JavaLib\javacv-bin\artoolkitplus-windows-x86.jar;D:\JavaLib\javacv-bin\artoolkitplus-windows-x86_64.jar;D:\JavaLib\javacv-bin\ffmpeg.jar;D:\JavaLib\javacv-bin\ffmpeg-android-arm.jar;D:\JavaLib\javacv-bin\ffmpeg-android-x86.jar;D:\JavaLib\javacv-bin\ffmpeg-linux-armhf.jar;D:\JavaLib\javacv-bin\ffmpeg-linux-ppc64le.jar;D:\JavaLib\javacv-bin\ffmpeg-linux-x86.jar;D:\JavaLib\javacv-bin\ffmpeg-linux-x86_64.jar;D:\JavaLib\javacv-bin\ffmpeg-macosx-x86_64.jar;D:\JavaLib\javacv-bin\ffmpeg-platform.jar;D:\JavaLib\javacv-bin\ffmpeg-windows-x86.jar;D:\JavaLib\javacv-bin\ffmpeg-windows-x86_64.jar;D:\JavaLib\javacv-bin\flandmark.jar;D:\JavaLib\javacv-bin\flandmark-android-arm.jar;D:\JavaLib\javacv-bin\flandmark-android-x86.jar;D:\JavaLib\javacv-bin\flandmark-linux-armhf.jar;D:\JavaLib\javacv-bin\flandmark-linux-ppc64le.jar;D:\JavaLib\javacv-bin\flandmark-linux-x86.jar;D:\JavaLib\javacv-bin\flandmark-linux-x86_64.jar;D:\JavaLib\javacv-bin\flandmark-macosx-x86_64.jar;D:\JavaLib\javacv-bin\flandmark-platform.jar;D:\JavaLib\javacv-bin\flandmark-windows-x86.jar;D:\JavaLib\javacv-bin\flandmark-windows-x86_64.jar;D:\JavaLib\javacv-bin\flycapture.jar;D:\JavaLib\javacv-bin\flycapture-linux-armhf.jar;D:\JavaLib\javacv-bin\flycapture-linux-x86.jar;D:\JavaLib\javacv-bin\flycapture-linux-x86_64.jar;D:\JavaLib\javacv-bin\flycapture-platform.jar;D:\JavaLib\javacv-bin\flycapture-windows-x86.jar;D:\JavaLib\javacv-bin\flycapture-windows-x86_64.jar;D:\JavaLib\javacv-bin\javacpp.jar;D:\JavaLib\javacv-bin\javacv.jar;D:\JavaLib\javac
java_command: genius.fun.main.GeniusMain
java_class_path (initial): D:\Geniu-s\Game-geniu-s\bin;D:\Geniu-s\Game-geniu-s\lib\jna-3.3.0.jar
Launcher Type: SUN_STANDARD

Environment Variables:
PATH=C:/Program Files/Java/jdk1.8.0_121/bin/../jre/bin/server;C:/Program Files/Java/jdk1.8.0_121/bin/../jre/bin;C:/Program Files/Java/jdk1.8.0_121/bin/../jre/lib/amd64;C:\Windows\system32;C:\Windows;C:\Windows\System32\Wbem;C:\Windows\System32\WindowsPowerShell\v1.0\;C:\Program Files (x86)\NVIDIA Corporation\PhysX\Common;C:\Program Files\Java\jdk1.8.0_121\bin;C:\Program Files\Java\jdk1.8.0_121\lib;C:\Go\bin;C:\Program Files\Git\cmd;C:\Users\Lie\AppData\Local\Microsoft\WindowsApps;C:\Users\Lie\AppData\Local\GitHubDesktop\bin;D:\eclipse;
USERNAME=Lie
OS=Windows_NT
PROCESSOR_IDENTIFIER=Intel64 Family 6 Model 158 Stepping 9, GenuineIntel



---------------  S Y S T E M  ---------------

OS: Windows 10.0 , 64 bit Build 14393 (10.0.14393.1198)

CPU:total 4 (4 cores per cpu, 1 threads per core) family 6 model 158 stepping 9, cmov, cx8, fxsr, mmx, sse, sse2, sse3, ssse3, sse4.1, sse4.2, popcnt, avx, avx2, aes, clmul, erms, 3dnowpref, lzcnt, tsc, tscinvbit, bmi1, bmi2, adx

Memory: 4k page, physical 8253672k(1476200k free), swap 11337908k(1872888k free)

vm_info: Java HotSpot(TM) 64-Bit Server VM (25.121-b13) for windows-amd64 JRE (1.8.0_121-b13), built on Dec 12 2016 18:21:36 by "java_re" with MS VC++ 10.0 (VS2010)

time: Wed Sep 06 20:28:18 2017
elapsed time: 25 seconds (0d 0h 0m 25s)

