#
# A fatal error has been detected by the Java Runtime Environment:
#
#  EXCEPTION_UNCAUGHT_CXX_EXCEPTION (0xe06d7363) at pc=0x00007ffab3163c58, pid=354260, tid=0x00000000000567f8
#
# JRE version: Java(TM) SE Runtime Environment (8.0_121-b13) (build 1.8.0_121-b13)
# Java VM: Java HotSpot(TM) 64-Bit Server VM (25.121-b13 mixed mode windows-amd64 compressed oops)
# Problematic frame:
# C  [KERNELBASE.dll+0x33c58]
#
# Failed to write core dump. Minidumps are not enabled by default on client versions of Windows
#
# If you would like to submit a bug report, please visit:
#   http://bugreport.java.com/bugreport/crash.jsp
# The crash happened outside the Java Virtual Machine in native code.
# See problematic frame for where to report the bug.
#

---------------  T H R E A D  ---------------

Current thread (0x0000000003103800):  JavaThread "main" [_thread_in_native, id=354296, stack(0x0000000003000000,0x0000000003100000)]

siginfo: ExceptionCode=0xe06d7363, ExceptionInformation=0x0000000019930520 0x00000000030ee900 0x00007ffa97e1cd78 0x00007ffa97bd0000 

Registers:
RAX=0x0000000000000000, RBX=0x00007ffa97e1cd78, RCX=0x0000000000000000, RDX=0x0000000000000000
RSP=0x00000000030ee770, RBP=0x00000000030ee8b0, RSI=0x00007ffa8c8dad50, RDI=0x00000000030ee900
R8 =0x0000000000000000, R9 =0x00000000000000ff, R10=0xffffbe311c19bc28, R11=0x0000000000001ae0
R12=0x00000000fffffffb, R13=0x0000000000000000, R14=0x00007ffa8c8da760, R15=0x00000000030feb18
RIP=0x00007ffab3163c58, EFLAGS=0x0000000000000202

Top of Stack: (sp=0x00000000030ee770)
0x00000000030ee770:   0000000000000000 00007ffa97e1cd78
0x00000000030ee780:   00007ffa8c8dad50 00000000030ee900
0x00000000030ee790:   00000001e06d7363 0000000000000000
0x00000000030ee7a0:   00007ffab3163c58 0000000000000004
0x00000000030ee7b0:   0000000019930520 00000000030ee900
0x00000000030ee7c0:   00007ffa97e1cd78 00007ffa97bd0000
0x00000000030ee7d0:   0000000000000000 00000000fffffffb
0x00000000030ee7e0:   00000000030ee900 00007ffa8c8dad50
0x00000000030ee7f0:   00000000030ee8b0 00007ffab609c28f
0x00000000030ee800:   00000000030ee8c0 00007ffa00000000
0x00000000030ee810:   00000000030ee900 00007ffa9ce6d306
0x00000000030ee820:   00007ffa97e3f000 00007ffa97bd0000
0x00000000030ee830:   0000dd9cbb7fc3d5 00007ffa9ceec4d0
0x00000000030ee840:   00007ffa97e1cd78 00007ffa9ce6ef63
0x00000000030ee850:   00000000030ee900 00007ffa9ce3eb8d
0x00000000030ee860:   00007ffa9ceec4d0 00007ffa8c8dad50 

Instructions: (pc=0x00007ffab3163c58)
0x00007ffab3163c38:   49 8b d1 44 0f 47 c0 44 89 44 24 38 49 c1 e0 03
0x00007ffab3163c48:   e8 47 90 04 00 48 8d 4c 24 20 ff 15 c0 44 11 00
0x00007ffab3163c58:   48 8b 8c 24 c0 00 00 00 48 33 cc e8 d8 55 04 00
0x00007ffab3163c68:   48 81 c4 d8 00 00 00 c3 83 64 24 38 00 eb d6 cc 


Register to memory mapping:

RAX=0x0000000000000000 is an unknown value
RBX=0x00007ffa97e1cd78 is an unknown value
RCX=0x0000000000000000 is an unknown value
RDX=0x0000000000000000 is an unknown value
RSP=0x00000000030ee770 is pointing into the stack for thread: 0x0000000003103800
RBP=0x00000000030ee8b0 is pointing into the stack for thread: 0x0000000003103800
RSI=0x00007ffa8c8dad50 is an unknown value
RDI=0x00000000030ee900 is pointing into the stack for thread: 0x0000000003103800
R8 =0x0000000000000000 is an unknown value
R9 =0x00000000000000ff is an unknown value
R10=0xffffbe311c19bc28 is an unknown value
R11=0x0000000000001ae0 is an unknown value
R12=0x00000000fffffffb is an unknown value
R13=0x0000000000000000 is an unknown value
R14=0x00007ffa8c8da760 is an unknown value
R15=0x00000000030feb18 is pointing into the stack for thread: 0x0000000003103800


Stack: [0x0000000003000000,0x0000000003100000],  sp=0x00000000030ee770,  free space=953k
Native frames: (J=compiled Java code, j=interpreted, Vv=VM code, C=native code)
C  [KERNELBASE.dll+0x33c58]
C  [msvcr120.dll+0x5ef63]
C  [opencv_core320.dll+0x1a2c34]
C  [opencv_core320.dll+0x1a2d76]
C  [opencv_imgproc320.dll+0xf834c]
C  [jniopencv_imgproc.dll+0x1f719]
C  0x0000000003217f74

Java frames: (J=compiled Java code, j=interpreted, Vv=VM code)
j  org.bytedeco.javacpp.opencv_imgproc.cvCompareHist(Lorg/bytedeco/javacpp/opencv_core$CvHistogram;Lorg/bytedeco/javacpp/opencv_core$CvHistogram;I)D+0
j  genius.fun.main.ImageProc.histMatch(Lorg/bytedeco/javacpp/opencv_core$CvHistogram;Lorg/bytedeco/javacpp/opencv_core$IplImage;)D+8
j  genius.fun.main.Dto.getUIType(Lorg/bytedeco/javacpp/opencv_core$IplImage;II)I+66
j  genius.fun.action.SingleAction.yyhSelf(I)V+84
j  genius.fun.control.CenterControl.startSingleYYH()V+29
j  genius.fun.main.GeniusMain.main([Ljava/lang/String;)V+7
v  ~StubRoutines::call_stub

---------------  P R O C E S S  ---------------

Java Threads: ( => current thread )
  0x000000001f342800 JavaThread "AWT-Shutdown" [_thread_blocked, id=353508, stack(0x0000000024680000,0x0000000024780000)]
  0x000000001f343800 JavaThread "AWT-Windows" daemon [_thread_in_native, id=353364, stack(0x0000000023a60000,0x0000000023b60000)]
  0x000000001f342000 JavaThread "Java2D Disposer" daemon [_thread_blocked, id=354064, stack(0x0000000023760000,0x0000000023860000)]
  0x000000001e9f2000 JavaThread "JavaCPP Deallocator" daemon [_thread_blocked, id=353304, stack(0x000000001ee00000,0x000000001ef00000)]
  0x000000001c7fd800 JavaThread "Service Thread" daemon [_thread_blocked, id=353296, stack(0x000000001e400000,0x000000001e500000)]
  0x000000001c7d6000 JavaThread "C1 CompilerThread2" daemon [_thread_blocked, id=353368, stack(0x000000001e300000,0x000000001e400000)]
  0x000000001c7c9000 JavaThread "C2 CompilerThread1" daemon [_thread_blocked, id=352212, stack(0x000000001e200000,0x000000001e300000)]
  0x000000001c7c7000 JavaThread "C2 CompilerThread0" daemon [_thread_blocked, id=353860, stack(0x000000001e100000,0x000000001e200000)]
  0x000000001db43800 JavaThread "Attach Listener" daemon [_thread_blocked, id=353756, stack(0x000000001e000000,0x000000001e100000)]
  0x000000001c7b4800 JavaThread "Signal Dispatcher" daemon [_thread_blocked, id=353760, stack(0x000000001df00000,0x000000001e000000)]
  0x00000000031fe800 JavaThread "Finalizer" daemon [_thread_blocked, id=353772, stack(0x000000001da00000,0x000000001db00000)]
  0x00000000031f9000 JavaThread "Reference Handler" daemon [_thread_blocked, id=352176, stack(0x000000001d900000,0x000000001da00000)]
=>0x0000000003103800 JavaThread "main" [_thread_in_native, id=354296, stack(0x0000000003000000,0x0000000003100000)]

Other Threads:
  0x000000001c767800 VMThread [stack: 0x000000001d800000,0x000000001d900000] [id=352132]
  0x000000001db8e000 WatcherThread [stack: 0x000000001e500000,0x000000001e600000] [id=353320]

VM state:not at safepoint (normal execution)

VM Mutex/Monitor currently owned by a thread: None

Heap:
 PSYoungGen      total 75776K, used 41075K [0x000000076b580000, 0x0000000770a00000, 0x00000007c0000000)
  eden space 65024K, 63% used [0x000000076b580000,0x000000076dd9cd28,0x000000076f500000)
  from space 10752K, 0% used [0x000000076ff80000,0x000000076ff80000,0x0000000770a00000)
  to   space 10752K, 0% used [0x000000076f500000,0x000000076f500000,0x000000076ff80000)
 ParOldGen       total 173568K, used 0K [0x00000006c2000000, 0x00000006cc980000, 0x000000076b580000)
  object space 173568K, 0% used [0x00000006c2000000,0x00000006c2000000,0x00000006cc980000)
 Metaspace       used 10244K, capacity 10466K, committed 10752K, reserved 1058816K
  class space    used 1116K, capacity 1185K, committed 1280K, reserved 1048576K

Card table byte_map: [0x00000000125c0000,0x0000000012dc0000] byte_map_base: 0x000000000efb0000

Marking Bits: (ParMarkBitMap*) 0x0000000075d9b6d0
 Begin Bits: [0x0000000013710000, 0x0000000017690000)
 End Bits:   [0x0000000017690000, 0x000000001b610000)

Polling page: 0x00000000012a0000

CodeCache: size=245760Kb used=3418Kb max_used=3429Kb free=242341Kb
 bounds [0x0000000003200000, 0x0000000003560000, 0x0000000012200000]
 total_blobs=1278 nmethods=783 adapters=408
 compilation: enabled

Compilation events (10 events):
Event: 6.392 Thread 0x000000001c7d6000  779       3       org.bytedeco.javacpp.helper.opencv_core$IplImageArray::position (9 bytes)
Event: 6.392 Thread 0x000000001c7d6000 nmethod 779 0x000000000354e950 code [0x000000000354eac0, 0x000000000354ed30]
Event: 6.392 Thread 0x000000001c7d6000  780       3       org.bytedeco.javacpp.helper.opencv_core$CvArrArray::position (9 bytes)
Event: 6.392 Thread 0x000000001c7d6000 nmethod 780 0x000000000354e4d0 code [0x000000000354e640, 0x000000000354e850]
Event: 6.406 Thread 0x000000001c7c7000  781 % !   4       org.bytedeco.javacpp.Pointer::deallocate @ 71 (123 bytes)
Event: 6.408 Thread 0x000000001c7c7000 nmethod 781% 0x000000000354e010 code [0x000000000354e160, 0x000000000354e3b8]
Event: 6.408 Thread 0x000000001c7c9000  782   !   4       org.bytedeco.javacpp.Pointer::deallocate (123 bytes)
Event: 6.409 Thread 0x000000001c7c9000 nmethod 782 0x000000000354da10 code [0x000000000354db60, 0x000000000354de38]
Event: 8.421 Thread 0x000000001c7d6000  783       3       java.lang.reflect.Modifier::isPublic (12 bytes)
Event: 8.422 Thread 0x000000001c7d6000 nmethod 783 0x0000000003555cd0 code [0x0000000003555e20, 0x0000000003555fb0]

GC Heap History (0 events):
No events

Deoptimization events (4 events):
Event: 0.816 Thread 0x0000000003103800 Uncommon trap: reason=unstable_if action=reinterpret pc=0x00000000034231f8 method=sun.misc.MetaIndex.mayContain(Ljava/lang/String;)Z @ 13
Event: 1.596 Thread 0x0000000003103800 Uncommon trap: reason=unstable_if action=reinterpret pc=0x00000000033f5c7c method=java.lang.String.indexOf([CII[CIII)I @ 3
Event: 1.862 Thread 0x0000000003103800 Uncommon trap: reason=unstable_if action=reinterpret pc=0x00000000033f8118 method=java.lang.String.startsWith(Ljava/lang/String;I)Z @ 25
Event: 1.891 Thread 0x0000000003103800 Uncommon trap: reason=unstable_if action=reinterpret pc=0x0000000003499bbc method=sun.misc.MetaIndex.mayContain(Ljava/lang/String;)Z @ 38

Internal exceptions (10 events):
Event: 0.420 Thread 0x0000000003103800 Exception <a 'java/security/PrivilegedActionException'> (0x000000076b8f7e30) thrown at [C:\re\workspace\8-2-build-windows-amd64-cygwin\jdk8u121\8372\hotspot\src\share\vm\prims\jvm.cpp, line 1390]
Event: 0.420 Thread 0x0000000003103800 Exception <a 'java/security/PrivilegedActionException'> (0x000000076b8f8d20) thrown at [C:\re\workspace\8-2-build-windows-amd64-cygwin\jdk8u121\8372\hotspot\src\share\vm\prims\jvm.cpp, line 1390]
Event: 0.420 Thread 0x0000000003103800 Exception <a 'java/security/PrivilegedActionException'> (0x000000076b8f8f30) thrown at [C:\re\workspace\8-2-build-windows-amd64-cygwin\jdk8u121\8372\hotspot\src\share\vm\prims\jvm.cpp, line 1390]
Event: 0.420 Thread 0x0000000003103800 Exception <a 'java/security/PrivilegedActionException'> (0x000000076b8f9e18) thrown at [C:\re\workspace\8-2-build-windows-amd64-cygwin\jdk8u121\8372\hotspot\src\share\vm\prims\jvm.cpp, line 1390]
Event: 0.420 Thread 0x0000000003103800 Exception <a 'java/security/PrivilegedActionException'> (0x000000076b8fa028) thrown at [C:\re\workspace\8-2-build-windows-amd64-cygwin\jdk8u121\8372\hotspot\src\share\vm\prims\jvm.cpp, line 1390]
Event: 1.896 Thread 0x0000000003103800 Exception <a 'java/io/FileNotFoundException'> (0x000000076c2d3228) thrown at [C:\re\workspace\8-2-build-windows-amd64-cygwin\jdk8u121\8372\hotspot\src\share\vm\prims\jni.cpp, line 709]
Event: 1.946 Thread 0x0000000003103800 Exception <a 'java/lang/NoSuchFieldError': method resolution failed> (0x000000076c39fa48) thrown at [C:\re\workspace\8-2-build-windows-amd64-cygwin\jdk8u121\8372\hotspot\src\share\vm\prims\methodHandles.cpp, line 1146]
Event: 1.954 Thread 0x0000000003103800 Exception <a 'java/lang/NoSuchFieldError': method resolution failed> (0x000000076c3acdf8) thrown at [C:\re\workspace\8-2-build-windows-amd64-cygwin\jdk8u121\8372\hotspot\src\share\vm\prims\methodHandles.cpp, line 1146]
Event: 2.008 Thread 0x0000000003103800 Exception <a 'java/io/FileNotFoundException'> (0x000000076c4348e8) thrown at [C:\re\workspace\8-2-build-windows-amd64-cygwin\jdk8u121\8372\hotspot\src\share\vm\prims\jni.cpp, line 709]
Event: 6.419 Thread 0x0000000003103800 Exception <a 'java/lang/NullPointerException'> (0x000000076d680490) thrown at [C:\re\workspace\8-2-build-windows-amd64-cygwin\jdk8u121\8372\hotspot\src\share\vm\interpreter\linkResolver.cpp, line 1178]

Events (10 events):
Event: 6.419 loading class java/lang/Throwable$WrappedPrintStream
Event: 6.419 loading class java/lang/Throwable$PrintStreamOrWriter
Event: 6.420 loading class java/lang/Throwable$PrintStreamOrWriter done
Event: 6.420 loading class java/lang/Throwable$WrappedPrintStream done
Event: 6.420 loading class java/util/IdentityHashMap$KeySet
Event: 6.420 loading class java/util/IdentityHashMap$KeySet done
Event: 7.322 Executing VM operation: RevokeBias
Event: 7.322 Executing VM operation: RevokeBias done
Event: 7.322 Thread 0x000000001f342800 Thread exited: 0x000000001f342800
Event: 8.422 Thread 0x000000001f342800 Thread added: 0x000000001f342800


Dynamic libraries:
0x00007ff7b4a10000 - 0x00007ff7b4a47000 	C:\Program Files\Java\jdk1.8.0_121\bin\javaw.exe
0x00007ffab6050000 - 0x00007ffab6222000 	C:\Windows\SYSTEM32\ntdll.dll
0x00007ffab5120000 - 0x00007ffab51cc000 	C:\Windows\System32\KERNEL32.DLL
0x00007ffab3130000 - 0x00007ffab334d000 	C:\Windows\System32\KERNELBASE.dll
0x00007ffab0b40000 - 0x00007ffab0bba000 	C:\Windows\system32\apphelp.dll
0x00007ffab4e90000 - 0x00007ffab4f32000 	C:\Windows\System32\ADVAPI32.dll
0x00007ffab4db0000 - 0x00007ffab4e4e000 	C:\Windows\System32\msvcrt.dll
0x00007ffab5ac0000 - 0x00007ffab5b19000 	C:\Windows\System32\sechost.dll
0x00007ffab35e0000 - 0x00007ffab3701000 	C:\Windows\System32\RPCRT4.dll
0x00007ffab53a0000 - 0x00007ffab5505000 	C:\Windows\System32\USER32.dll
0x00007ffab2c30000 - 0x00007ffab2c4e000 	C:\Windows\System32\win32u.dll
0x00007ffab4e50000 - 0x00007ffab4e84000 	C:\Windows\System32\GDI32.dll
0x00007ffab33c0000 - 0x00007ffab3540000 	C:\Windows\System32\gdi32full.dll
0x00007ffaa41b0000 - 0x00007ffaa442a000 	C:\Windows\WinSxS\amd64_microsoft.windows.common-controls_6595b64144ccf1df_6.0.14393.953_none_42151e83c686086b\COMCTL32.dll
0x00007ffab5c80000 - 0x00007ffab5f48000 	C:\Windows\System32\combase.dll
0x00007ffab2ed0000 - 0x00007ffab2fc5000 	C:\Windows\System32\ucrtbase.dll
0x00007ffab3350000 - 0x00007ffab33ba000 	C:\Windows\System32\bcryptPrimitives.dll
0x00007ffab51d0000 - 0x00007ffab51fe000 	C:\Windows\System32\IMM32.DLL
0x00000000753d0000 - 0x00000000754a2000 	C:\Program Files\Java\jdk1.8.0_121\jre\bin\msvcr100.dll
0x0000000075580000 - 0x0000000075e1b000 	C:\Program Files\Java\jdk1.8.0_121\jre\bin\server\jvm.dll
0x00007ffab4fc0000 - 0x00007ffab4fc8000 	C:\Windows\System32\PSAPI.DLL
0x00007ffa9d210000 - 0x00007ffa9d219000 	C:\Windows\SYSTEM32\WSOCK32.dll
0x00007ffab09f0000 - 0x00007ffab0a13000 	C:\Windows\SYSTEM32\WINMM.dll
0x00007ffab4f50000 - 0x00007ffab4fba000 	C:\Windows\System32\WS2_32.dll
0x00007ffaa91f0000 - 0x00007ffaa91fa000 	C:\Windows\SYSTEM32\VERSION.dll
0x00007ffab09c0000 - 0x00007ffab09eb000 	C:\Windows\SYSTEM32\WINMMBASE.dll
0x00007ffab2cb0000 - 0x00007ffab2cf2000 	C:\Windows\System32\cfgmgr32.dll
0x0000000075570000 - 0x000000007557f000 	C:\Program Files\Java\jdk1.8.0_121\jre\bin\verify.dll
0x0000000075540000 - 0x0000000075569000 	C:\Program Files\Java\jdk1.8.0_121\jre\bin\java.dll
0x0000000075520000 - 0x0000000075536000 	C:\Program Files\Java\jdk1.8.0_121\jre\bin\zip.dll
0x00007ffab3810000 - 0x00007ffab4d18000 	C:\Windows\System32\SHELL32.dll
0x00007ffab2550000 - 0x00007ffab2c28000 	C:\Windows\System32\windows.storage.dll
0x00007ffab2500000 - 0x00007ffab254c000 	C:\Windows\System32\powrprof.dll
0x00007ffab5f50000 - 0x00007ffab5fa2000 	C:\Windows\System32\shlwapi.dll
0x00007ffab24d0000 - 0x00007ffab24df000 	C:\Windows\System32\kernel.appcore.dll
0x00007ffab3080000 - 0x00007ffab3129000 	C:\Windows\System32\shcore.dll
0x00007ffab24e0000 - 0x00007ffab24f4000 	C:\Windows\System32\profapi.dll
0x00007ffa9ce10000 - 0x00007ffa9ceff000 	C:\Users\Lie\.javacpp\cache\opencv-windows-x86_64.jar\org\bytedeco\javacpp\windows-x86_64\msvcr120.dll
0x00007ffa9d400000 - 0x00007ffa9d4a6000 	C:\Users\Lie\.javacpp\cache\opencv-windows-x86_64.jar\org\bytedeco\javacpp\windows-x86_64\msvcp120.dll
0x00007ffa97bd0000 - 0x00007ffa97e58000 	C:\Users\Lie\.javacpp\cache\opencv-windows-x86_64.jar\org\bytedeco\javacpp\windows-x86_64\opencv_core320.dll
0x00007ffa8c6b0000 - 0x00007ffa8ca12000 	C:\Users\Lie\.javacpp\cache\opencv-windows-x86_64.jar\org\bytedeco\javacpp\windows-x86_64\opencv_imgproc320.dll
0x00007ffa9bd60000 - 0x00007ffa9bfaa000 	C:\Users\Lie\.javacpp\cache\opencv-windows-x86_64.jar\org\bytedeco\javacpp\windows-x86_64\jniopencv_core.dll
0x0000000075500000 - 0x000000007551a000 	C:\Program Files\Java\jdk1.8.0_121\jre\bin\net.dll
0x00007ffab1d90000 - 0x00007ffab1dec000 	C:\Windows\system32\mswsock.dll
0x00000000754e0000 - 0x00000000754f1000 	C:\Program Files\Java\jdk1.8.0_121\jre\bin\nio.dll
0x00007ffa9cd20000 - 0x00007ffa9ce10000 	C:\Users\Lie\.javacpp\cache\opencv-windows-x86_64.jar\org\bytedeco\javacpp\windows-x86_64\jniopencv_imgproc.dll
0x00007ffa89be0000 - 0x00007ffa89eaa000 	C:\Users\Lie\.javacpp\cache\opencv-windows-x86_64.jar\org\bytedeco\javacpp\windows-x86_64\opencv_imgcodecs320.dll
0x00007ffaa3370000 - 0x00007ffaa3395000 	C:\Users\Lie\.javacpp\cache\opencv-windows-x86_64.jar\org\bytedeco\javacpp\windows-x86_64\jniopencv_imgcodecs.dll
0x00007ffab1f30000 - 0x00007ffab1f47000 	C:\Windows\SYSTEM32\CRYPTSP.dll
0x00007ffab1990000 - 0x00007ffab19c3000 	C:\Windows\system32\rsaenh.dll
0x00007ffab2400000 - 0x00007ffab242b000 	C:\Windows\SYSTEM32\bcrypt.dll
0x00007ffab1c10000 - 0x00007ffab1c2f000 	C:\Windows\SYSTEM32\USERENV.dll
0x00007ffab1f50000 - 0x00007ffab1f5b000 	C:\Windows\SYSTEM32\CRYPTBASE.dll
0x00007ffab1b10000 - 0x00007ffab1b48000 	C:\Windows\SYSTEM32\IPHLPAPI.DLL
0x00007ffab4f40000 - 0x00007ffab4f48000 	C:\Windows\System32\NSI.dll
0x00007ffaa8da0000 - 0x00007ffaa8db6000 	C:\Windows\SYSTEM32\dhcpcsvc6.DLL
0x00007ffaa8d80000 - 0x00007ffaa8d9a000 	C:\Windows\SYSTEM32\dhcpcsvc.DLL
0x0000000180000000 - 0x0000000180037000 	C:\Users\Lie\AppData\Local\Temp\jna915051874171470549.dll
0x0000000075230000 - 0x00000000753c8000 	C:\Program Files\Java\jdk1.8.0_121\jre\bin\awt.dll
0x00007ffab5510000 - 0x00007ffab55cf000 	C:\Windows\System32\OLEAUT32.dll
0x00007ffab3540000 - 0x00007ffab35dc000 	C:\Windows\System32\msvcp_win.dll
0x00007ffab0200000 - 0x00007ffab0226000 	C:\Windows\system32\DWMAPI.DLL
0x00007ffab0d20000 - 0x00007ffab0db5000 	C:\Windows\system32\uxtheme.dll
0x00007ffa9abd0000 - 0x00007ffa9acf3000 	C:\Windows\system32\opengl32.dll
0x00007ffa9a400000 - 0x00007ffa9a4f7000 	C:\Windows\SYSTEM32\DDRAW.dll
0x00007ffa9d230000 - 0x00007ffa9d25d000 	C:\Windows\SYSTEM32\GLU32.dll
0x00007ffaa9b30000 - 0x00007ffaa9b38000 	C:\Windows\SYSTEM32\DCIMAN32.dll
0x00007ffab5b20000 - 0x00007ffab5c7a000 	C:\Windows\System32\MSCTF.dll
0x00007ffab4fd0000 - 0x00007ffab5108000 	C:\Windows\System32\ole32.dll
0x00007ffaa9e50000 - 0x00007ffaa9fe2000 	C:\Windows\SYSTEM32\dbghelp.dll

VM Arguments:
jvm_args: -Dfile.encoding=GBK -Xbootclasspath/a:D:\JavaLib\javacv-bin\artoolkitplus.jar;D:\JavaLib\javacv-bin\artoolkitplus-android-arm.jar;D:\JavaLib\javacv-bin\artoolkitplus-android-x86.jar;D:\JavaLib\javacv-bin\artoolkitplus-linux-armhf.jar;D:\JavaLib\javacv-bin\artoolkitplus-linux-ppc64le.jar;D:\JavaLib\javacv-bin\artoolkitplus-linux-x86.jar;D:\JavaLib\javacv-bin\artoolkitplus-linux-x86_64.jar;D:\JavaLib\javacv-bin\artoolkitplus-macosx-x86_64.jar;D:\JavaLib\javacv-bin\artoolkitplus-platform.jar;D:\JavaLib\javacv-bin\artoolkitplus-windows-x86.jar;D:\JavaLib\javacv-bin\artoolkitplus-windows-x86_64.jar;D:\JavaLib\javacv-bin\ffmpeg.jar;D:\JavaLib\javacv-bin\ffmpeg-android-arm.jar;D:\JavaLib\javacv-bin\ffmpeg-android-x86.jar;D:\JavaLib\javacv-bin\ffmpeg-linux-armhf.jar;D:\JavaLib\javacv-bin\ffmpeg-linux-ppc64le.jar;D:\JavaLib\javacv-bin\ffmpeg-linux-x86.jar;D:\JavaLib\javacv-bin\ffmpeg-linux-x86_64.jar;D:\JavaLib\javacv-bin\ffmpeg-macosx-x86_64.jar;D:\JavaLib\javacv-bin\ffmpeg-platform.jar;D:\JavaLib\javacv-bin\ffmpeg-windows-x86.jar;D:\JavaLib\javacv-bin\ffmpeg-windows-x86_64.jar;D:\JavaLib\javacv-bin\flandmark.jar;D:\JavaLib\javacv-bin\flandmark-android-arm.jar;D:\JavaLib\javacv-bin\flandmark-android-x86.jar;D:\JavaLib\javacv-bin\flandmark-linux-armhf.jar;D:\JavaLib\javacv-bin\flandmark-linux-ppc64le.jar;D:\JavaLib\javacv-bin\flandmark-linux-x86.jar;D:\JavaLib\javacv-bin\flandmark-linux-x86_64.jar;D:\JavaLib\javacv-bin\flandmark-macosx-x86_64.jar;D:\JavaLib\javacv-bin\flandmark-platform.jar;D:\JavaLib\javacv-bin\flandmark-windows-x86.jar;D:\JavaLib\javacv-bin\flandmark-windows-x86_64.jar;D:\JavaLib\javacv-bin\flycapture.jar;D:\JavaLib\javacv-bin\flycapture-linux-armhf.jar;D:\JavaLib\javacv-bin\flycapture-linux-x86.jar;D:\JavaLib\javacv-bin\flycapture-linux-x86_64.jar;D:\JavaLib\javacv-bin\flycapture-platform.jar;D:\JavaLib\javacv-bin\flycapture-windows-x86.jar;D:\JavaLib\javacv-bin\flycapture-windows-x86_64.jar;D:\JavaLib\javacv-bin\javacpp.jar;D:\JavaLib\javacv-bin\javacv.jar;D:\JavaLib\javac
java_command: genius.fun.main.GeniusMain
java_class_path (initial): D:\Geniu-s\Game-geniu-s\bin;D:\Geniu-s\Game-geniu-s\lib\jna-3.3.0.jar
Launcher Type: SUN_STANDARD

Environment Variables:
PATH=C:/Program Files/Java/jdk1.8.0_121/bin/../jre/bin/server;C:/Program Files/Java/jdk1.8.0_121/bin/../jre/bin;C:/Program Files/Java/jdk1.8.0_121/bin/../jre/lib/amd64;C:\Windows\system32;C:\Windows;C:\Windows\System32\Wbem;C:\Windows\System32\WindowsPowerShell\v1.0\;C:\Program Files (x86)\NVIDIA Corporation\PhysX\Common;C:\Program Files\Java\jdk1.8.0_121\bin;C:\Program Files\Java\jdk1.8.0_121\lib;C:\Go\bin;C:\Program Files\Git\cmd;C:\Users\Lie\AppData\Local\Microsoft\WindowsApps;C:\Users\Lie\AppData\Local\GitHubDesktop\bin;D:\eclipse;
USERNAME=Lie
OS=Windows_NT
PROCESSOR_IDENTIFIER=Intel64 Family 6 Model 158 Stepping 9, GenuineIntel



---------------  S Y S T E M  ---------------

OS: Windows 10.0 , 64 bit Build 14393 (10.0.14393.1198)

CPU:total 4 (4 cores per cpu, 1 threads per core) family 6 model 158 stepping 9, cmov, cx8, fxsr, mmx, sse, sse2, sse3, ssse3, sse4.1, sse4.2, popcnt, avx, avx2, aes, clmul, erms, 3dnowpref, lzcnt, tsc, tscinvbit, bmi1, bmi2, adx

Memory: 4k page, physical 16642280k(8364984k free), swap 17690856k(6812576k free)

vm_info: Java HotSpot(TM) 64-Bit Server VM (25.121-b13) for windows-amd64 JRE (1.8.0_121-b13), built on Dec 12 2016 18:21:36 by "java_re" with MS VC++ 10.0 (VS2010)

time: Sun Nov 19 17:04:46 2017
elapsed time: 8 seconds (0d 0h 0m 8s)

