#
# A fatal error has been detected by the Java Runtime Environment:
#
#  EXCEPTION_UNCAUGHT_CXX_EXCEPTION (0xe06d7363) at pc=0x00007ffab3163c58, pid=835048, tid=0x00000000000b8a7c
#
# JRE version: Java(TM) SE Runtime Environment (8.0_121-b13) (build 1.8.0_121-b13)
# Java VM: Java HotSpot(TM) 64-Bit Server VM (25.121-b13 mixed mode windows-amd64 compressed oops)
# Problematic frame:
# C  [KERNELBASE.dll+0x33c58]
#
# Failed to write core dump. Minidumps are not enabled by default on client versions of Windows
#
# If you would like to submit a bug report, please visit:
#   http://bugreport.java.com/bugreport/crash.jsp
# The crash happened outside the Java Virtual Machine in native code.
# See problematic frame for where to report the bug.
#

---------------  T H R E A D  ---------------

Current thread (0x00000000029b3800):  JavaThread "main" [_thread_in_native, id=756348, stack(0x0000000002820000,0x0000000002920000)]

siginfo: ExceptionCode=0xe06d7363, ExceptionInformation=0x0000000019930520 0x000000000290eeb0 0x00007ffa8d52cd78 0x00007ffa8d2e0000 

Registers:
RAX=0x0000000000000000, RBX=0x00007ffa8d52cd78, RCX=0x0000000000000000, RDX=0x0000000000000000
RSP=0x000000000290ed20, RBP=0x000000000290ee60, RSI=0x00007ffa8cf4ad50, RDI=0x000000000290eeb0
R8 =0x0000000000000000, R9 =0x00000000000000ff, R10=0xffffb5b51ba4a6f8, R11=0x0000000000001264
R12=0x00000000fffffffb, R13=0x0000000000000000, R14=0x00007ffa8cf4a760, R15=0x000000000291f0c8
RIP=0x00007ffab3163c58, EFLAGS=0x0000000000000206

Top of Stack: (sp=0x000000000290ed20)
0x000000000290ed20:   0000000000000000 00007ffa8d52cd78
0x000000000290ed30:   00007ffa8cf4ad50 000000000290eeb0
0x000000000290ed40:   00000001e06d7363 0000000000000000
0x000000000290ed50:   00007ffab3163c58 0000000000000004
0x000000000290ed60:   0000000019930520 000000000290eeb0
0x000000000290ed70:   00007ffa8d52cd78 00007ffa8d2e0000
0x000000000290ed80:   0000000000000000 00000000fffffffb
0x000000000290ed90:   000000000290eeb0 00007ffa8cf4ad50
0x000000000290eda0:   000000000290ee60 00007ffab609c28f
0x000000000290edb0:   000000000290ee70 00007ffa00000000
0x000000000290edc0:   000000000290eeb0 00007ffa9343d306
0x000000000290edd0:   00007ffa8d54f000 00007ffa8d2e0000
0x000000000290ede0:   0000516545e410f3 00007ffa934bc4d0
0x000000000290edf0:   00007ffa8d52cd78 00007ffa9343ef63
0x000000000290ee00:   000000000290eeb0 00007ffa9340eb8d
0x000000000290ee10:   00007ffa934bc4d0 00007ffa8cf4ad50 

Instructions: (pc=0x00007ffab3163c58)
0x00007ffab3163c38:   49 8b d1 44 0f 47 c0 44 89 44 24 38 49 c1 e0 03
0x00007ffab3163c48:   e8 47 90 04 00 48 8d 4c 24 20 ff 15 c0 44 11 00
0x00007ffab3163c58:   48 8b 8c 24 c0 00 00 00 48 33 cc e8 d8 55 04 00
0x00007ffab3163c68:   48 81 c4 d8 00 00 00 c3 83 64 24 38 00 eb d6 cc 


Register to memory mapping:

RAX=0x0000000000000000 is an unknown value
RBX=0x00007ffa8d52cd78 is an unknown value
RCX=0x0000000000000000 is an unknown value
RDX=0x0000000000000000 is an unknown value
RSP=0x000000000290ed20 is pointing into the stack for thread: 0x00000000029b3800
RBP=0x000000000290ee60 is pointing into the stack for thread: 0x00000000029b3800
RSI=0x00007ffa8cf4ad50 is an unknown value
RDI=0x000000000290eeb0 is pointing into the stack for thread: 0x00000000029b3800
R8 =0x0000000000000000 is an unknown value
R9 =0x00000000000000ff is an unknown value
R10=0xffffb5b51ba4a6f8 is an unknown value
R11=0x0000000000001264 is an unknown value
R12=0x00000000fffffffb is an unknown value
R13=0x0000000000000000 is an unknown value
R14=0x00007ffa8cf4a760 is an unknown value
R15=0x000000000291f0c8 is pointing into the stack for thread: 0x00000000029b3800


Stack: [0x0000000002820000,0x0000000002920000],  sp=0x000000000290ed20,  free space=955k
Native frames: (J=compiled Java code, j=interpreted, Vv=VM code, C=native code)
C  [KERNELBASE.dll+0x33c58]
C  [msvcr120.dll+0x5ef63]
C  [opencv_core320.dll+0x1a2c34]
C  [opencv_core320.dll+0x1a2d76]
C  [opencv_imgproc320.dll+0xf834c]
C  [jniopencv_imgproc.dll+0x1f719]
C  0x0000000002ac7f74

Java frames: (J=compiled Java code, j=interpreted, Vv=VM code)
j  org.bytedeco.javacpp.opencv_imgproc.cvCompareHist(Lorg/bytedeco/javacpp/opencv_core$CvHistogram;Lorg/bytedeco/javacpp/opencv_core$CvHistogram;I)D+0
j  genius.fun.main.ImageProc.histMatch(Lorg/bytedeco/javacpp/opencv_core$CvHistogram;Lorg/bytedeco/javacpp/opencv_core$IplImage;)D+8
j  genius.fun.main.Dto.getUIType(Lorg/bytedeco/javacpp/opencv_core$IplImage;II)I+66
j  genius.fun.action.SingleAction.ylhbSelf(I)V+84
j  genius.fun.control.CenterControl.startSingleYLHB()V+29
j  genius.fun.main.GeniusMain.main([Ljava/lang/String;)V+7
v  ~StubRoutines::call_stub

---------------  P R O C E S S  ---------------

Java Threads: ( => current thread )
  0x000000001eabf800 JavaThread "AWT-Shutdown" [_thread_blocked, id=825684, stack(0x0000000023e80000,0x0000000023f80000)]
  0x000000001eac0000 JavaThread "AWT-Windows" daemon [_thread_in_native, id=772068, stack(0x00000000231a0000,0x00000000232a0000)]
  0x000000001eabe800 JavaThread "Java2D Disposer" daemon [_thread_blocked, id=802260, stack(0x0000000022f80000,0x0000000023080000)]
  0x000000001dfad800 JavaThread "JavaCPP Deallocator" daemon [_thread_blocked, id=774716, stack(0x000000001e6b0000,0x000000001e7b0000)]
  0x000000001d43b800 JavaThread "Service Thread" daemon [_thread_blocked, id=783908, stack(0x000000001dcb0000,0x000000001ddb0000)]
  0x000000001c098800 JavaThread "C1 CompilerThread2" daemon [_thread_blocked, id=784268, stack(0x000000001dbb0000,0x000000001dcb0000)]
  0x000000001c07d800 JavaThread "C2 CompilerThread1" daemon [_thread_blocked, id=744480, stack(0x000000001dab0000,0x000000001dbb0000)]
  0x000000001c077800 JavaThread "C2 CompilerThread0" daemon [_thread_blocked, id=829576, stack(0x000000001d9b0000,0x000000001dab0000)]
  0x000000001c076000 JavaThread "Attach Listener" daemon [_thread_blocked, id=749364, stack(0x000000001d8b0000,0x000000001d9b0000)]
  0x000000001c064000 JavaThread "Signal Dispatcher" daemon [_thread_blocked, id=774216, stack(0x000000001d7b0000,0x000000001d8b0000)]
  0x0000000002aad800 JavaThread "Finalizer" daemon [_thread_blocked, id=780736, stack(0x000000001d2b0000,0x000000001d3b0000)]
  0x0000000002aa8000 JavaThread "Reference Handler" daemon [_thread_blocked, id=770468, stack(0x000000001d1b0000,0x000000001d2b0000)]
=>0x00000000029b3800 JavaThread "main" [_thread_in_native, id=756348, stack(0x0000000002820000,0x0000000002920000)]

Other Threads:
  0x000000001c017000 VMThread [stack: 0x000000001d0b0000,0x000000001d1b0000] [id=771200]
  0x000000001d47d000 WatcherThread [stack: 0x000000001ddb0000,0x000000001deb0000] [id=775456]

VM state:not at safepoint (normal execution)

VM Mutex/Monitor currently owned by a thread: None

Heap:
 PSYoungGen      total 75776K, used 41075K [0x000000076b580000, 0x0000000770a00000, 0x00000007c0000000)
  eden space 65024K, 63% used [0x000000076b580000,0x000000076dd9cda8,0x000000076f500000)
  from space 10752K, 0% used [0x000000076ff80000,0x000000076ff80000,0x0000000770a00000)
  to   space 10752K, 0% used [0x000000076f500000,0x000000076f500000,0x000000076ff80000)
 ParOldGen       total 173568K, used 0K [0x00000006c2000000, 0x00000006cc980000, 0x000000076b580000)
  object space 173568K, 0% used [0x00000006c2000000,0x00000006c2000000,0x00000006cc980000)
 Metaspace       used 10235K, capacity 10466K, committed 10752K, reserved 1058816K
  class space    used 1116K, capacity 1185K, committed 1280K, reserved 1048576K

Card table byte_map: [0x0000000011e70000,0x0000000012670000] byte_map_base: 0x000000000e860000

Marking Bits: (ParMarkBitMap*) 0x0000000075d9b6d0
 Begin Bits: [0x0000000012fc0000, 0x0000000016f40000)
 End Bits:   [0x0000000016f40000, 0x000000001aec0000)

Polling page: 0x0000000000cd0000

CodeCache: size=245760Kb used=3395Kb max_used=3395Kb free=242364Kb
 bounds [0x0000000002ab0000, 0x0000000002e10000, 0x0000000011ab0000]
 total_blobs=1270 nmethods=775 adapters=408
 compilation: enabled

Compilation events (10 events):
Event: 5.853 Thread 0x000000001c098800  769       3       org.bytedeco.javacpp.Pointer$NativeDeallocator::deallocate (41 bytes)
Event: 5.853 Thread 0x000000001c098800 nmethod 769 0x0000000002df6c50 code [0x0000000002df6dc0, 0x0000000002df7008]
Event: 5.859 Thread 0x000000001c098800  770   !   3       org.bytedeco.javacpp.PointerPointer::<init> (117 bytes)
Event: 5.860 Thread 0x000000001c098800 nmethod 770 0x0000000002e00e10 code [0x0000000002e010e0, 0x0000000002e022e8]
Event: 5.860 Thread 0x000000001c098800  774       3       org.bytedeco.javacpp.helper.opencv_core$CvArrArray::put (29 bytes)
Event: 5.860 Thread 0x000000001c098800 nmethod 774 0x0000000002df5ed0 code [0x0000000002df6060, 0x0000000002df6418]
Event: 5.860 Thread 0x000000001c098800  773       3       org.bytedeco.javacpp.helper.opencv_core$IplImageArray::put (9 bytes)
Event: 5.861 Thread 0x000000001c098800 nmethod 773 0x0000000002dff910 code [0x0000000002dffac0, 0x0000000002e00028]
Event: 7.869 Thread 0x000000001c098800  775       3       java.lang.reflect.Modifier::isPublic (12 bytes)
Event: 7.869 Thread 0x000000001c098800 nmethod 775 0x0000000002df5b90 code [0x0000000002df5ce0, 0x0000000002df5e70]

GC Heap History (0 events):
No events

Deoptimization events (4 events):
Event: 0.574 Thread 0x00000000029b3800 Uncommon trap: reason=unstable_if action=reinterpret pc=0x0000000002cd47b8 method=sun.misc.MetaIndex.mayContain(Ljava/lang/String;)Z @ 13
Event: 1.100 Thread 0x00000000029b3800 Uncommon trap: reason=unstable_if action=reinterpret pc=0x0000000002ca6e88 method=java.lang.String.indexOf([CII[CIII)I @ 3
Event: 1.324 Thread 0x00000000029b3800 Uncommon trap: reason=unstable_if action=reinterpret pc=0x0000000002ca8a18 method=java.lang.String.startsWith(Ljava/lang/String;I)Z @ 25
Event: 1.348 Thread 0x00000000029b3800 Uncommon trap: reason=unstable_if action=reinterpret pc=0x0000000002d0fce0 method=sun.misc.MetaIndex.mayContain(Ljava/lang/String;)Z @ 38

Internal exceptions (10 events):
Event: 0.268 Thread 0x00000000029b3800 Exception <a 'java/security/PrivilegedActionException'> (0x000000076b8f7e30) thrown at [C:\re\workspace\8-2-build-windows-amd64-cygwin\jdk8u121\8372\hotspot\src\share\vm\prims\jvm.cpp, line 1390]
Event: 0.268 Thread 0x00000000029b3800 Exception <a 'java/security/PrivilegedActionException'> (0x000000076b8f8d20) thrown at [C:\re\workspace\8-2-build-windows-amd64-cygwin\jdk8u121\8372\hotspot\src\share\vm\prims\jvm.cpp, line 1390]
Event: 0.268 Thread 0x00000000029b3800 Exception <a 'java/security/PrivilegedActionException'> (0x000000076b8f8f30) thrown at [C:\re\workspace\8-2-build-windows-amd64-cygwin\jdk8u121\8372\hotspot\src\share\vm\prims\jvm.cpp, line 1390]
Event: 0.268 Thread 0x00000000029b3800 Exception <a 'java/security/PrivilegedActionException'> (0x000000076b8f9e18) thrown at [C:\re\workspace\8-2-build-windows-amd64-cygwin\jdk8u121\8372\hotspot\src\share\vm\prims\jvm.cpp, line 1390]
Event: 0.268 Thread 0x00000000029b3800 Exception <a 'java/security/PrivilegedActionException'> (0x000000076b8fa028) thrown at [C:\re\workspace\8-2-build-windows-amd64-cygwin\jdk8u121\8372\hotspot\src\share\vm\prims\jvm.cpp, line 1390]
Event: 1.351 Thread 0x00000000029b3800 Exception <a 'java/io/FileNotFoundException'> (0x000000076c2db110) thrown at [C:\re\workspace\8-2-build-windows-amd64-cygwin\jdk8u121\8372\hotspot\src\share\vm\prims\jni.cpp, line 709]
Event: 1.385 Thread 0x00000000029b3800 Exception <a 'java/lang/NoSuchFieldError': method resolution failed> (0x000000076c3a7830) thrown at [C:\re\workspace\8-2-build-windows-amd64-cygwin\jdk8u121\8372\hotspot\src\share\vm\prims\methodHandles.cpp, line 1146]
Event: 1.386 Thread 0x00000000029b3800 Exception <a 'java/lang/NoSuchFieldError': method resolution failed> (0x000000076c3b4b50) thrown at [C:\re\workspace\8-2-build-windows-amd64-cygwin\jdk8u121\8372\hotspot\src\share\vm\prims\methodHandles.cpp, line 1146]
Event: 1.424 Thread 0x00000000029b3800 Exception <a 'java/io/FileNotFoundException'> (0x000000076c43c640) thrown at [C:\re\workspace\8-2-build-windows-amd64-cygwin\jdk8u121\8372\hotspot\src\share\vm\prims\jni.cpp, line 709]
Event: 5.865 Thread 0x00000000029b3800 Exception <a 'java/lang/NullPointerException'> (0x000000076d690540) thrown at [C:\re\workspace\8-2-build-windows-amd64-cygwin\jdk8u121\8372\hotspot\src\share\vm\interpreter\linkResolver.cpp, line 1178]

Events (10 events):
Event: 5.865 loading class java/lang/Throwable$WrappedPrintStream
Event: 5.865 loading class java/lang/Throwable$PrintStreamOrWriter
Event: 5.865 loading class java/lang/Throwable$PrintStreamOrWriter done
Event: 5.865 loading class java/lang/Throwable$WrappedPrintStream done
Event: 5.865 loading class java/util/IdentityHashMap$KeySet
Event: 5.865 loading class java/util/IdentityHashMap$KeySet done
Event: 6.718 Executing VM operation: RevokeBias
Event: 6.718 Executing VM operation: RevokeBias done
Event: 6.719 Thread 0x000000001eabf800 Thread exited: 0x000000001eabf800
Event: 7.869 Thread 0x000000001eabf800 Thread added: 0x000000001eabf800


Dynamic libraries:
0x00007ff671bd0000 - 0x00007ff671c07000 	C:\Program Files\Java\jdk1.8.0_121\bin\javaw.exe
0x00007ffab6050000 - 0x00007ffab6222000 	C:\Windows\SYSTEM32\ntdll.dll
0x00007ffab5120000 - 0x00007ffab51cc000 	C:\Windows\System32\KERNEL32.DLL
0x00007ffab3130000 - 0x00007ffab334d000 	C:\Windows\System32\KERNELBASE.dll
0x00007ffab0b40000 - 0x00007ffab0bba000 	C:\Windows\system32\apphelp.dll
0x00007ffab4e90000 - 0x00007ffab4f32000 	C:\Windows\System32\ADVAPI32.dll
0x00007ffab4db0000 - 0x00007ffab4e4e000 	C:\Windows\System32\msvcrt.dll
0x00007ffab5ac0000 - 0x00007ffab5b19000 	C:\Windows\System32\sechost.dll
0x00007ffab35e0000 - 0x00007ffab3701000 	C:\Windows\System32\RPCRT4.dll
0x00007ffab53a0000 - 0x00007ffab5505000 	C:\Windows\System32\USER32.dll
0x00007ffab2c30000 - 0x00007ffab2c4e000 	C:\Windows\System32\win32u.dll
0x00007ffab4e50000 - 0x00007ffab4e84000 	C:\Windows\System32\GDI32.dll
0x00007ffab33c0000 - 0x00007ffab3540000 	C:\Windows\System32\gdi32full.dll
0x00007ffaa41b0000 - 0x00007ffaa442a000 	C:\Windows\WinSxS\amd64_microsoft.windows.common-controls_6595b64144ccf1df_6.0.14393.953_none_42151e83c686086b\COMCTL32.dll
0x00007ffab5c80000 - 0x00007ffab5f48000 	C:\Windows\System32\combase.dll
0x00007ffab2ed0000 - 0x00007ffab2fc5000 	C:\Windows\System32\ucrtbase.dll
0x00007ffab3350000 - 0x00007ffab33ba000 	C:\Windows\System32\bcryptPrimitives.dll
0x00007ffab51d0000 - 0x00007ffab51fe000 	C:\Windows\System32\IMM32.DLL
0x00000000753d0000 - 0x00000000754a2000 	C:\Program Files\Java\jdk1.8.0_121\jre\bin\msvcr100.dll
0x0000000075580000 - 0x0000000075e1b000 	C:\Program Files\Java\jdk1.8.0_121\jre\bin\server\jvm.dll
0x00007ffab4fc0000 - 0x00007ffab4fc8000 	C:\Windows\System32\PSAPI.DLL
0x00007ffa9d210000 - 0x00007ffa9d219000 	C:\Windows\SYSTEM32\WSOCK32.dll
0x00007ffaa91f0000 - 0x00007ffaa91fa000 	C:\Windows\SYSTEM32\VERSION.dll
0x00007ffab09f0000 - 0x00007ffab0a13000 	C:\Windows\SYSTEM32\WINMM.dll
0x00007ffab4f50000 - 0x00007ffab4fba000 	C:\Windows\System32\WS2_32.dll
0x00007ffab09c0000 - 0x00007ffab09eb000 	C:\Windows\SYSTEM32\WINMMBASE.dll
0x00007ffab2cb0000 - 0x00007ffab2cf2000 	C:\Windows\System32\cfgmgr32.dll
0x0000000075570000 - 0x000000007557f000 	C:\Program Files\Java\jdk1.8.0_121\jre\bin\verify.dll
0x0000000075540000 - 0x0000000075569000 	C:\Program Files\Java\jdk1.8.0_121\jre\bin\java.dll
0x0000000075520000 - 0x0000000075536000 	C:\Program Files\Java\jdk1.8.0_121\jre\bin\zip.dll
0x00007ffab3810000 - 0x00007ffab4d18000 	C:\Windows\System32\SHELL32.dll
0x00007ffab2550000 - 0x00007ffab2c28000 	C:\Windows\System32\windows.storage.dll
0x00007ffab2500000 - 0x00007ffab254c000 	C:\Windows\System32\powrprof.dll
0x00007ffab5f50000 - 0x00007ffab5fa2000 	C:\Windows\System32\shlwapi.dll
0x00007ffab24d0000 - 0x00007ffab24df000 	C:\Windows\System32\kernel.appcore.dll
0x00007ffab3080000 - 0x00007ffab3129000 	C:\Windows\System32\shcore.dll
0x00007ffab24e0000 - 0x00007ffab24f4000 	C:\Windows\System32\profapi.dll
0x00007ffa933e0000 - 0x00007ffa934cf000 	C:\Users\Lie\.javacpp\cache\opencv-windows-x86_64.jar\org\bytedeco\javacpp\windows-x86_64\msvcr120.dll
0x00007ffa93330000 - 0x00007ffa933d6000 	C:\Users\Lie\.javacpp\cache\opencv-windows-x86_64.jar\org\bytedeco\javacpp\windows-x86_64\msvcp120.dll
0x00007ffa8d2e0000 - 0x00007ffa8d568000 	C:\Users\Lie\.javacpp\cache\opencv-windows-x86_64.jar\org\bytedeco\javacpp\windows-x86_64\opencv_core320.dll
0x00007ffa8cd20000 - 0x00007ffa8d082000 	C:\Users\Lie\.javacpp\cache\opencv-windows-x86_64.jar\org\bytedeco\javacpp\windows-x86_64\opencv_imgproc320.dll
0x00007ffa84bd0000 - 0x00007ffa84e1a000 	C:\Users\Lie\.javacpp\cache\opencv-windows-x86_64.jar\org\bytedeco\javacpp\windows-x86_64\jniopencv_core.dll
0x0000000075500000 - 0x000000007551a000 	C:\Program Files\Java\jdk1.8.0_121\jre\bin\net.dll
0x00007ffab1d90000 - 0x00007ffab1dec000 	C:\Windows\system32\mswsock.dll
0x00000000754e0000 - 0x00000000754f1000 	C:\Program Files\Java\jdk1.8.0_121\jre\bin\nio.dll
0x00007ffa8c900000 - 0x00007ffa8c9f0000 	C:\Users\Lie\.javacpp\cache\opencv-windows-x86_64.jar\org\bytedeco\javacpp\windows-x86_64\jniopencv_imgproc.dll
0x00007ffa80970000 - 0x00007ffa80c3a000 	C:\Users\Lie\.javacpp\cache\opencv-windows-x86_64.jar\org\bytedeco\javacpp\windows-x86_64\opencv_imgcodecs320.dll
0x00007ffaa3340000 - 0x00007ffaa3365000 	C:\Users\Lie\.javacpp\cache\opencv-windows-x86_64.jar\org\bytedeco\javacpp\windows-x86_64\jniopencv_imgcodecs.dll
0x00007ffab1f30000 - 0x00007ffab1f47000 	C:\Windows\SYSTEM32\CRYPTSP.dll
0x00007ffab1990000 - 0x00007ffab19c3000 	C:\Windows\system32\rsaenh.dll
0x00007ffab2400000 - 0x00007ffab242b000 	C:\Windows\SYSTEM32\bcrypt.dll
0x00007ffab1c10000 - 0x00007ffab1c2f000 	C:\Windows\SYSTEM32\USERENV.dll
0x00007ffab1f50000 - 0x00007ffab1f5b000 	C:\Windows\SYSTEM32\CRYPTBASE.dll
0x00007ffab1b10000 - 0x00007ffab1b48000 	C:\Windows\SYSTEM32\IPHLPAPI.DLL
0x00007ffab4f40000 - 0x00007ffab4f48000 	C:\Windows\System32\NSI.dll
0x00007ffaa8da0000 - 0x00007ffaa8db6000 	C:\Windows\SYSTEM32\dhcpcsvc6.DLL
0x00007ffaa8d80000 - 0x00007ffaa8d9a000 	C:\Windows\SYSTEM32\dhcpcsvc.DLL
0x0000000180000000 - 0x0000000180037000 	C:\Users\Lie\AppData\Local\Temp\jna6505749474117307652.dll
0x0000000075230000 - 0x00000000753c8000 	C:\Program Files\Java\jdk1.8.0_121\jre\bin\awt.dll
0x00007ffab5510000 - 0x00007ffab55cf000 	C:\Windows\System32\OLEAUT32.dll
0x00007ffab3540000 - 0x00007ffab35dc000 	C:\Windows\System32\msvcp_win.dll
0x00007ffab0200000 - 0x00007ffab0226000 	C:\Windows\system32\DWMAPI.DLL
0x00007ffab0d20000 - 0x00007ffab0db5000 	C:\Windows\system32\uxtheme.dll
0x00007ffa9abd0000 - 0x00007ffa9acf3000 	C:\Windows\system32\opengl32.dll
0x00007ffa9a400000 - 0x00007ffa9a4f7000 	C:\Windows\SYSTEM32\DDRAW.dll
0x00007ffa9d230000 - 0x00007ffa9d25d000 	C:\Windows\SYSTEM32\GLU32.dll
0x00007ffaa9b30000 - 0x00007ffaa9b38000 	C:\Windows\SYSTEM32\DCIMAN32.dll
0x00007ffab5b20000 - 0x00007ffab5c7a000 	C:\Windows\System32\MSCTF.dll
0x00007ffab4fd0000 - 0x00007ffab5108000 	C:\Windows\System32\ole32.dll
0x00007ffaa9e50000 - 0x00007ffaa9fe2000 	C:\Windows\SYSTEM32\dbghelp.dll

VM Arguments:
jvm_args: -Dfile.encoding=GBK -Xbootclasspath/a:D:\JavaLib\javacv-bin\artoolkitplus.jar;D:\JavaLib\javacv-bin\artoolkitplus-android-arm.jar;D:\JavaLib\javacv-bin\artoolkitplus-android-x86.jar;D:\JavaLib\javacv-bin\artoolkitplus-linux-armhf.jar;D:\JavaLib\javacv-bin\artoolkitplus-linux-ppc64le.jar;D:\JavaLib\javacv-bin\artoolkitplus-linux-x86.jar;D:\JavaLib\javacv-bin\artoolkitplus-linux-x86_64.jar;D:\JavaLib\javacv-bin\artoolkitplus-macosx-x86_64.jar;D:\JavaLib\javacv-bin\artoolkitplus-platform.jar;D:\JavaLib\javacv-bin\artoolkitplus-windows-x86.jar;D:\JavaLib\javacv-bin\artoolkitplus-windows-x86_64.jar;D:\JavaLib\javacv-bin\ffmpeg.jar;D:\JavaLib\javacv-bin\ffmpeg-android-arm.jar;D:\JavaLib\javacv-bin\ffmpeg-android-x86.jar;D:\JavaLib\javacv-bin\ffmpeg-linux-armhf.jar;D:\JavaLib\javacv-bin\ffmpeg-linux-ppc64le.jar;D:\JavaLib\javacv-bin\ffmpeg-linux-x86.jar;D:\JavaLib\javacv-bin\ffmpeg-linux-x86_64.jar;D:\JavaLib\javacv-bin\ffmpeg-macosx-x86_64.jar;D:\JavaLib\javacv-bin\ffmpeg-platform.jar;D:\JavaLib\javacv-bin\ffmpeg-windows-x86.jar;D:\JavaLib\javacv-bin\ffmpeg-windows-x86_64.jar;D:\JavaLib\javacv-bin\flandmark.jar;D:\JavaLib\javacv-bin\flandmark-android-arm.jar;D:\JavaLib\javacv-bin\flandmark-android-x86.jar;D:\JavaLib\javacv-bin\flandmark-linux-armhf.jar;D:\JavaLib\javacv-bin\flandmark-linux-ppc64le.jar;D:\JavaLib\javacv-bin\flandmark-linux-x86.jar;D:\JavaLib\javacv-bin\flandmark-linux-x86_64.jar;D:\JavaLib\javacv-bin\flandmark-macosx-x86_64.jar;D:\JavaLib\javacv-bin\flandmark-platform.jar;D:\JavaLib\javacv-bin\flandmark-windows-x86.jar;D:\JavaLib\javacv-bin\flandmark-windows-x86_64.jar;D:\JavaLib\javacv-bin\flycapture.jar;D:\JavaLib\javacv-bin\flycapture-linux-armhf.jar;D:\JavaLib\javacv-bin\flycapture-linux-x86.jar;D:\JavaLib\javacv-bin\flycapture-linux-x86_64.jar;D:\JavaLib\javacv-bin\flycapture-platform.jar;D:\JavaLib\javacv-bin\flycapture-windows-x86.jar;D:\JavaLib\javacv-bin\flycapture-windows-x86_64.jar;D:\JavaLib\javacv-bin\javacpp.jar;D:\JavaLib\javacv-bin\javacv.jar;D:\JavaLib\javac
java_command: genius.fun.main.GeniusMain
java_class_path (initial): D:\Geniu-s\Game-geniu-s\bin;D:\Geniu-s\Game-geniu-s\lib\jna-3.3.0.jar
Launcher Type: SUN_STANDARD

Environment Variables:
PATH=C:/Program Files/Java/jdk1.8.0_121/bin/../jre/bin/server;C:/Program Files/Java/jdk1.8.0_121/bin/../jre/bin;C:/Program Files/Java/jdk1.8.0_121/bin/../jre/lib/amd64;C:\Windows\system32;C:\Windows;C:\Windows\System32\Wbem;C:\Windows\System32\WindowsPowerShell\v1.0\;C:\Program Files (x86)\NVIDIA Corporation\PhysX\Common;C:\Program Files\Java\jdk1.8.0_121\bin;C:\Program Files\Java\jdk1.8.0_121\lib;C:\Go\bin;C:\Program Files\Git\cmd;C:\Users\Lie\AppData\Local\Microsoft\WindowsApps;C:\Users\Lie\AppData\Local\GitHubDesktop\bin;D:\eclipse;
USERNAME=Lie
OS=Windows_NT
PROCESSOR_IDENTIFIER=Intel64 Family 6 Model 158 Stepping 9, GenuineIntel



---------------  S Y S T E M  ---------------

OS: Windows 10.0 , 64 bit Build 14393 (10.0.14393.1198)

CPU:total 4 (4 cores per cpu, 1 threads per core) family 6 model 158 stepping 9, cmov, cx8, fxsr, mmx, sse, sse2, sse3, ssse3, sse4.1, sse4.2, popcnt, avx, avx2, aes, clmul, erms, 3dnowpref, lzcnt, tsc, tscinvbit, bmi1, bmi2, adx

Memory: 4k page, physical 16642280k(7288272k free), swap 17690856k(7208432k free)

vm_info: Java HotSpot(TM) 64-Bit Server VM (25.121-b13) for windows-amd64 JRE (1.8.0_121-b13), built on Dec 12 2016 18:21:36 by "java_re" with MS VC++ 10.0 (VS2010)

time: Thu Nov 23 21:59:24 2017
elapsed time: 8 seconds (0d 0h 0m 8s)

